
*** Running vivado
    with args -log design_1_wrapper.vds -m64 -product Vivado -mode batch -messageDb vivado.pb -notrace -source design_1_wrapper.tcl


****** Vivado v2017.4 (64-bit)
  **** SW Build 2086221 on Fri Dec 15 20:55:39 MST 2017
  **** IP Build 2085800 on Fri Dec 15 22:25:07 MST 2017
    ** Copyright 1986-2017 Xilinx, Inc. All Rights Reserved.

source design_1_wrapper.tcl -notrace
INFO: [IP_Flow 19-234] Refreshing IP repositories
INFO: [IP_Flow 19-1704] No user IP repositories specified
INFO: [IP_Flow 19-2313] Loaded Vivado IP repository 'D:/Xilinx/Vivado/2017.4/data/ip'.
add_files: Time (s): cpu = 00:00:01 ; elapsed = 00:00:11 . Memory (MB): peak = 248.016 ; gain = 15.070
Command: synth_design -top design_1_wrapper -part xc7a100tcsg324-1
Starting synth_design
Attempting to get a license for feature 'Synthesis' and/or device 'xc7a100t'
INFO: [Common 17-349] Got license for feature 'Synthesis' and/or device 'xc7a100t'
INFO: Launching helper process for spawning children vivado processes
INFO: Helper process launched with PID 5740 
---------------------------------------------------------------------------------
Starting RTL Elaboration : Time (s): cpu = 00:00:07 ; elapsed = 00:00:07 . Memory (MB): peak = 358.422 ; gain = 98.934
---------------------------------------------------------------------------------
INFO: [Synth 8-638] synthesizing module 'design_1_wrapper' [C:/Users/vhall/Desktop/new_board/new_board.srcs/sources_1/bd/design_1/hdl/design_1_wrapper.v:12]
INFO: [Synth 8-638] synthesizing module 'design_1' [C:/Users/vhall/Desktop/new_board/new_board.srcs/sources_1/bd/design_1/synth/design_1.v:13]
INFO: [Synth 8-638] synthesizing module 'design_1_cam_reg_config_0_0' [C:/Users/vhall/Desktop/new_board/new_board.runs/synth_1/.Xil/Vivado-2232-DESKTOP-VPQ35UP/realtime/design_1_cam_reg_config_0_0_stub.v:6]
INFO: [Synth 8-256] done synthesizing module 'design_1_cam_reg_config_0_0' (1#1) [C:/Users/vhall/Desktop/new_board/new_board.runs/synth_1/.Xil/Vivado-2232-DESKTOP-VPQ35UP/realtime/design_1_cam_reg_config_0_0_stub.v:6]
INFO: [Synth 8-638] synthesizing module 'design_1_camera_reg_0_0' [C:/Users/vhall/Desktop/new_board/new_board.runs/synth_1/.Xil/Vivado-2232-DESKTOP-VPQ35UP/realtime/design_1_camera_reg_0_0_stub.v:6]
INFO: [Synth 8-256] done synthesizing module 'design_1_camera_reg_0_0' (2#1) [C:/Users/vhall/Desktop/new_board/new_board.runs/synth_1/.Xil/Vivado-2232-DESKTOP-VPQ35UP/realtime/design_1_camera_reg_0_0_stub.v:6]
INFO: [Synth 8-638] synthesizing module 'design_1_clk_wiz_0_0' [C:/Users/vhall/Desktop/new_board/new_board.runs/synth_1/.Xil/Vivado-2232-DESKTOP-VPQ35UP/realtime/design_1_clk_wiz_0_0_stub.v:5]
INFO: [Synth 8-256] done synthesizing module 'design_1_clk_wiz_0_0' (3#1) [C:/Users/vhall/Desktop/new_board/new_board.runs/synth_1/.Xil/Vivado-2232-DESKTOP-VPQ35UP/realtime/design_1_clk_wiz_0_0_stub.v:5]
INFO: [Synth 8-638] synthesizing module 'design_1_sccb_interface_0_0' [C:/Users/vhall/Desktop/new_board/new_board.runs/synth_1/.Xil/Vivado-2232-DESKTOP-VPQ35UP/realtime/design_1_sccb_interface_0_0_stub.v:6]
INFO: [Synth 8-256] done synthesizing module 'design_1_sccb_interface_0_0' (4#1) [C:/Users/vhall/Desktop/new_board/new_board.runs/synth_1/.Xil/Vivado-2232-DESKTOP-VPQ35UP/realtime/design_1_sccb_interface_0_0_stub.v:6]
INFO: [Synth 8-256] done synthesizing module 'design_1' (5#1) [C:/Users/vhall/Desktop/new_board/new_board.srcs/sources_1/bd/design_1/synth/design_1.v:13]
INFO: [Synth 8-256] done synthesizing module 'design_1_wrapper' (6#1) [C:/Users/vhall/Desktop/new_board/new_board.srcs/sources_1/bd/design_1/hdl/design_1_wrapper.v:12]
---------------------------------------------------------------------------------
Finished RTL Elaboration : Time (s): cpu = 00:00:08 ; elapsed = 00:00:08 . Memory (MB): peak = 410.219 ; gain = 150.730
---------------------------------------------------------------------------------

Report Check Netlist: 
+------+------------------+-------+---------+-------+------------------+
|      |Item              |Errors |Warnings |Status |Description       |
+------+------------------+-------+---------+-------+------------------+
|1     |multi_driven_nets |      0|        0|Passed |Multi driven nets |
+------+------------------+-------+---------+-------+------------------+
---------------------------------------------------------------------------------
Finished RTL Optimization Phase 1 : Time (s): cpu = 00:00:08 ; elapsed = 00:00:09 . Memory (MB): peak = 410.219 ; gain = 150.730
---------------------------------------------------------------------------------
INFO: [Device 21-403] Loading part xc7a100tcsg324-1
INFO: [Project 1-570] Preparing netlist for logic optimization

Processing XDC Constraints
Initializing timing engine
Parsing XDC File [C:/Users/vhall/Desktop/new_board/new_board.runs/synth_1/.Xil/Vivado-2232-DESKTOP-VPQ35UP/dcp4/design_1_cam_reg_config_0_0_in_context.xdc] for cell 'design_1_i/cam_reg_config_0'
Finished Parsing XDC File [C:/Users/vhall/Desktop/new_board/new_board.runs/synth_1/.Xil/Vivado-2232-DESKTOP-VPQ35UP/dcp4/design_1_cam_reg_config_0_0_in_context.xdc] for cell 'design_1_i/cam_reg_config_0'
Parsing XDC File [C:/Users/vhall/Desktop/new_board/new_board.runs/synth_1/.Xil/Vivado-2232-DESKTOP-VPQ35UP/dcp5/design_1_camera_reg_0_0_in_context.xdc] for cell 'design_1_i/camera_reg_0'
Finished Parsing XDC File [C:/Users/vhall/Desktop/new_board/new_board.runs/synth_1/.Xil/Vivado-2232-DESKTOP-VPQ35UP/dcp5/design_1_camera_reg_0_0_in_context.xdc] for cell 'design_1_i/camera_reg_0'
Parsing XDC File [C:/Users/vhall/Desktop/new_board/new_board.runs/synth_1/.Xil/Vivado-2232-DESKTOP-VPQ35UP/dcp6/design_1_sccb_interface_0_0_in_context.xdc] for cell 'design_1_i/sccb_interface_0'
Finished Parsing XDC File [C:/Users/vhall/Desktop/new_board/new_board.runs/synth_1/.Xil/Vivado-2232-DESKTOP-VPQ35UP/dcp6/design_1_sccb_interface_0_0_in_context.xdc] for cell 'design_1_i/sccb_interface_0'
Parsing XDC File [C:/Users/vhall/Desktop/new_board/new_board.runs/synth_1/.Xil/Vivado-2232-DESKTOP-VPQ35UP/dcp7/design_1_clk_wiz_0_0_in_context.xdc] for cell 'design_1_i/clk_wiz_0'
Finished Parsing XDC File [C:/Users/vhall/Desktop/new_board/new_board.runs/synth_1/.Xil/Vivado-2232-DESKTOP-VPQ35UP/dcp7/design_1_clk_wiz_0_0_in_context.xdc] for cell 'design_1_i/clk_wiz_0'
Parsing XDC File [C:/Users/vhall/Desktop/new_board/new_board.srcs/constrs_3/new/artix7_constr.xdc]
Finished Parsing XDC File [C:/Users/vhall/Desktop/new_board/new_board.srcs/constrs_3/new/artix7_constr.xdc]
INFO: [Project 1-236] Implementation specific constraints were found while reading constraint file [C:/Users/vhall/Desktop/new_board/new_board.srcs/constrs_3/new/artix7_constr.xdc]. These constraints will be ignored for synthesis but will be used in implementation. Impacted constraints are listed in the file [.Xil/design_1_wrapper_propImpl.xdc].
Resolution: To avoid this warning, move constraints listed in [.Xil/design_1_wrapper_propImpl.xdc] to another XDC file and exclude this new file from synthesis with the used_in_synthesis property (File Properties dialog in GUI) and re-run elaboration/synthesis.
Parsing XDC File [C:/Users/vhall/Desktop/new_board/new_board.runs/synth_1/dont_touch.xdc]
Finished Parsing XDC File [C:/Users/vhall/Desktop/new_board/new_board.runs/synth_1/dont_touch.xdc]
Completed Processing XDC Constraints

INFO: [Project 1-111] Unisim Transformation Summary:
No Unisim elements were transformed.

Constraint Validation Runtime : Time (s): cpu = 00:00:00 ; elapsed = 00:00:00.005 . Memory (MB): peak = 696.016 ; gain = 0.000
---------------------------------------------------------------------------------
Finished Constraint Validation : Time (s): cpu = 00:00:22 ; elapsed = 00:00:25 . Memory (MB): peak = 696.016 ; gain = 436.527
---------------------------------------------------------------------------------
---------------------------------------------------------------------------------
Start Loading Part and Timing Information
---------------------------------------------------------------------------------
Loading part: xc7a100tcsg324-1
---------------------------------------------------------------------------------
Finished Loading Part and Timing Information : Time (s): cpu = 00:00:22 ; elapsed = 00:00:25 . Memory (MB): peak = 696.016 ; gain = 436.527
---------------------------------------------------------------------------------
---------------------------------------------------------------------------------
Start Applying 'set_property' XDC Constraints
---------------------------------------------------------------------------------
Applied set_property IO_BUFFER_TYPE = NONE for sys_clock. (constraint file  C:/Users/vhall/Desktop/new_board/new_board.runs/synth_1/.Xil/Vivado-2232-DESKTOP-VPQ35UP/dcp7/design_1_clk_wiz_0_0_in_context.xdc, line 3).
Applied set_property CLOCK_BUFFER_TYPE = NONE for sys_clock. (constraint file  C:/Users/vhall/Desktop/new_board/new_board.runs/synth_1/.Xil/Vivado-2232-DESKTOP-VPQ35UP/dcp7/design_1_clk_wiz_0_0_in_context.xdc, line 4).
Applied set_property DONT_TOUCH = true for design_1_i. (constraint file  auto generated constraint, line ).
Applied set_property DONT_TOUCH = true for design_1_i/cam_reg_config_0. (constraint file  auto generated constraint, line ).
Applied set_property DONT_TOUCH = true for design_1_i/camera_reg_0. (constraint file  auto generated constraint, line ).
Applied set_property DONT_TOUCH = true for design_1_i/clk_wiz_0. (constraint file  auto generated constraint, line ).
Applied set_property DONT_TOUCH = true for design_1_i/sccb_interface_0. (constraint file  auto generated constraint, line ).
---------------------------------------------------------------------------------
Finished applying 'set_property' XDC Constraints : Time (s): cpu = 00:00:23 ; elapsed = 00:00:25 . Memory (MB): peak = 696.016 ; gain = 436.527
---------------------------------------------------------------------------------
---------------------------------------------------------------------------------
Finished RTL Optimization Phase 2 : Time (s): cpu = 00:00:23 ; elapsed = 00:00:25 . Memory (MB): peak = 696.016 ; gain = 436.527
---------------------------------------------------------------------------------

Report RTL Partitions: 
+-+--------------+------------+----------+
| |RTL Partition |Replication |Instances |
+-+--------------+------------+----------+
+-+--------------+------------+----------+
---------------------------------------------------------------------------------
Start RTL Component Statistics 
---------------------------------------------------------------------------------
Detailed RTL Component Info : 
---------------------------------------------------------------------------------
Finished RTL Component Statistics 
---------------------------------------------------------------------------------
---------------------------------------------------------------------------------
Start RTL Hierarchical Component Statistics 
---------------------------------------------------------------------------------
Hierarchical RTL Component report 
---------------------------------------------------------------------------------
Finished RTL Hierarchical Component Statistics
---------------------------------------------------------------------------------
---------------------------------------------------------------------------------
Start Part Resource Summary
---------------------------------------------------------------------------------
Part Resources:
DSPs: 240 (col length:80)
BRAMs: 270 (col length: RAMB18 80 RAMB36 40)
---------------------------------------------------------------------------------
Finished Part Resource Summary
---------------------------------------------------------------------------------
---------------------------------------------------------------------------------
Start Cross Boundary and Area Optimization
---------------------------------------------------------------------------------
---------------------------------------------------------------------------------
Finished Cross Boundary and Area Optimization : Time (s): cpu = 00:00:23 ; elapsed = 00:00:25 . Memory (MB): peak = 696.016 ; gain = 436.527
---------------------------------------------------------------------------------

Report RTL Partitions: 
+-+--------------+------------+----------+
| |RTL Partition |Replication |Instances |
+-+--------------+------------+----------+
+-+--------------+------------+----------+
---------------------------------------------------------------------------------
Start Applying XDC Timing Constraints
---------------------------------------------------------------------------------
INFO: [Synth 8-5578] Moved timing constraint from pin 'design_1_i/clk_wiz_0/clk_out1' to pin 'design_1_i/clk_wiz_0/bbstub_clk_out1/O'
INFO: [Synth 8-5819] Moved 1 constraints on hierarchical pins to their respective driving/loading pins
---------------------------------------------------------------------------------
Finished Applying XDC Timing Constraints : Time (s): cpu = 00:00:36 ; elapsed = 00:00:38 . Memory (MB): peak = 738.281 ; gain = 478.793
---------------------------------------------------------------------------------
---------------------------------------------------------------------------------
Start Timing Optimization
---------------------------------------------------------------------------------
---------------------------------------------------------------------------------
Finished Timing Optimization : Time (s): cpu = 00:00:36 ; elapsed = 00:00:38 . Memory (MB): peak = 738.281 ; gain = 478.793
---------------------------------------------------------------------------------

Report RTL Partitions: 
+-+--------------+------------+----------+
| |RTL Partition |Replication |Instances |
+-+--------------+------------+----------+
+-+--------------+------------+----------+
---------------------------------------------------------------------------------
Start Technology Mapping
---------------------------------------------------------------------------------
---------------------------------------------------------------------------------
Finished Technology Mapping : Time (s): cpu = 00:00:36 ; elapsed = 00:00:38 . Memory (MB): peak = 747.809 ; gain = 488.320
---------------------------------------------------------------------------------

Report RTL Partitions: 
+-+--------------+------------+----------+
| |RTL Partition |Replication |Instances |
+-+--------------+------------+----------+
+-+--------------+------------+----------+
---------------------------------------------------------------------------------
Start IO Insertion
---------------------------------------------------------------------------------
---------------------------------------------------------------------------------
Start Flattening Before IO Insertion
---------------------------------------------------------------------------------
---------------------------------------------------------------------------------
Finished Flattening Before IO Insertion
---------------------------------------------------------------------------------
---------------------------------------------------------------------------------
Start Final Netlist Cleanup
---------------------------------------------------------------------------------
---------------------------------------------------------------------------------
Finished Final Netlist Cleanup
---------------------------------------------------------------------------------
---------------------------------------------------------------------------------
Finished IO Insertion : Time (s): cpu = 00:00:37 ; elapsed = 00:00:40 . Memory (MB): peak = 747.809 ; gain = 488.320
---------------------------------------------------------------------------------

Report Check Netlist: 
+------+------------------+-------+---------+-------+------------------+
|      |Item              |Errors |Warnings |Status |Description       |
+------+------------------+-------+---------+-------+------------------+
|1     |multi_driven_nets |      0|        0|Passed |Multi driven nets |
+------+------------------+-------+---------+-------+------------------+
---------------------------------------------------------------------------------
Start Renaming Generated Instances
---------------------------------------------------------------------------------
---------------------------------------------------------------------------------
Finished Renaming Generated Instances : Time (s): cpu = 00:00:37 ; elapsed = 00:00:40 . Memory (MB): peak = 747.809 ; gain = 488.320
---------------------------------------------------------------------------------

Report RTL Partitions: 
+-+--------------+------------+----------+
| |RTL Partition |Replication |Instances |
+-+--------------+------------+----------+
+-+--------------+------------+----------+
---------------------------------------------------------------------------------
Start Rebuilding User Hierarchy
---------------------------------------------------------------------------------
---------------------------------------------------------------------------------
Finished Rebuilding User Hierarchy : Time (s): cpu = 00:00:37 ; elapsed = 00:00:40 . Memory (MB): peak = 747.809 ; gain = 488.320
---------------------------------------------------------------------------------
---------------------------------------------------------------------------------
Start Renaming Generated Ports
---------------------------------------------------------------------------------
---------------------------------------------------------------------------------
Finished Renaming Generated Ports : Time (s): cpu = 00:00:37 ; elapsed = 00:00:40 . Memory (MB): peak = 747.809 ; gain = 488.320
---------------------------------------------------------------------------------
---------------------------------------------------------------------------------
Start Handling Custom Attributes
---------------------------------------------------------------------------------
---------------------------------------------------------------------------------
Finished Handling Custom Attributes : Time (s): cpu = 00:00:37 ; elapsed = 00:00:40 . Memory (MB): peak = 747.809 ; gain = 488.320
---------------------------------------------------------------------------------
---------------------------------------------------------------------------------
Start Renaming Generated Nets
---------------------------------------------------------------------------------
---------------------------------------------------------------------------------
Finished Renaming Generated Nets : Time (s): cpu = 00:00:37 ; elapsed = 00:00:40 . Memory (MB): peak = 747.809 ; gain = 488.320
---------------------------------------------------------------------------------
---------------------------------------------------------------------------------
Start Writing Synthesis Report
---------------------------------------------------------------------------------

Report BlackBoxes: 
+------+----------------------------+----------+
|      |BlackBox name               |Instances |
+------+----------------------------+----------+
|1     |design_1_cam_reg_config_0_0 |         1|
|2     |design_1_camera_reg_0_0     |         1|
|3     |design_1_clk_wiz_0_0        |         1|
|4     |design_1_sccb_interface_0_0 |         1|
+------+----------------------------+----------+

Report Cell Usage: 
+------+----------------------------+------+
|      |Cell                        |Count |
+------+----------------------------+------+
|1     |design_1_cam_reg_config_0_0 |     1|
|2     |design_1_camera_reg_0_0     |     1|
|3     |design_1_clk_wiz_0_0        |     1|
|4     |design_1_sccb_interface_0_0 |     1|
|5     |IBUF                        |     2|
|6     |OBUF                        |     1|
+------+----------------------------+------+

Report Instance Areas: 
+------+-------------+---------+------+
|      |Instance     |Module   |Cells |
+------+-------------+---------+------+
|1     |top          |         |    49|
|2     |  design_1_i |design_1 |    46|
+------+-------------+---------+------+
---------------------------------------------------------------------------------
Finished Writing Synthesis Report : Time (s): cpu = 00:00:37 ; elapsed = 00:00:40 . Memory (MB): peak = 747.809 ; gain = 488.320
---------------------------------------------------------------------------------
Synthesis finished with 0 errors, 0 critical warnings and 0 warnings.
Synthesis Optimization Runtime : Time (s): cpu = 00:00:21 ; elapsed = 00:00:31 . Memory (MB): peak = 747.809 ; gain = 202.523
Synthesis Optimization Complete : Time (s): cpu = 00:00:37 ; elapsed = 00:00:40 . Memory (MB): peak = 747.809 ; gain = 488.320
INFO: [Project 1-571] Translating synthesized netlist
INFO: [Netlist 29-17] Analyzing 2 Unisim elements for replacement
INFO: [Netlist 29-28] Unisim Transformation completed in 0 CPU seconds
INFO: [Project 1-570] Preparing netlist for logic optimization
INFO: [Opt 31-138] Pushed 0 inverter(s) to 0 load pin(s).
INFO: [Project 1-111] Unisim Transformation Summary:
No Unisim elements were transformed.

INFO: [Common 17-83] Releasing license: Synthesis
29 Infos, 0 Warnings, 0 Critical Warnings and 0 Errors encountered.
synth_design completed successfully
synth_design: Time (s): cpu = 00:00:39 ; elapsed = 00:00:49 . Memory (MB): peak = 759.383 ; gain = 511.367
INFO: [Common 17-1381] The checkpoint 'C:/Users/vhall/Desktop/new_board/new_board.runs/synth_1/design_1_wrapper.dcp' has been generated.
INFO: [runtcl-4] Executing : report_utilization -file design_1_wrapper_utilization_synth.rpt -pb design_1_wrapper_utilization_synth.pb
report_utilization: Time (s): cpu = 00:00:00 ; elapsed = 00:00:00.050 . Memory (MB): peak = 759.730 ; gain = 0.000
INFO: [Common 17-206] Exiting Vivado at Fri Feb  9 03:50:56 2018...
