#-----------------------------------------------------------
# Webtalk v2017.4 (64-bit)
# SW Build 2086221 on Fri Dec 15 20:55:39 MST 2017
# 
# Start of session at: Thu Feb  8 17:29:16 2018
# Process ID: 16532
# Current directory: C:/Users/vhall/Desktop/debug_prog/debug_prog.sdk/webtalk
# Command line: wbtcv.exe -mode batch -source sdk_webtalk.tcl
# Log file: C:/Users/vhall/Desktop/debug_prog/debug_prog.sdk/webtalk/webtalk.log
# Journal file: C:/Users/vhall/Desktop/debug_prog/debug_prog.sdk/webtalk\webtalk.jou
#-----------------------------------------------------------
source sdk_webtalk.tcl
# webtalk_init -webtalk_dir C:\\Users\\vhall\\Desktop\\debug_prog\\debug_prog.sdk\\webtalk
# webtalk_register_client -client project
# webtalk_add_data -client project -key date_generated -value "2018-02-08 17:29:12" -context "software_version_and_target_device"
# webtalk_add_data -client project -key product_version -value "SDK v2017.4" -context "software_version_and_target_device"
# webtalk_add_data -client project -key build_version -value "2017.4" -context "software_version_and_target_device"
# webtalk_add_data -client project -key os_platform -value "amd64" -context "software_version_and_target_device"
# webtalk_add_data -client project -key registration_id -value "211191951_0_0_756" -context "software_version_and_target_device"
# webtalk_add_data -client project -key tool_flow -value "SDK" -context "software_version_and_target_device"
# webtalk_add_data -client project -key beta -value "false" -context "software_version_and_target_device"
# webtalk_add_data -client project -key route_design -value "NA" -context "software_version_and_target_device"
# webtalk_add_data -client project -key target_family -value "NA" -context "software_version_and_target_device"
# webtalk_add_data -client project -key target_device -value "NA" -context "software_version_and_target_device"
# webtalk_add_data -client project -key target_package -value "NA" -context "software_version_and_target_device"
# webtalk_add_data -client project -key target_speed -value "NA" -context "software_version_and_target_device"
# webtalk_add_data -client project -key random_id -value "mfrlvvg1nf46oi86geus5etg2c" -context "software_version_and_target_device"
# webtalk_add_data -client project -key project_id -value "2017.4_2" -context "software_version_and_target_device"
# webtalk_add_data -client project -key project_iteration -value "2" -context "software_version_and_target_device"
# webtalk_add_data -client project -key os_name -value "Microsoft Windows 8 or later , 64-bit" -context "user_environment"
# webtalk_add_data -client project -key os_release -value "major release  (build 9200)" -context "user_environment"
# webtalk_add_data -client project -key cpu_name -value "Intel(R) Core(TM) i5-6300U CPU @ 2.40GHz" -context "user_environment"
# webtalk_add_data -client project -key cpu_speed -value "2496 MHz" -context "user_environment"
# webtalk_add_data -client project -key total_processors -value "1" -context "user_environment"
# webtalk_add_data -client project -key system_ram -value "17.101 GB" -context "user_environment"
# webtalk_register_client -client sdk
# webtalk_add_data -client sdk -key uid -value "1518138356741" -context "sdk\\\\bsp/1518138356741"
# webtalk_add_data -client sdk -key hwid -value "1517977142292" -context "sdk\\\\bsp/1518138356741"
# webtalk_add_data -client sdk -key os -value "standalone" -context "sdk\\\\bsp/1518138356741"
# webtalk_add_data -client sdk -key apptemplate -value "empty_application" -context "sdk\\\\bsp/1518138356741"
# webtalk_add_data -client sdk -key RecordType -value "BSPCreation" -context "sdk\\\\bsp/1518138356741"
# webtalk_add_data -client sdk -key uid -value "1518138361293" -context "sdk\\\\application/1518138361293"
# webtalk_add_data -client sdk -key hwid -value "1517977142292" -context "sdk\\\\application/1518138361293"
# webtalk_add_data -client sdk -key bspid -value "1518138356741" -context "sdk\\\\application/1518138361293"
# webtalk_add_data -client sdk -key newbsp -value "true" -context "sdk\\\\application/1518138361293"
# webtalk_add_data -client sdk -key os -value "standalone" -context "sdk\\\\application/1518138361293"
# webtalk_add_data -client sdk -key apptemplate -value "empty_application" -context "sdk\\\\application/1518138361293"
# webtalk_add_data -client sdk -key RecordType -value "APPCreation" -context "sdk\\\\application/1518138361293"
# webtalk_add_data -client sdk -key LangUsed -value "C" -context "sdk\\\\application/1518138361293"
# webtalk_add_data -client sdk -key Procused -value "ps7_cortexa9" -context "sdk\\\\application/1518138361293"
# webtalk_add_data -client sdk -key uid -value "NA" -context "sdk\\\\bsp/1518139752437"
# webtalk_add_data -client sdk -key RecordType -value "ToolUsage" -context "sdk\\\\bsp/1518139752437"
# webtalk_add_data -client sdk -key BootgenCount -value "0" -context "sdk\\\\bsp/1518139752437"
# webtalk_add_data -client sdk -key DebugCount -value "1" -context "sdk\\\\bsp/1518139752437"
# webtalk_add_data -client sdk -key PerfCount -value "0" -context "sdk\\\\bsp/1518139752437"
# webtalk_add_data -client sdk -key FlashCount -value "0" -context "sdk\\\\bsp/1518139752437"
# webtalk_add_data -client sdk -key CrossTriggCount -value "0" -context "sdk\\\\bsp/1518139752437"
# webtalk_add_data -client sdk -key QemuDebugCount -value "0" -context "sdk\\\\bsp/1518139752437"
# webtalk_transmit -clientid 2356294542 -regid "211191951_0_0_756" -xml C:\\Users\\vhall\\Desktop\\debug_prog\\debug_prog.sdk\\webtalk\\usage_statistics_ext_sdk.xml -html C:\\Users\\vhall\\Desktop\\debug_prog\\debug_prog.sdk\\webtalk\\usage_statistics_ext_sdk.html -wdm C:\\Users\\vhall\\Desktop\\debug_prog\\debug_prog.sdk\\webtalk\\sdk_webtalk.wdm -intro "<H3>SDK Usage Report</H3><BR>"
# webtalk_terminate
INFO: [Common 17-206] Exiting Webtalk at Thu Feb  8 17:29:25 2018...
