
*** Running vivado
    with args -log top.vds -m64 -product Vivado -mode batch -messageDb vivado.pb -notrace -source top.tcl


****** Vivado v2017.4 (64-bit)
  **** SW Build 2086221 on Fri Dec 15 20:55:39 MST 2017
  **** IP Build 2085800 on Fri Dec 15 22:25:07 MST 2017
    ** Copyright 1986-2017 Xilinx, Inc. All Rights Reserved.

source top.tcl -notrace
Command: synth_design -top top -part xc7a100tcsg324-1
Starting synth_design
Attempting to get a license for feature 'Synthesis' and/or device 'xc7a100t'
INFO: [Common 17-349] Got license for feature 'Synthesis' and/or device 'xc7a100t'
INFO: Launching helper process for spawning children vivado processes
INFO: Helper process launched with PID 8072 
---------------------------------------------------------------------------------
Starting RTL Elaboration : Time (s): cpu = 00:00:16 ; elapsed = 00:00:16 . Memory (MB): peak = 347.848 ; gain = 100.879
---------------------------------------------------------------------------------
INFO: [Synth 8-638] synthesizing module 'top' [C:/Users/vhall/Desktop/senior_design_2/senior_design_2.srcs/sources_1/new/top.v:23]
INFO: [Synth 8-638] synthesizing module 'clk_div' [C:/Users/vhall/Desktop/senior_design_2/senior_design_2.srcs/sources_1/new/clk_div.v:25]
	Parameter DIVIDER bound to: 2 - type: integer 
INFO: [Synth 8-256] done synthesizing module 'clk_div' (1#1) [C:/Users/vhall/Desktop/senior_design_2/senior_design_2.srcs/sources_1/new/clk_div.v:25]
INFO: [Synth 8-638] synthesizing module 'cam_reg_config' [C:/Users/vhall/Desktop/senior_design_2/senior_design_2.srcs/sources_1/new/cam_reg_config.v:25]
	Parameter IDLE bound to: 0 - type: integer 
	Parameter SEND_DATA bound to: 1 - type: integer 
	Parameter DONE bound to: 2 - type: integer 
	Parameter WAIT bound to: 3 - type: integer 
INFO: [Synth 8-256] done synthesizing module 'cam_reg_config' (2#1) [C:/Users/vhall/Desktop/senior_design_2/senior_design_2.srcs/sources_1/new/cam_reg_config.v:25]
INFO: [Synth 8-638] synthesizing module 'camera_reg' [C:/Users/vhall/Desktop/senior_design_2/senior_design_2.srcs/sources_1/new/camera_reg.v:25]
INFO: [Synth 8-256] done synthesizing module 'camera_reg' (3#1) [C:/Users/vhall/Desktop/senior_design_2/senior_design_2.srcs/sources_1/new/camera_reg.v:25]
INFO: [Synth 8-638] synthesizing module 'sccb' [C:/Users/vhall/Desktop/senior_design_2/senior_design_2.srcs/sources_1/new/sccb.v:25]
	Parameter CAMERA_ID_W bound to: 8'b01000010 
	Parameter IDLE bound to: 0 - type: integer 
	Parameter START_TX bound to: 1 - type: integer 
	Parameter START_DATA_TX bound to: 2 - type: integer 
	Parameter LOAD_DATA1 bound to: 3 - type: integer 
	Parameter LOAD_DATA2 bound to: 4 - type: integer 
	Parameter SEND_BIT bound to: 5 - type: integer 
	Parameter END_BIT bound to: 6 - type: integer 
	Parameter STOP_DATA_TX bound to: 7 - type: integer 
	Parameter STOP_TX bound to: 8 - type: integer 
	Parameter WAIT bound to: 9 - type: integer 
	Parameter T_LOW_BUF bound to: 33 - type: integer 
	Parameter T_HIGH_SETUP bound to: 15 - type: integer 
	Parameter T_RISE_FALL bound to: 2 - type: integer 
	Parameter T_AA bound to: 3 - type: integer 
INFO: [Synth 8-155] case statement is not full and has no default [C:/Users/vhall/Desktop/senior_design_2/senior_design_2.srcs/sources_1/new/sccb.v:80]
INFO: [Synth 8-256] done synthesizing module 'sccb' (4#1) [C:/Users/vhall/Desktop/senior_design_2/senior_design_2.srcs/sources_1/new/sccb.v:25]
INFO: [Synth 8-638] synthesizing module 'camera_receiver' [C:/Users/vhall/Desktop/senior_design_2/senior_design_2.srcs/sources_1/new/camera_receiver.v:25]
	Parameter FRAME_START bound to: 0 - type: integer 
	Parameter PIXEL bound to: 1 - type: integer 
WARNING: [Synth 8-567] referenced signal 'reset' should be on the sensitivity list [C:/Users/vhall/Desktop/senior_design_2/senior_design_2.srcs/sources_1/new/camera_receiver.v:50]
WARNING: [Synth 8-567] referenced signal 'vsync' should be on the sensitivity list [C:/Users/vhall/Desktop/senior_design_2/senior_design_2.srcs/sources_1/new/camera_receiver.v:50]
WARNING: [Synth 8-567] referenced signal 'href' should be on the sensitivity list [C:/Users/vhall/Desktop/senior_design_2/senior_design_2.srcs/sources_1/new/camera_receiver.v:50]
WARNING: [Synth 8-567] referenced signal 'cam_byte' should be on the sensitivity list [C:/Users/vhall/Desktop/senior_design_2/senior_design_2.srcs/sources_1/new/camera_receiver.v:50]
INFO: [Synth 8-256] done synthesizing module 'camera_receiver' (5#1) [C:/Users/vhall/Desktop/senior_design_2/senior_design_2.srcs/sources_1/new/camera_receiver.v:25]
INFO: [Synth 8-638] synthesizing module 'async_fifo' [C:/Users/vhall/Desktop/senior_design_2/senior_design_2.srcs/sources_1/imports/new/async_fifo.v:29]
	Parameter datawidth bound to: 16 - type: integer 
	Parameter DATADEPTH bound to: 128 - type: integer 
	Parameter addresswidth bound to: 7 - type: integer 
INFO: [Synth 8-638] synthesizing module 'graycounter' [C:/Users/vhall/Desktop/senior_design_2/senior_design_2.srcs/sources_1/imports/new/graycounter.v:22]
	Parameter counterwidth bound to: 7 - type: integer 
INFO: [Synth 8-256] done synthesizing module 'graycounter' (6#1) [C:/Users/vhall/Desktop/senior_design_2/senior_design_2.srcs/sources_1/imports/new/graycounter.v:22]
INFO: [Synth 8-256] done synthesizing module 'async_fifo' (7#1) [C:/Users/vhall/Desktop/senior_design_2/senior_design_2.srcs/sources_1/imports/new/async_fifo.v:29]
INFO: [Synth 8-638] synthesizing module 'rgb2gray' [C:/Users/vhall/Desktop/senior_design_2/senior_design_2.srcs/sources_1/new/rgb2gray.v:26]
INFO: [Synth 8-256] done synthesizing module 'rgb2gray' (8#1) [C:/Users/vhall/Desktop/senior_design_2/senior_design_2.srcs/sources_1/new/rgb2gray.v:26]
WARNING: [Synth 8-3848] Net global_reset in module/entity top does not have driver. [C:/Users/vhall/Desktop/senior_design_2/senior_design_2.srcs/sources_1/new/top.v:43]
INFO: [Synth 8-256] done synthesizing module 'top' (9#1) [C:/Users/vhall/Desktop/senior_design_2/senior_design_2.srcs/sources_1/new/top.v:23]
---------------------------------------------------------------------------------
Finished RTL Elaboration : Time (s): cpu = 00:00:18 ; elapsed = 00:00:19 . Memory (MB): peak = 400.258 ; gain = 153.289
---------------------------------------------------------------------------------

Report Check Netlist: 
+------+------------------+-------+---------+-------+------------------+
|      |Item              |Errors |Warnings |Status |Description       |
+------+------------------+-------+---------+-------+------------------+
|1     |multi_driven_nets |      0|        0|Passed |Multi driven nets |
+------+------------------+-------+---------+-------+------------------+
WARNING: [Synth 8-3295] tying undriven pin bram1:reset to constant 0 [C:/Users/vhall/Desktop/senior_design_2/senior_design_2.srcs/sources_1/new/top.v:104]
---------------------------------------------------------------------------------
Finished RTL Optimization Phase 1 : Time (s): cpu = 00:00:19 ; elapsed = 00:00:20 . Memory (MB): peak = 400.258 ; gain = 153.289
---------------------------------------------------------------------------------
INFO: [Device 21-403] Loading part xc7a100tcsg324-1
INFO: [Project 1-570] Preparing netlist for logic optimization

Processing XDC Constraints
Initializing timing engine
Parsing XDC File [C:/Users/vhall/Desktop/senior_design_2/senior_design_2.srcs/constrs_1/new/Master_Constr.xdc]
Finished Parsing XDC File [C:/Users/vhall/Desktop/senior_design_2/senior_design_2.srcs/constrs_1/new/Master_Constr.xdc]
INFO: [Project 1-236] Implementation specific constraints were found while reading constraint file [C:/Users/vhall/Desktop/senior_design_2/senior_design_2.srcs/constrs_1/new/Master_Constr.xdc]. These constraints will be ignored for synthesis but will be used in implementation. Impacted constraints are listed in the file [.Xil/top_propImpl.xdc].
Resolution: To avoid this warning, move constraints listed in [.Xil/top_propImpl.xdc] to another XDC file and exclude this new file from synthesis with the used_in_synthesis property (File Properties dialog in GUI) and re-run elaboration/synthesis.
Completed Processing XDC Constraints

INFO: [Project 1-111] Unisim Transformation Summary:
No Unisim elements were transformed.

Constraint Validation Runtime : Time (s): cpu = 00:00:00 ; elapsed = 00:00:00.008 . Memory (MB): peak = 754.566 ; gain = 0.000
---------------------------------------------------------------------------------
Finished Constraint Validation : Time (s): cpu = 00:00:52 ; elapsed = 00:00:55 . Memory (MB): peak = 754.566 ; gain = 507.598
---------------------------------------------------------------------------------
---------------------------------------------------------------------------------
Start Loading Part and Timing Information
---------------------------------------------------------------------------------
Loading part: xc7a100tcsg324-1
---------------------------------------------------------------------------------
Finished Loading Part and Timing Information : Time (s): cpu = 00:00:52 ; elapsed = 00:00:55 . Memory (MB): peak = 754.566 ; gain = 507.598
---------------------------------------------------------------------------------
---------------------------------------------------------------------------------
Start Applying 'set_property' XDC Constraints
---------------------------------------------------------------------------------
---------------------------------------------------------------------------------
Finished applying 'set_property' XDC Constraints : Time (s): cpu = 00:00:52 ; elapsed = 00:00:55 . Memory (MB): peak = 754.566 ; gain = 507.598
---------------------------------------------------------------------------------
INFO: [Synth 8-5544] ROM "clk_out" won't be mapped to Block RAM because address size (2) smaller than threshold (5)
INFO: [Synth 8-5546] ROM "sccb_start" won't be mapped to RAM because it is too sparse
INFO: [Synth 8-5546] ROM "state" won't be mapped to RAM because it is too sparse
INFO: [Synth 8-5546] ROM "state" won't be mapped to RAM because it is too sparse
INFO: [Synth 8-5546] ROM "wait_time" won't be mapped to RAM because it is too sparse
INFO: [Synth 8-5546] ROM "wait_time" won't be mapped to RAM because it is too sparse
WARNING: [Synth 8-6014] Unused sequential element loc_reg was removed.  [C:/Users/vhall/Desktop/senior_design_2/senior_design_2.srcs/sources_1/new/cam_reg_config.v:75]
WARNING: [Synth 8-6014] Unused sequential element addr_data_reg was removed.  [C:/Users/vhall/Desktop/senior_design_2/senior_design_2.srcs/sources_1/new/camera_reg.v:35]
INFO: [Synth 8-5546] ROM "state" won't be mapped to RAM because it is too sparse
INFO: [Synth 8-5546] ROM "wait_time" won't be mapped to RAM because it is too sparse
WARNING: [Synth 8-6014] Unused sequential element binary_count_reg was removed.  [C:/Users/vhall/Desktop/senior_design_2/senior_design_2.srcs/sources_1/imports/new/graycounter.v:35]
INFO: [Synth 8-5544] ROM "count" won't be mapped to Block RAM because address size (2) smaller than threshold (5)
INFO: [Synth 8-5544] ROM "read_en" won't be mapped to Block RAM because address size (2) smaller than threshold (5)
WARNING: [Synth 8-327] inferring latch for variable 'pixel_data_out_reg' [C:/Users/vhall/Desktop/senior_design_2/senior_design_2.srcs/sources_1/new/camera_receiver.v:52]
WARNING: [Synth 8-327] inferring latch for variable 'write_en_reg' [C:/Users/vhall/Desktop/senior_design_2/senior_design_2.srcs/sources_1/new/camera_receiver.v:53]
WARNING: [Synth 8-327] inferring latch for variable 'pixel_reg' [C:/Users/vhall/Desktop/senior_design_2/senior_design_2.srcs/sources_1/new/camera_receiver.v:75]
WARNING: [Synth 8-327] inferring latch for variable 'state_reg' [C:/Users/vhall/Desktop/senior_design_2/senior_design_2.srcs/sources_1/new/camera_receiver.v:57]
WARNING: [Synth 8-327] inferring latch for variable 'byte_num_reg' [C:/Users/vhall/Desktop/senior_design_2/senior_design_2.srcs/sources_1/new/camera_receiver.v:61]
WARNING: [Synth 8-327] inferring latch for variable 'reset_reg' [C:/Users/vhall/Desktop/senior_design_2/senior_design_2.srcs/sources_1/new/camera_receiver.v:51]
WARNING: [Synth 8-327] inferring latch for variable 'status_reg' [C:/Users/vhall/Desktop/senior_design_2/senior_design_2.srcs/sources_1/imports/new/async_fifo.v:98]
---------------------------------------------------------------------------------
Finished RTL Optimization Phase 2 : Time (s): cpu = 00:00:53 ; elapsed = 00:00:56 . Memory (MB): peak = 754.566 ; gain = 507.598
---------------------------------------------------------------------------------

Report RTL Partitions: 
+-+--------------+------------+----------+
| |RTL Partition |Replication |Instances |
+-+--------------+------------+----------+
+-+--------------+------------+----------+
---------------------------------------------------------------------------------
Start RTL Component Statistics 
---------------------------------------------------------------------------------
Detailed RTL Component Info : 
+---Adders : 
	   3 Input     10 Bit       Adders := 1     
	   2 Input      8 Bit       Adders := 2     
	   2 Input      7 Bit       Adders := 2     
	   2 Input      6 Bit       Adders := 1     
	   2 Input      4 Bit       Adders := 1     
	   2 Input      3 Bit       Adders := 1     
	   2 Input      2 Bit       Adders := 2     
+---XORs : 
	   2 Input      6 Bit         XORs := 2     
	   2 Input      1 Bit         XORs := 4     
+---Registers : 
	               16 Bit    Registers := 3     
	                8 Bit    Registers := 7     
	                7 Bit    Registers := 2     
	                6 Bit    Registers := 1     
	                4 Bit    Registers := 3     
	                2 Bit    Registers := 4     
	                1 Bit    Registers := 11    
+---RAMs : 
	               2K Bit         RAMs := 1     
+---ROMs : 
	                              ROMs := 1     
+---Muxes : 
	   2 Input     16 Bit        Muxes := 1     
	   6 Input     16 Bit        Muxes := 1     
	   6 Input      8 Bit        Muxes := 1     
	   4 Input      8 Bit        Muxes := 1     
	  12 Input      6 Bit        Muxes := 1     
	  11 Input      4 Bit        Muxes := 3     
	   2 Input      3 Bit        Muxes := 1     
	   2 Input      2 Bit        Muxes := 3     
	   6 Input      2 Bit        Muxes := 1     
	  11 Input      2 Bit        Muxes := 1     
	   2 Input      1 Bit        Muxes := 13    
	   3 Input      1 Bit        Muxes := 2     
	   5 Input      1 Bit        Muxes := 2     
	   4 Input      1 Bit        Muxes := 5     
	  12 Input      1 Bit        Muxes := 2     
	  11 Input      1 Bit        Muxes := 9     
---------------------------------------------------------------------------------
Finished RTL Component Statistics 
---------------------------------------------------------------------------------
---------------------------------------------------------------------------------
Start RTL Hierarchical Component Statistics 
---------------------------------------------------------------------------------
Hierarchical RTL Component report 
Module clk_div 
Detailed RTL Component Info : 
+---Adders : 
	   2 Input      2 Bit       Adders := 1     
+---Registers : 
	                2 Bit    Registers := 1     
	                1 Bit    Registers := 2     
+---Muxes : 
	   2 Input      2 Bit        Muxes := 1     
	   2 Input      1 Bit        Muxes := 1     
Module cam_reg_config 
Detailed RTL Component Info : 
+---Adders : 
	   2 Input      8 Bit       Adders := 2     
+---Registers : 
	               16 Bit    Registers := 1     
	                8 Bit    Registers := 3     
	                2 Bit    Registers := 1     
	                1 Bit    Registers := 3     
+---Muxes : 
	   6 Input      8 Bit        Muxes := 1     
	   6 Input      2 Bit        Muxes := 1     
	   2 Input      1 Bit        Muxes := 2     
	   3 Input      1 Bit        Muxes := 2     
	   5 Input      1 Bit        Muxes := 2     
	   4 Input      1 Bit        Muxes := 5     
Module camera_reg 
Detailed RTL Component Info : 
+---Registers : 
	               16 Bit    Registers := 1     
+---ROMs : 
	                              ROMs := 1     
Module sccb 
Detailed RTL Component Info : 
+---Adders : 
	   2 Input      6 Bit       Adders := 1     
	   2 Input      4 Bit       Adders := 1     
	   2 Input      3 Bit       Adders := 1     
	   2 Input      2 Bit       Adders := 1     
+---Registers : 
	                8 Bit    Registers := 3     
	                6 Bit    Registers := 1     
	                4 Bit    Registers := 3     
	                2 Bit    Registers := 1     
	                1 Bit    Registers := 5     
+---Muxes : 
	   4 Input      8 Bit        Muxes := 1     
	  12 Input      6 Bit        Muxes := 1     
	  11 Input      4 Bit        Muxes := 3     
	   2 Input      3 Bit        Muxes := 1     
	  11 Input      2 Bit        Muxes := 1     
	  12 Input      1 Bit        Muxes := 2     
	  11 Input      1 Bit        Muxes := 9     
	   2 Input      1 Bit        Muxes := 1     
Module camera_receiver 
Detailed RTL Component Info : 
+---Muxes : 
	   2 Input     16 Bit        Muxes := 1     
	   6 Input     16 Bit        Muxes := 1     
	   2 Input      1 Bit        Muxes := 7     
Module graycounter 
Detailed RTL Component Info : 
+---Adders : 
	   2 Input      7 Bit       Adders := 1     
+---XORs : 
	   2 Input      6 Bit         XORs := 1     
+---Registers : 
	                7 Bit    Registers := 1     
Module async_fifo 
Detailed RTL Component Info : 
+---XORs : 
	   2 Input      1 Bit         XORs := 4     
+---Registers : 
	               16 Bit    Registers := 1     
+---RAMs : 
	               2K Bit         RAMs := 1     
Module rgb2gray 
Detailed RTL Component Info : 
+---Adders : 
	   3 Input     10 Bit       Adders := 1     
+---Registers : 
	                8 Bit    Registers := 1     
	                2 Bit    Registers := 1     
	                1 Bit    Registers := 1     
+---Muxes : 
	   2 Input      2 Bit        Muxes := 2     
	   2 Input      1 Bit        Muxes := 2     
---------------------------------------------------------------------------------
Finished RTL Hierarchical Component Statistics
---------------------------------------------------------------------------------
---------------------------------------------------------------------------------
Start Part Resource Summary
---------------------------------------------------------------------------------
Part Resources:
DSPs: 240 (col length:80)
BRAMs: 270 (col length: RAMB18 80 RAMB36 40)
---------------------------------------------------------------------------------
Finished Part Resource Summary
---------------------------------------------------------------------------------
---------------------------------------------------------------------------------
Start Cross Boundary and Area Optimization
---------------------------------------------------------------------------------
WARNING: [Synth 8-6014] Unused sequential element config1/reg_loc_reg was removed.  [C:/Users/vhall/Desktop/senior_design_2/senior_design_2.srcs/sources_1/new/cam_reg_config.v:54]
WARNING: [Synth 8-6014] Unused sequential element bram1/pWrite_counter/binary_count_reg was removed.  [C:/Users/vhall/Desktop/senior_design_2/senior_design_2.srcs/sources_1/imports/new/graycounter.v:35]
WARNING: [Synth 8-6014] Unused sequential element bram1/pRead_counter/binary_count_reg was removed.  [C:/Users/vhall/Desktop/senior_design_2/senior_design_2.srcs/sources_1/imports/new/graycounter.v:35]
WARNING: [Synth 8-6014] Unused sequential element config1/loc_reg was removed.  [C:/Users/vhall/Desktop/senior_design_2/senior_design_2.srcs/sources_1/new/cam_reg_config.v:75]
WARNING: [Synth 8-3332] Sequential element (receive1/pixel_reg[7]) is unused and will be removed from module top.
WARNING: [Synth 8-3332] Sequential element (receive1/pixel_reg[6]) is unused and will be removed from module top.
WARNING: [Synth 8-3332] Sequential element (receive1/pixel_reg[5]) is unused and will be removed from module top.
WARNING: [Synth 8-3332] Sequential element (receive1/pixel_reg[4]) is unused and will be removed from module top.
WARNING: [Synth 8-3332] Sequential element (receive1/pixel_reg[3]) is unused and will be removed from module top.
WARNING: [Synth 8-3332] Sequential element (receive1/pixel_reg[2]) is unused and will be removed from module top.
WARNING: [Synth 8-3332] Sequential element (receive1/pixel_reg[1]) is unused and will be removed from module top.
WARNING: [Synth 8-3332] Sequential element (receive1/pixel_reg[0]) is unused and will be removed from module top.
WARNING: [Synth 8-3332] Sequential element (div1/count_reg[1]) is unused and will be removed from module top.
---------------------------------------------------------------------------------
Finished Cross Boundary and Area Optimization : Time (s): cpu = 00:00:58 ; elapsed = 00:01:01 . Memory (MB): peak = 754.566 ; gain = 507.598
---------------------------------------------------------------------------------
---------------------------------------------------------------------------------
Start ROM, RAM, DSP and Shift Register Reporting
---------------------------------------------------------------------------------

ROM:
+------------+---------------------+---------------+----------------+
|Module Name | RTL Object          | Depth x Width | Implemented As | 
+------------+---------------------+---------------+----------------+
|camera_reg  | addr_data_reg       | 256x16        | Block RAM      | 
|top         | config1/reg_loc_reg | 256x16        | Block RAM      | 
+------------+---------------------+---------------+----------------+


Block RAM: Preliminary Mapping  Report (see note below)
+------------+------------+------------------------+---+---+------------------------+---+---+------------------+--------+--------+
|Module Name | RTL Object | PORT A (Depth x Width) | W | R | PORT B (Depth x Width) | W | R | Ports driving FF | RAMB18 | RAMB36 | 
+------------+------------+------------------------+---+---+------------------------+---+---+------------------+--------+--------+
|async_fifo: | memory_reg | 128 x 16(NO_CHANGE)    | W |   | 128 x 16(WRITE_FIRST)  |   | R | Port A and B     | 1      | 0      | 
+------------+------------+------------------------+---+---+------------------------+---+---+------------------+--------+--------+

Note: The tale above is a preliminary report that shows the Block RAMs at the current stage of the synthesis flow. Some Block RAMs may be reimplemented as non Block RAM primitives later in the synthesis flow. Multiple instantiated Block RAMs are reported only once. 
---------------------------------------------------------------------------------
Finished ROM, RAM, DSP and Shift Register Reporting
---------------------------------------------------------------------------------

Report RTL Partitions: 
+-+--------------+------------+----------+
| |RTL Partition |Replication |Instances |
+-+--------------+------------+----------+
+-+--------------+------------+----------+
---------------------------------------------------------------------------------
Start Applying XDC Timing Constraints
---------------------------------------------------------------------------------
---------------------------------------------------------------------------------
Finished Applying XDC Timing Constraints : Time (s): cpu = 00:01:25 ; elapsed = 00:01:29 . Memory (MB): peak = 754.566 ; gain = 507.598
---------------------------------------------------------------------------------
---------------------------------------------------------------------------------
Start Timing Optimization
---------------------------------------------------------------------------------
---------------------------------------------------------------------------------
Finished Timing Optimization : Time (s): cpu = 00:01:25 ; elapsed = 00:01:29 . Memory (MB): peak = 754.566 ; gain = 507.598
---------------------------------------------------------------------------------
---------------------------------------------------------------------------------
Start ROM, RAM, DSP and Shift Register Reporting
---------------------------------------------------------------------------------

Block RAM: Final Mapping  Report
+------------+------------+------------------------+---+---+------------------------+---+---+------------------+--------+--------+
|Module Name | RTL Object | PORT A (Depth x Width) | W | R | PORT B (Depth x Width) | W | R | Ports driving FF | RAMB18 | RAMB36 | 
+------------+------------+------------------------+---+---+------------------------+---+---+------------------+--------+--------+
|async_fifo: | memory_reg | 128 x 16(NO_CHANGE)    | W |   | 128 x 16(WRITE_FIRST)  |   | R | Port A and B     | 1      | 0      | 
+------------+------------+------------------------+---+---+------------------------+---+---+------------------+--------+--------+

---------------------------------------------------------------------------------
Finished ROM, RAM, DSP and Shift Register Reporting
---------------------------------------------------------------------------------

Report RTL Partitions: 
+-+--------------+------------+----------+
| |RTL Partition |Replication |Instances |
+-+--------------+------------+----------+
+-+--------------+------------+----------+
---------------------------------------------------------------------------------
Start Technology Mapping
---------------------------------------------------------------------------------
INFO: [Synth 8-3886] merging instance 'bram1/pRead_counter/binary_count_reg[1]' (FDRE_1) to 'bram1/pRead_counter/graycount_reg[0]'
INFO: [Synth 8-3886] merging instance 'bram1/pWrite_counter/binary_count_reg[1]' (FDRE_1) to 'bram1/pWrite_counter/graycount_reg[0]'
INFO: [Synth 8-3886] merging instance 'config1/reset_reg' (FDE) to 'sccb1/reset_reg'
INFO: [Synth 8-4480] The timing for the instance bram1/memory_reg (implemented as a block RAM) might be sub-optimal as no optional output register could be merged into the block ram. Providing additional output register may help in improving timing.
---------------------------------------------------------------------------------
Finished Technology Mapping : Time (s): cpu = 00:01:25 ; elapsed = 00:01:29 . Memory (MB): peak = 772.988 ; gain = 526.020
---------------------------------------------------------------------------------

Report RTL Partitions: 
+-+--------------+------------+----------+
| |RTL Partition |Replication |Instances |
+-+--------------+------------+----------+
+-+--------------+------------+----------+
---------------------------------------------------------------------------------
Start IO Insertion
---------------------------------------------------------------------------------
---------------------------------------------------------------------------------
Start Flattening Before IO Insertion
---------------------------------------------------------------------------------
---------------------------------------------------------------------------------
Finished Flattening Before IO Insertion
---------------------------------------------------------------------------------
---------------------------------------------------------------------------------
Start Final Netlist Cleanup
---------------------------------------------------------------------------------
---------------------------------------------------------------------------------
Finished Final Netlist Cleanup
---------------------------------------------------------------------------------
---------------------------------------------------------------------------------
Finished IO Insertion : Time (s): cpu = 00:01:28 ; elapsed = 00:01:32 . Memory (MB): peak = 772.988 ; gain = 526.020
---------------------------------------------------------------------------------

Report Check Netlist: 
+------+------------------+-------+---------+-------+------------------+
|      |Item              |Errors |Warnings |Status |Description       |
+------+------------------+-------+---------+-------+------------------+
|1     |multi_driven_nets |      0|        0|Passed |Multi driven nets |
+------+------------------+-------+---------+-------+------------------+
---------------------------------------------------------------------------------
Start Renaming Generated Instances
---------------------------------------------------------------------------------
---------------------------------------------------------------------------------
Finished Renaming Generated Instances : Time (s): cpu = 00:01:28 ; elapsed = 00:01:32 . Memory (MB): peak = 772.988 ; gain = 526.020
---------------------------------------------------------------------------------

Report RTL Partitions: 
+-+--------------+------------+----------+
| |RTL Partition |Replication |Instances |
+-+--------------+------------+----------+
+-+--------------+------------+----------+
---------------------------------------------------------------------------------
Start Rebuilding User Hierarchy
---------------------------------------------------------------------------------
---------------------------------------------------------------------------------
Finished Rebuilding User Hierarchy : Time (s): cpu = 00:01:28 ; elapsed = 00:01:32 . Memory (MB): peak = 772.988 ; gain = 526.020
---------------------------------------------------------------------------------
---------------------------------------------------------------------------------
Start Renaming Generated Ports
---------------------------------------------------------------------------------
---------------------------------------------------------------------------------
Finished Renaming Generated Ports : Time (s): cpu = 00:01:28 ; elapsed = 00:01:32 . Memory (MB): peak = 772.988 ; gain = 526.020
---------------------------------------------------------------------------------
---------------------------------------------------------------------------------
Start Handling Custom Attributes
---------------------------------------------------------------------------------
---------------------------------------------------------------------------------
Finished Handling Custom Attributes : Time (s): cpu = 00:01:28 ; elapsed = 00:01:32 . Memory (MB): peak = 772.988 ; gain = 526.020
---------------------------------------------------------------------------------
---------------------------------------------------------------------------------
Start Renaming Generated Nets
---------------------------------------------------------------------------------
---------------------------------------------------------------------------------
Finished Renaming Generated Nets : Time (s): cpu = 00:01:28 ; elapsed = 00:01:32 . Memory (MB): peak = 772.988 ; gain = 526.020
---------------------------------------------------------------------------------
---------------------------------------------------------------------------------
Start Writing Synthesis Report
---------------------------------------------------------------------------------

Report BlackBoxes: 
+-+--------------+----------+
| |BlackBox name |Instances |
+-+--------------+----------+
+-+--------------+----------+

Report Cell Usage: 
+------+-----------+------+
|      |Cell       |Count |
+------+-----------+------+
|1     |BUFG       |     2|
|2     |CARRY4     |     3|
|3     |LUT1       |     5|
|4     |LUT2       |    38|
|5     |LUT3       |    26|
|6     |LUT4       |    41|
|7     |LUT5       |    28|
|8     |LUT6       |    32|
|9     |MUXF7      |     1|
|10    |RAMB18E1   |     1|
|11    |RAMB18E1_2 |     1|
|12    |FDPE       |     2|
|13    |FDRE       |   124|
|14    |FDSE       |     1|
|15    |LD         |    11|
|16    |LDC        |    18|
|17    |IBUF       |    12|
|18    |OBUF       |    11|
+------+-----------+------+

Report Instance Areas: 
+------+-------------------+----------------+------+
|      |Instance           |Module          |Cells |
+------+-------------------+----------------+------+
|1     |top                |                |   357|
|2     |  bram1            |async_fifo      |    85|
|3     |    pRead_counter  |graycounter     |    27|
|4     |    pWrite_counter |graycounter_0   |    32|
|5     |  config1          |cam_reg_config  |    78|
|6     |  div1             |clk_div         |     5|
|7     |  gray1            |rgb2gray        |    20|
|8     |  receive1         |camera_receiver |    37|
|9     |  sccb1            |sccb            |   106|
+------+-------------------+----------------+------+
---------------------------------------------------------------------------------
Finished Writing Synthesis Report : Time (s): cpu = 00:01:28 ; elapsed = 00:01:32 . Memory (MB): peak = 772.988 ; gain = 526.020
---------------------------------------------------------------------------------
Synthesis finished with 0 errors, 0 critical warnings and 23 warnings.
Synthesis Optimization Runtime : Time (s): cpu = 00:00:52 ; elapsed = 00:01:13 . Memory (MB): peak = 772.988 ; gain = 171.711
Synthesis Optimization Complete : Time (s): cpu = 00:01:28 ; elapsed = 00:01:33 . Memory (MB): peak = 772.988 ; gain = 526.020
INFO: [Project 1-571] Translating synthesized netlist
INFO: [Netlist 29-17] Analyzing 47 Unisim elements for replacement
INFO: [Netlist 29-28] Unisim Transformation completed in 0 CPU seconds
INFO: [Project 1-570] Preparing netlist for logic optimization
INFO: [Opt 31-138] Pushed 1 inverter(s) to 2 load pin(s).
INFO: [Project 1-111] Unisim Transformation Summary:
  A total of 29 instances were transformed.
  LD => LDCE: 11 instances
  LDC => LDCE: 18 instances

INFO: [Common 17-83] Releasing license: Synthesis
45 Infos, 29 Warnings, 0 Critical Warnings and 0 Errors encountered.
synth_design completed successfully
synth_design: Time (s): cpu = 00:01:32 ; elapsed = 00:01:39 . Memory (MB): peak = 772.988 ; gain = 538.457
INFO: [Common 17-1381] The checkpoint 'C:/Users/vhall/Desktop/senior_design_2/senior_design_2.runs/synth_1/top.dcp' has been generated.
INFO: [runtcl-4] Executing : report_utilization -file top_utilization_synth.rpt -pb top_utilization_synth.pb
report_utilization: Time (s): cpu = 00:00:00 ; elapsed = 00:00:00.115 . Memory (MB): peak = 772.988 ; gain = 0.000
INFO: [Common 17-206] Exiting Vivado at Thu Feb 15 22:36:10 2018...
