INFO: [VRFC 10-2263] Analyzing Verilog file "C:/Users/vhall/Desktop/senior_design_2/senior_design_2.sim/sim_1/impl/func/xsim/fifo_tb_func_impl.v" into library xil_defaultlib
INFO: [VRFC 10-311] analyzing module dbg_hub_CV
INFO: [VRFC 10-311] analyzing module dbg_hub_CVclk_x_pntrs
INFO: [VRFC 10-311] analyzing module dbg_hub_CVclk_x_pntrs_7
INFO: [VRFC 10-311] analyzing module dbg_hub_CVdmem
INFO: [VRFC 10-311] analyzing module dbg_hub_CVdmem_13
INFO: [VRFC 10-311] analyzing module dbg_hub_CVfifo_generator_ramfifo
INFO: [VRFC 10-311] analyzing module dbg_hub_CVfifo_generator_ramfifo__parameterized0
INFO: [VRFC 10-311] analyzing module dbg_hub_CVfifo_generator_top
INFO: [VRFC 10-311] analyzing module dbg_hub_CVfifo_generator_top__parameterized0
INFO: [VRFC 10-311] analyzing module dbg_hub_CVfifo_generator_v13_1_4
INFO: [VRFC 10-311] analyzing module dbg_hub_CVfifo_generator_v13_1_4__parameterized0
INFO: [VRFC 10-311] analyzing module dbg_hub_CVfifo_generator_v13_1_4_synth
INFO: [VRFC 10-311] analyzing module dbg_hub_CVfifo_generator_v13_1_4_synth__parameterized0
INFO: [VRFC 10-311] analyzing module dbg_hub_CVltlib_v1_0_0_bscan
INFO: [VRFC 10-311] analyzing module dbg_hub_CVmemory
INFO: [VRFC 10-311] analyzing module dbg_hub_CVmemory__parameterized0
INFO: [VRFC 10-311] analyzing module dbg_hub_CVrd_bin_cntr
INFO: [VRFC 10-311] analyzing module dbg_hub_CVrd_bin_cntr_17
INFO: [VRFC 10-311] analyzing module dbg_hub_CVrd_fwft
INFO: [VRFC 10-311] analyzing module dbg_hub_CVrd_logic
INFO: [VRFC 10-311] analyzing module dbg_hub_CVrd_logic__parameterized0
INFO: [VRFC 10-311] analyzing module dbg_hub_CVrd_status_flags_as
INFO: [VRFC 10-311] analyzing module dbg_hub_CVrd_status_flags_as_16
INFO: [VRFC 10-311] analyzing module dbg_hub_CVreset_blk_ramfifo
INFO: [VRFC 10-311] analyzing module dbg_hub_CVreset_blk_ramfifo_8
INFO: [VRFC 10-311] analyzing module dbg_hub_CVsynchronizer_ff
INFO: [VRFC 10-311] analyzing module dbg_hub_CVsynchronizer_ff_1
INFO: [VRFC 10-311] analyzing module dbg_hub_CVsynchronizer_ff_10
INFO: [VRFC 10-311] analyzing module dbg_hub_CVsynchronizer_ff_11
INFO: [VRFC 10-311] analyzing module dbg_hub_CVsynchronizer_ff_12
INFO: [VRFC 10-311] analyzing module dbg_hub_CVsynchronizer_ff_2
INFO: [VRFC 10-311] analyzing module dbg_hub_CVsynchronizer_ff_3
INFO: [VRFC 10-311] analyzing module dbg_hub_CVsynchronizer_ff_9
INFO: [VRFC 10-311] analyzing module dbg_hub_CVsynchronizer_ff__parameterized0
INFO: [VRFC 10-311] analyzing module dbg_hub_CVsynchronizer_ff__parameterized0_18
INFO: [VRFC 10-311] analyzing module dbg_hub_CVsynchronizer_ff__parameterized0_19
INFO: [VRFC 10-311] analyzing module dbg_hub_CVsynchronizer_ff__parameterized0_20
INFO: [VRFC 10-311] analyzing module dbg_hub_CVsynchronizer_ff__parameterized0_21
INFO: [VRFC 10-311] analyzing module dbg_hub_CVsynchronizer_ff__parameterized0_4
INFO: [VRFC 10-311] analyzing module dbg_hub_CVsynchronizer_ff__parameterized0_5
INFO: [VRFC 10-311] analyzing module dbg_hub_CVsynchronizer_ff__parameterized0_6
INFO: [VRFC 10-311] analyzing module dbg_hub_CVwr_bin_cntr
INFO: [VRFC 10-311] analyzing module dbg_hub_CVwr_bin_cntr_15
INFO: [VRFC 10-311] analyzing module dbg_hub_CVwr_logic
INFO: [VRFC 10-311] analyzing module dbg_hub_CVwr_logic__parameterized0
INFO: [VRFC 10-311] analyzing module dbg_hub_CVwr_status_flags_as
INFO: [VRFC 10-311] analyzing module dbg_hub_CVwr_status_flags_as_14
INFO: [VRFC 10-311] analyzing module dbg_hub_CVxsdbm_v3_0_0_addr_ctl
INFO: [VRFC 10-311] analyzing module dbg_hub_CVxsdbm_v3_0_0_bscan_switch
INFO: [VRFC 10-311] analyzing module dbg_hub_CVxsdbm_v3_0_0_burst_wdlen_ctl
INFO: [VRFC 10-311] analyzing module dbg_hub_CVxsdbm_v3_0_0_bus_ctl
INFO: [VRFC 10-311] analyzing module dbg_hub_CVxsdbm_v3_0_0_bus_ctl_cnt
INFO: [VRFC 10-311] analyzing module dbg_hub_CVxsdbm_v3_0_0_bus_ctl_flg
INFO: [VRFC 10-311] analyzing module dbg_hub_CVxsdbm_v3_0_0_bus_ctl_flg__parameterized0
INFO: [VRFC 10-311] analyzing module dbg_hub_CVxsdbm_v3_0_0_bus_mstr2sl_if
INFO: [VRFC 10-311] analyzing module dbg_hub_CVxsdbm_v3_0_0_cmd_decode
INFO: [VRFC 10-311] analyzing module dbg_hub_CVxsdbm_v3_0_0_ctl_reg
INFO: [VRFC 10-311] analyzing module dbg_hub_CVxsdbm_v3_0_0_ctl_reg__parameterized0
INFO: [VRFC 10-311] analyzing module dbg_hub_CVxsdbm_v3_0_0_ctl_reg__parameterized1
INFO: [VRFC 10-311] analyzing module dbg_hub_CVxsdbm_v3_0_0_ctl_reg__parameterized2
INFO: [VRFC 10-311] analyzing module dbg_hub_CVxsdbm_v3_0_0_icon
INFO: [VRFC 10-311] analyzing module dbg_hub_CVxsdbm_v3_0_0_icon2xsdb
INFO: [VRFC 10-311] analyzing module dbg_hub_CVxsdbm_v3_0_0_if
INFO: [VRFC 10-311] analyzing module dbg_hub_CVxsdbm_v3_0_0_if_static_status
INFO: [VRFC 10-311] analyzing module dbg_hub_CVxsdbm_v3_0_0_rdfifo
INFO: [VRFC 10-311] analyzing module dbg_hub_CVxsdbm_v3_0_0_rdreg
INFO: [VRFC 10-311] analyzing module dbg_hub_CVxsdbm_v3_0_0_stat
INFO: [VRFC 10-311] analyzing module dbg_hub_CVxsdbm_v3_0_0_stat_reg
INFO: [VRFC 10-311] analyzing module dbg_hub_CVxsdbm_v3_0_0_stat_reg__parameterized0
INFO: [VRFC 10-311] analyzing module dbg_hub_CVxsdbm_v3_0_0_stat_reg__parameterized0_0
INFO: [VRFC 10-311] analyzing module dbg_hub_CVxsdbm_v3_0_0_sync
INFO: [VRFC 10-311] analyzing module dbg_hub_CVxsdbm_v3_0_0_wrfifo
INFO: [VRFC 10-311] analyzing module dbg_hub_CVxsdbm_v3_0_0_wrreg
INFO: [VRFC 10-311] analyzing module dbg_hub_CVxsdbm_v3_0_0_xsdbm
INFO: [VRFC 10-311] analyzing module dbg_hub_CVxsdbm_v3_0_0_xsdbm_id
INFO: [VRFC 10-311] analyzing module async_fifo
INFO: [VRFC 10-311] analyzing module cam_reg_config
INFO: [VRFC 10-311] analyzing module camera_receiver
INFO: [VRFC 10-311] analyzing module camera_top
INFO: [VRFC 10-311] analyzing module clk_div
INFO: [VRFC 10-311] analyzing module graycounter
INFO: [VRFC 10-311] analyzing module graycounter_0
INFO: [VRFC 10-311] analyzing module ila_0
INFO: [VRFC 10-311] analyzing module rgb2gray
INFO: [VRFC 10-311] analyzing module sccb
INFO: [VRFC 10-311] analyzing module top
INFO: [VRFC 10-311] analyzing module ila_0_bindec
INFO: [VRFC 10-311] analyzing module ila_0_blk_mem_gen_generic_cstr
INFO: [VRFC 10-311] analyzing module ila_0_blk_mem_gen_mux__parameterized0
INFO: [VRFC 10-311] analyzing module ila_0_blk_mem_gen_prim_width
INFO: [VRFC 10-311] analyzing module ila_0_blk_mem_gen_prim_width__parameterized0
INFO: [VRFC 10-311] analyzing module ila_0_blk_mem_gen_prim_width__parameterized1
INFO: [VRFC 10-311] analyzing module ila_0_blk_mem_gen_prim_width__parameterized10
INFO: [VRFC 10-311] analyzing module ila_0_blk_mem_gen_prim_width__parameterized11
INFO: [VRFC 10-311] analyzing module ila_0_blk_mem_gen_prim_width__parameterized12
INFO: [VRFC 10-311] analyzing module ila_0_blk_mem_gen_prim_width__parameterized13
INFO: [VRFC 10-311] analyzing module ila_0_blk_mem_gen_prim_width__parameterized14
INFO: [VRFC 10-311] analyzing module ila_0_blk_mem_gen_prim_width__parameterized15
INFO: [VRFC 10-311] analyzing module ila_0_blk_mem_gen_prim_width__parameterized16
INFO: [VRFC 10-311] analyzing module ila_0_blk_mem_gen_prim_width__parameterized17
INFO: [VRFC 10-311] analyzing module ila_0_blk_mem_gen_prim_width__parameterized18
INFO: [VRFC 10-311] analyzing module ila_0_blk_mem_gen_prim_width__parameterized19
INFO: [VRFC 10-311] analyzing module ila_0_blk_mem_gen_prim_width__parameterized2
INFO: [VRFC 10-311] analyzing module ila_0_blk_mem_gen_prim_width__parameterized20
INFO: [VRFC 10-311] analyzing module ila_0_blk_mem_gen_prim_width__parameterized21
INFO: [VRFC 10-311] analyzing module ila_0_blk_mem_gen_prim_width__parameterized22
INFO: [VRFC 10-311] analyzing module ila_0_blk_mem_gen_prim_width__parameterized23
INFO: [VRFC 10-311] analyzing module ila_0_blk_mem_gen_prim_width__parameterized3
INFO: [VRFC 10-311] analyzing module ila_0_blk_mem_gen_prim_width__parameterized4
INFO: [VRFC 10-311] analyzing module ila_0_blk_mem_gen_prim_width__parameterized5
INFO: [VRFC 10-311] analyzing module ila_0_blk_mem_gen_prim_width__parameterized6
INFO: [VRFC 10-311] analyzing module ila_0_blk_mem_gen_prim_width__parameterized7
INFO: [VRFC 10-311] analyzing module ila_0_blk_mem_gen_prim_width__parameterized8
INFO: [VRFC 10-311] analyzing module ila_0_blk_mem_gen_prim_width__parameterized9
INFO: [VRFC 10-311] analyzing module ila_0_blk_mem_gen_prim_wrapper
INFO: [VRFC 10-311] analyzing module ila_0_blk_mem_gen_prim_wrapper__parameterized0
INFO: [VRFC 10-311] analyzing module ila_0_blk_mem_gen_prim_wrapper__parameterized1
INFO: [VRFC 10-311] analyzing module ila_0_blk_mem_gen_prim_wrapper__parameterized10
INFO: [VRFC 10-311] analyzing module ila_0_blk_mem_gen_prim_wrapper__parameterized11
INFO: [VRFC 10-311] analyzing module ila_0_blk_mem_gen_prim_wrapper__parameterized12
INFO: [VRFC 10-311] analyzing module ila_0_blk_mem_gen_prim_wrapper__parameterized13
INFO: [VRFC 10-311] analyzing module ila_0_blk_mem_gen_prim_wrapper__parameterized14
INFO: [VRFC 10-311] analyzing module ila_0_blk_mem_gen_prim_wrapper__parameterized15
INFO: [VRFC 10-311] analyzing module ila_0_blk_mem_gen_prim_wrapper__parameterized16
INFO: [VRFC 10-311] analyzing module ila_0_blk_mem_gen_prim_wrapper__parameterized17
INFO: [VRFC 10-311] analyzing module ila_0_blk_mem_gen_prim_wrapper__parameterized18
INFO: [VRFC 10-311] analyzing module ila_0_blk_mem_gen_prim_wrapper__parameterized19
INFO: [VRFC 10-311] analyzing module ila_0_blk_mem_gen_prim_wrapper__parameterized2
INFO: [VRFC 10-311] analyzing module ila_0_blk_mem_gen_prim_wrapper__parameterized20
INFO: [VRFC 10-311] analyzing module ila_0_blk_mem_gen_prim_wrapper__parameterized21
INFO: [VRFC 10-311] analyzing module ila_0_blk_mem_gen_prim_wrapper__parameterized22
INFO: [VRFC 10-311] analyzing module ila_0_blk_mem_gen_prim_wrapper__parameterized23
INFO: [VRFC 10-311] analyzing module ila_0_blk_mem_gen_prim_wrapper__parameterized3
INFO: [VRFC 10-311] analyzing module ila_0_blk_mem_gen_prim_wrapper__parameterized4
INFO: [VRFC 10-311] analyzing module ila_0_blk_mem_gen_prim_wrapper__parameterized5
INFO: [VRFC 10-311] analyzing module ila_0_blk_mem_gen_prim_wrapper__parameterized6
INFO: [VRFC 10-311] analyzing module ila_0_blk_mem_gen_prim_wrapper__parameterized7
INFO: [VRFC 10-311] analyzing module ila_0_blk_mem_gen_prim_wrapper__parameterized8
INFO: [VRFC 10-311] analyzing module ila_0_blk_mem_gen_prim_wrapper__parameterized9
INFO: [VRFC 10-311] analyzing module ila_0_blk_mem_gen_top
INFO: [VRFC 10-311] analyzing module ila_0_blk_mem_gen_v8_3_6
INFO: [VRFC 10-311] analyzing module ila_0_blk_mem_gen_v8_3_6_synth
INFO: [VRFC 10-311] analyzing module ila_0_ila_v6_2_5_generic_counter
INFO: [VRFC 10-311] analyzing module ila_0_ila_v6_2_5_generic_counter__1
INFO: [VRFC 10-311] analyzing module ila_0_ila_v6_2_5_generic_counter__2
INFO: [VRFC 10-311] analyzing module ila_0_ila_v6_2_5_generic_counter__3
INFO: [VRFC 10-311] analyzing module ila_0_ila_v6_2_5_ila
INFO: [VRFC 10-311] analyzing module ila_0_ila_v6_2_5_ila_adv_trigger_sequencer
INFO: [VRFC 10-311] analyzing module ila_0_ila_v6_2_5_ila_cap_addrgen
INFO: [VRFC 10-311] analyzing module ila_0_ila_v6_2_5_ila_cap_ctrl_legacy
INFO: [VRFC 10-311] analyzing module ila_0_ila_v6_2_5_ila_cap_sample_counter
INFO: [VRFC 10-311] analyzing module ila_0_ila_v6_2_5_ila_cap_window_counter
INFO: [VRFC 10-311] analyzing module ila_0_ila_v6_2_5_ila_core
INFO: [VRFC 10-311] analyzing module ila_0_ila_v6_2_5_ila_counter
INFO: [VRFC 10-311] analyzing module ila_0_ila_v6_2_5_ila_fsm_memory_read
INFO: [VRFC 10-311] analyzing module ila_0_ila_v6_2_5_ila_register
INFO: [VRFC 10-311] analyzing module ila_0_ila_v6_2_5_ila_reset_ctrl
INFO: [VRFC 10-311] analyzing module ila_0_ila_v6_2_5_ila_trace_memory
INFO: [VRFC 10-311] analyzing module ila_0_ila_v6_2_5_ila_trig_match
INFO: [VRFC 10-311] analyzing module ila_0_ila_v6_2_5_ila_trigger
INFO: [VRFC 10-311] analyzing module ila_0_ltlib_v1_0_0_all_typeA
INFO: [VRFC 10-311] analyzing module ila_0_ltlib_v1_0_0_all_typeA_103
INFO: [VRFC 10-311] analyzing module ila_0_ltlib_v1_0_0_all_typeA_107
INFO: [VRFC 10-311] analyzing module ila_0_ltlib_v1_0_0_all_typeA_111
INFO: [VRFC 10-311] analyzing module ila_0_ltlib_v1_0_0_all_typeA_115
INFO: [VRFC 10-311] analyzing module ila_0_ltlib_v1_0_0_all_typeA_119
INFO: [VRFC 10-311] analyzing module ila_0_ltlib_v1_0_0_all_typeA_123
INFO: [VRFC 10-311] analyzing module ila_0_ltlib_v1_0_0_all_typeA_127
INFO: [VRFC 10-311] analyzing module ila_0_ltlib_v1_0_0_all_typeA_131
INFO: [VRFC 10-311] analyzing module ila_0_ltlib_v1_0_0_all_typeA_135
INFO: [VRFC 10-311] analyzing module ila_0_ltlib_v1_0_0_all_typeA_139
INFO: [VRFC 10-311] analyzing module ila_0_ltlib_v1_0_0_all_typeA_143
INFO: [VRFC 10-311] analyzing module ila_0_ltlib_v1_0_0_all_typeA_147
INFO: [VRFC 10-311] analyzing module ila_0_ltlib_v1_0_0_all_typeA_151
INFO: [VRFC 10-311] analyzing module ila_0_ltlib_v1_0_0_all_typeA_155
INFO: [VRFC 10-311] analyzing module ila_0_ltlib_v1_0_0_all_typeA_159
INFO: [VRFC 10-311] analyzing module ila_0_ltlib_v1_0_0_all_typeA_163
INFO: [VRFC 10-311] analyzing module ila_0_ltlib_v1_0_0_all_typeA_167
INFO: [VRFC 10-311] analyzing module ila_0_ltlib_v1_0_0_all_typeA_171
INFO: [VRFC 10-311] analyzing module ila_0_ltlib_v1_0_0_all_typeA_175
INFO: [VRFC 10-311] analyzing module ila_0_ltlib_v1_0_0_all_typeA_179
INFO: [VRFC 10-311] analyzing module ila_0_ltlib_v1_0_0_all_typeA_183
INFO: [VRFC 10-311] analyzing module ila_0_ltlib_v1_0_0_all_typeA_187
INFO: [VRFC 10-311] analyzing module ila_0_ltlib_v1_0_0_all_typeA_60
INFO: [VRFC 10-311] analyzing module ila_0_ltlib_v1_0_0_all_typeA_63
INFO: [VRFC 10-311] analyzing module ila_0_ltlib_v1_0_0_all_typeA_67
INFO: [VRFC 10-311] analyzing module ila_0_ltlib_v1_0_0_all_typeA_71
INFO: [VRFC 10-311] analyzing module ila_0_ltlib_v1_0_0_all_typeA_75
INFO: [VRFC 10-311] analyzing module ila_0_ltlib_v1_0_0_all_typeA_79
INFO: [VRFC 10-311] analyzing module ila_0_ltlib_v1_0_0_all_typeA_83
INFO: [VRFC 10-311] analyzing module ila_0_ltlib_v1_0_0_all_typeA_87
INFO: [VRFC 10-311] analyzing module ila_0_ltlib_v1_0_0_all_typeA_91
INFO: [VRFC 10-311] analyzing module ila_0_ltlib_v1_0_0_all_typeA_95
INFO: [VRFC 10-311] analyzing module ila_0_ltlib_v1_0_0_all_typeA_99
INFO: [VRFC 10-311] analyzing module ila_0_ltlib_v1_0_0_all_typeA__parameterized0
INFO: [VRFC 10-311] analyzing module ila_0_ltlib_v1_0_0_all_typeA__parameterized0_39
INFO: [VRFC 10-311] analyzing module ila_0_ltlib_v1_0_0_all_typeA__parameterized0_42
INFO: [VRFC 10-311] analyzing module ila_0_ltlib_v1_0_0_all_typeA__parameterized0_44
INFO: [VRFC 10-311] analyzing module ila_0_ltlib_v1_0_0_all_typeA__parameterized0_47
INFO: [VRFC 10-311] analyzing module ila_0_ltlib_v1_0_0_all_typeA__parameterized0_50
INFO: [VRFC 10-311] analyzing module ila_0_ltlib_v1_0_0_all_typeA__parameterized0_53
INFO: [VRFC 10-311] analyzing module ila_0_ltlib_v1_0_0_all_typeA__parameterized0_56
INFO: [VRFC 10-311] analyzing module ila_0_ltlib_v1_0_0_all_typeA__parameterized1
INFO: [VRFC 10-311] analyzing module ila_0_ltlib_v1_0_0_all_typeA__parameterized1_218
INFO: [VRFC 10-311] analyzing module ila_0_ltlib_v1_0_0_all_typeA__parameterized1_226
INFO: [VRFC 10-311] analyzing module ila_0_ltlib_v1_0_0_all_typeA_slice
INFO: [VRFC 10-311] analyzing module ila_0_ltlib_v1_0_0_all_typeA_slice_100
INFO: [VRFC 10-311] analyzing module ila_0_ltlib_v1_0_0_all_typeA_slice_104
INFO: [VRFC 10-311] analyzing module ila_0_ltlib_v1_0_0_all_typeA_slice_108
INFO: [VRFC 10-311] analyzing module ila_0_ltlib_v1_0_0_all_typeA_slice_112
INFO: [VRFC 10-311] analyzing module ila_0_ltlib_v1_0_0_all_typeA_slice_116
INFO: [VRFC 10-311] analyzing module ila_0_ltlib_v1_0_0_all_typeA_slice_120
INFO: [VRFC 10-311] analyzing module ila_0_ltlib_v1_0_0_all_typeA_slice_124
INFO: [VRFC 10-311] analyzing module ila_0_ltlib_v1_0_0_all_typeA_slice_128
INFO: [VRFC 10-311] analyzing module ila_0_ltlib_v1_0_0_all_typeA_slice_132
INFO: [VRFC 10-311] analyzing module ila_0_ltlib_v1_0_0_all_typeA_slice_136
INFO: [VRFC 10-311] analyzing module ila_0_ltlib_v1_0_0_all_typeA_slice_140
INFO: [VRFC 10-311] analyzing module ila_0_ltlib_v1_0_0_all_typeA_slice_144
INFO: [VRFC 10-311] analyzing module ila_0_ltlib_v1_0_0_all_typeA_slice_148
INFO: [VRFC 10-311] analyzing module ila_0_ltlib_v1_0_0_all_typeA_slice_152
INFO: [VRFC 10-311] analyzing module ila_0_ltlib_v1_0_0_all_typeA_slice_156
INFO: [VRFC 10-311] analyzing module ila_0_ltlib_v1_0_0_all_typeA_slice_160
INFO: [VRFC 10-311] analyzing module ila_0_ltlib_v1_0_0_all_typeA_slice_164
INFO: [VRFC 10-311] analyzing module ila_0_ltlib_v1_0_0_all_typeA_slice_168
INFO: [VRFC 10-311] analyzing module ila_0_ltlib_v1_0_0_all_typeA_slice_172
INFO: [VRFC 10-311] analyzing module ila_0_ltlib_v1_0_0_all_typeA_slice_176
INFO: [VRFC 10-311] analyzing module ila_0_ltlib_v1_0_0_all_typeA_slice_180
INFO: [VRFC 10-311] analyzing module ila_0_ltlib_v1_0_0_all_typeA_slice_184
INFO: [VRFC 10-311] analyzing module ila_0_ltlib_v1_0_0_all_typeA_slice_188
INFO: [VRFC 10-311] analyzing module ila_0_ltlib_v1_0_0_all_typeA_slice_61
INFO: [VRFC 10-311] analyzing module ila_0_ltlib_v1_0_0_all_typeA_slice_64
INFO: [VRFC 10-311] analyzing module ila_0_ltlib_v1_0_0_all_typeA_slice_68
INFO: [VRFC 10-311] analyzing module ila_0_ltlib_v1_0_0_all_typeA_slice_72
INFO: [VRFC 10-311] analyzing module ila_0_ltlib_v1_0_0_all_typeA_slice_76
INFO: [VRFC 10-311] analyzing module ila_0_ltlib_v1_0_0_all_typeA_slice_80
INFO: [VRFC 10-311] analyzing module ila_0_ltlib_v1_0_0_all_typeA_slice_84
INFO: [VRFC 10-311] analyzing module ila_0_ltlib_v1_0_0_all_typeA_slice_88
INFO: [VRFC 10-311] analyzing module ila_0_ltlib_v1_0_0_all_typeA_slice_92
INFO: [VRFC 10-311] analyzing module ila_0_ltlib_v1_0_0_all_typeA_slice_96
INFO: [VRFC 10-311] analyzing module ila_0_ltlib_v1_0_0_all_typeA_slice__parameterized0
INFO: [VRFC 10-311] analyzing module ila_0_ltlib_v1_0_0_all_typeA_slice__parameterized0_101
INFO: [VRFC 10-311] analyzing module ila_0_ltlib_v1_0_0_all_typeA_slice__parameterized0_105
INFO: [VRFC 10-311] analyzing module ila_0_ltlib_v1_0_0_all_typeA_slice__parameterized0_109
INFO: [VRFC 10-311] analyzing module ila_0_ltlib_v1_0_0_all_typeA_slice__parameterized0_113
INFO: [VRFC 10-311] analyzing module ila_0_ltlib_v1_0_0_all_typeA_slice__parameterized0_117
INFO: [VRFC 10-311] analyzing module ila_0_ltlib_v1_0_0_all_typeA_slice__parameterized0_121
INFO: [VRFC 10-311] analyzing module ila_0_ltlib_v1_0_0_all_typeA_slice__parameterized0_125
INFO: [VRFC 10-311] analyzing module ila_0_ltlib_v1_0_0_all_typeA_slice__parameterized0_129
INFO: [VRFC 10-311] analyzing module ila_0_ltlib_v1_0_0_all_typeA_slice__parameterized0_133
INFO: [VRFC 10-311] analyzing module ila_0_ltlib_v1_0_0_all_typeA_slice__parameterized0_137
INFO: [VRFC 10-311] analyzing module ila_0_ltlib_v1_0_0_all_typeA_slice__parameterized0_141
INFO: [VRFC 10-311] analyzing module ila_0_ltlib_v1_0_0_all_typeA_slice__parameterized0_145
INFO: [VRFC 10-311] analyzing module ila_0_ltlib_v1_0_0_all_typeA_slice__parameterized0_149
INFO: [VRFC 10-311] analyzing module ila_0_ltlib_v1_0_0_all_typeA_slice__parameterized0_153
INFO: [VRFC 10-311] analyzing module ila_0_ltlib_v1_0_0_all_typeA_slice__parameterized0_157
INFO: [VRFC 10-311] analyzing module ila_0_ltlib_v1_0_0_all_typeA_slice__parameterized0_161
INFO: [VRFC 10-311] analyzing module ila_0_ltlib_v1_0_0_all_typeA_slice__parameterized0_165
INFO: [VRFC 10-311] analyzing module ila_0_ltlib_v1_0_0_all_typeA_slice__parameterized0_169
INFO: [VRFC 10-311] analyzing module ila_0_ltlib_v1_0_0_all_typeA_slice__parameterized0_173
INFO: [VRFC 10-311] analyzing module ila_0_ltlib_v1_0_0_all_typeA_slice__parameterized0_177
INFO: [VRFC 10-311] analyzing module ila_0_ltlib_v1_0_0_all_typeA_slice__parameterized0_181
INFO: [VRFC 10-311] analyzing module ila_0_ltlib_v1_0_0_all_typeA_slice__parameterized0_185
INFO: [VRFC 10-311] analyzing module ila_0_ltlib_v1_0_0_all_typeA_slice__parameterized0_189
INFO: [VRFC 10-311] analyzing module ila_0_ltlib_v1_0_0_all_typeA_slice__parameterized0_40
INFO: [VRFC 10-311] analyzing module ila_0_ltlib_v1_0_0_all_typeA_slice__parameterized0_43
INFO: [VRFC 10-311] analyzing module ila_0_ltlib_v1_0_0_all_typeA_slice__parameterized0_45
INFO: [VRFC 10-311] analyzing module ila_0_ltlib_v1_0_0_all_typeA_slice__parameterized0_48
INFO: [VRFC 10-311] analyzing module ila_0_ltlib_v1_0_0_all_typeA_slice__parameterized0_51
INFO: [VRFC 10-311] analyzing module ila_0_ltlib_v1_0_0_all_typeA_slice__parameterized0_54
INFO: [VRFC 10-311] analyzing module ila_0_ltlib_v1_0_0_all_typeA_slice__parameterized0_57
INFO: [VRFC 10-311] analyzing module ila_0_ltlib_v1_0_0_all_typeA_slice__parameterized0_58
INFO: [VRFC 10-311] analyzing module ila_0_ltlib_v1_0_0_all_typeA_slice__parameterized0_62
INFO: [VRFC 10-311] analyzing module ila_0_ltlib_v1_0_0_all_typeA_slice__parameterized0_65
INFO: [VRFC 10-311] analyzing module ila_0_ltlib_v1_0_0_all_typeA_slice__parameterized0_69
INFO: [VRFC 10-311] analyzing module ila_0_ltlib_v1_0_0_all_typeA_slice__parameterized0_73
INFO: [VRFC 10-311] analyzing module ila_0_ltlib_v1_0_0_all_typeA_slice__parameterized0_77
INFO: [VRFC 10-311] analyzing module ila_0_ltlib_v1_0_0_all_typeA_slice__parameterized0_81
INFO: [VRFC 10-311] analyzing module ila_0_ltlib_v1_0_0_all_typeA_slice__parameterized0_85
INFO: [VRFC 10-311] analyzing module ila_0_ltlib_v1_0_0_all_typeA_slice__parameterized0_89
INFO: [VRFC 10-311] analyzing module ila_0_ltlib_v1_0_0_all_typeA_slice__parameterized0_93
INFO: [VRFC 10-311] analyzing module ila_0_ltlib_v1_0_0_all_typeA_slice__parameterized0_97
INFO: [VRFC 10-311] analyzing module ila_0_ltlib_v1_0_0_all_typeA_slice__parameterized1
INFO: [VRFC 10-311] analyzing module ila_0_ltlib_v1_0_0_all_typeA_slice__parameterized1_219
INFO: [VRFC 10-311] analyzing module ila_0_ltlib_v1_0_0_all_typeA_slice__parameterized1_227
INFO: [VRFC 10-311] analyzing module ila_0_ltlib_v1_0_0_all_typeA_slice__parameterized2
INFO: [VRFC 10-311] analyzing module ila_0_ltlib_v1_0_0_all_typeA_slice__parameterized2_220
INFO: [VRFC 10-311] analyzing module ila_0_ltlib_v1_0_0_all_typeA_slice__parameterized2_228
INFO: [VRFC 10-311] analyzing module ila_0_ltlib_v1_0_0_allx_typeA
INFO: [VRFC 10-311] analyzing module ila_0_ltlib_v1_0_0_allx_typeA_102
INFO: [VRFC 10-311] analyzing module ila_0_ltlib_v1_0_0_allx_typeA_106
INFO: [VRFC 10-311] analyzing module ila_0_ltlib_v1_0_0_allx_typeA_110
INFO: [VRFC 10-311] analyzing module ila_0_ltlib_v1_0_0_allx_typeA_114
INFO: [VRFC 10-311] analyzing module ila_0_ltlib_v1_0_0_allx_typeA_118
INFO: [VRFC 10-311] analyzing module ila_0_ltlib_v1_0_0_allx_typeA_122
INFO: [VRFC 10-311] analyzing module ila_0_ltlib_v1_0_0_allx_typeA_126
INFO: [VRFC 10-311] analyzing module ila_0_ltlib_v1_0_0_allx_typeA_130
INFO: [VRFC 10-311] analyzing module ila_0_ltlib_v1_0_0_allx_typeA_134
INFO: [VRFC 10-311] analyzing module ila_0_ltlib_v1_0_0_allx_typeA_138
INFO: [VRFC 10-311] analyzing module ila_0_ltlib_v1_0_0_allx_typeA_142
INFO: [VRFC 10-311] analyzing module ila_0_ltlib_v1_0_0_allx_typeA_146
INFO: [VRFC 10-311] analyzing module ila_0_ltlib_v1_0_0_allx_typeA_150
INFO: [VRFC 10-311] analyzing module ila_0_ltlib_v1_0_0_allx_typeA_154
INFO: [VRFC 10-311] analyzing module ila_0_ltlib_v1_0_0_allx_typeA_158
INFO: [VRFC 10-311] analyzing module ila_0_ltlib_v1_0_0_allx_typeA_162
INFO: [VRFC 10-311] analyzing module ila_0_ltlib_v1_0_0_allx_typeA_166
INFO: [VRFC 10-311] analyzing module ila_0_ltlib_v1_0_0_allx_typeA_170
INFO: [VRFC 10-311] analyzing module ila_0_ltlib_v1_0_0_allx_typeA_174
INFO: [VRFC 10-311] analyzing module ila_0_ltlib_v1_0_0_allx_typeA_178
INFO: [VRFC 10-311] analyzing module ila_0_ltlib_v1_0_0_allx_typeA_182
INFO: [VRFC 10-311] analyzing module ila_0_ltlib_v1_0_0_allx_typeA_186
INFO: [VRFC 10-311] analyzing module ila_0_ltlib_v1_0_0_allx_typeA_66
INFO: [VRFC 10-311] analyzing module ila_0_ltlib_v1_0_0_allx_typeA_70
INFO: [VRFC 10-311] analyzing module ila_0_ltlib_v1_0_0_allx_typeA_74
INFO: [VRFC 10-311] analyzing module ila_0_ltlib_v1_0_0_allx_typeA_78
INFO: [VRFC 10-311] analyzing module ila_0_ltlib_v1_0_0_allx_typeA_82
INFO: [VRFC 10-311] analyzing module ila_0_ltlib_v1_0_0_allx_typeA_86
INFO: [VRFC 10-311] analyzing module ila_0_ltlib_v1_0_0_allx_typeA_90
INFO: [VRFC 10-311] analyzing module ila_0_ltlib_v1_0_0_allx_typeA_94
INFO: [VRFC 10-311] analyzing module ila_0_ltlib_v1_0_0_allx_typeA_98
INFO: [VRFC 10-311] analyzing module ila_0_ltlib_v1_0_0_allx_typeA__parameterized0
INFO: [VRFC 10-311] analyzing module ila_0_ltlib_v1_0_0_allx_typeA__parameterized0_59
INFO: [VRFC 10-311] analyzing module ila_0_ltlib_v1_0_0_allx_typeA__parameterized1
INFO: [VRFC 10-311] analyzing module ila_0_ltlib_v1_0_0_allx_typeA__parameterized1_55
INFO: [VRFC 10-311] analyzing module ila_0_ltlib_v1_0_0_allx_typeA__parameterized2
INFO: [VRFC 10-311] analyzing module ila_0_ltlib_v1_0_0_allx_typeA__parameterized2_38
INFO: [VRFC 10-311] analyzing module ila_0_ltlib_v1_0_0_allx_typeA__parameterized2_41
INFO: [VRFC 10-311] analyzing module ila_0_ltlib_v1_0_0_allx_typeA__parameterized2_46
INFO: [VRFC 10-311] analyzing module ila_0_ltlib_v1_0_0_allx_typeA__parameterized2_49
INFO: [VRFC 10-311] analyzing module ila_0_ltlib_v1_0_0_allx_typeA__parameterized2_52
INFO: [VRFC 10-311] analyzing module ila_0_ltlib_v1_0_0_allx_typeA_nodelay
INFO: [VRFC 10-311] analyzing module ila_0_ltlib_v1_0_0_allx_typeA_nodelay_217
INFO: [VRFC 10-311] analyzing module ila_0_ltlib_v1_0_0_allx_typeA_nodelay_225
INFO: [VRFC 10-311] analyzing module ila_0_ltlib_v1_0_0_async_edge_xfer
INFO: [VRFC 10-311] analyzing module ila_0_ltlib_v1_0_0_async_edge_xfer_190
INFO: [VRFC 10-311] analyzing module ila_0_ltlib_v1_0_0_async_edge_xfer_191
INFO: [VRFC 10-311] analyzing module ila_0_ltlib_v1_0_0_async_edge_xfer_192
INFO: [VRFC 10-311] analyzing module ila_0_ltlib_v1_0_0_cfglut4
INFO: [VRFC 10-311] analyzing module ila_0_ltlib_v1_0_0_cfglut4_221
INFO: [VRFC 10-311] analyzing module ila_0_ltlib_v1_0_0_cfglut5
INFO: [VRFC 10-311] analyzing module ila_0_ltlib_v1_0_0_cfglut5_215
INFO: [VRFC 10-311] analyzing module ila_0_ltlib_v1_0_0_cfglut5_222
INFO: [VRFC 10-311] analyzing module ila_0_ltlib_v1_0_0_cfglut6
INFO: [VRFC 10-311] analyzing module ila_0_ltlib_v1_0_0_cfglut6_223
INFO: [VRFC 10-311] analyzing module ila_0_ltlib_v1_0_0_cfglut6__parameterized0
INFO: [VRFC 10-311] analyzing module ila_0_ltlib_v1_0_0_cfglut7
INFO: [VRFC 10-311] analyzing module ila_0_ltlib_v1_0_0_cfglut7_214
INFO: [VRFC 10-311] analyzing module ila_0_ltlib_v1_0_0_generic_memrd
INFO: [VRFC 10-311] analyzing module ila_0_ltlib_v1_0_0_match
INFO: [VRFC 10-311] analyzing module ila_0_ltlib_v1_0_0_match_0
INFO: [VRFC 10-311] analyzing module ila_0_ltlib_v1_0_0_match_1
INFO: [VRFC 10-311] analyzing module ila_0_ltlib_v1_0_0_match_10
INFO: [VRFC 10-311] analyzing module ila_0_ltlib_v1_0_0_match_11
INFO: [VRFC 10-311] analyzing module ila_0_ltlib_v1_0_0_match_12
INFO: [VRFC 10-311] analyzing module ila_0_ltlib_v1_0_0_match_13
INFO: [VRFC 10-311] analyzing module ila_0_ltlib_v1_0_0_match_14
INFO: [VRFC 10-311] analyzing module ila_0_ltlib_v1_0_0_match_15
INFO: [VRFC 10-311] analyzing module ila_0_ltlib_v1_0_0_match_16
INFO: [VRFC 10-311] analyzing module ila_0_ltlib_v1_0_0_match_17
INFO: [VRFC 10-311] analyzing module ila_0_ltlib_v1_0_0_match_18
INFO: [VRFC 10-311] analyzing module ila_0_ltlib_v1_0_0_match_19
INFO: [VRFC 10-311] analyzing module ila_0_ltlib_v1_0_0_match_2
INFO: [VRFC 10-311] analyzing module ila_0_ltlib_v1_0_0_match_20
INFO: [VRFC 10-311] analyzing module ila_0_ltlib_v1_0_0_match_21
INFO: [VRFC 10-311] analyzing module ila_0_ltlib_v1_0_0_match_22
INFO: [VRFC 10-311] analyzing module ila_0_ltlib_v1_0_0_match_23
INFO: [VRFC 10-311] analyzing module ila_0_ltlib_v1_0_0_match_24
INFO: [VRFC 10-311] analyzing module ila_0_ltlib_v1_0_0_match_25
INFO: [VRFC 10-311] analyzing module ila_0_ltlib_v1_0_0_match_26
INFO: [VRFC 10-311] analyzing module ila_0_ltlib_v1_0_0_match_27
INFO: [VRFC 10-311] analyzing module ila_0_ltlib_v1_0_0_match_28
INFO: [VRFC 10-311] analyzing module ila_0_ltlib_v1_0_0_match_29
INFO: [VRFC 10-311] analyzing module ila_0_ltlib_v1_0_0_match_3
INFO: [VRFC 10-311] analyzing module ila_0_ltlib_v1_0_0_match_30
INFO: [VRFC 10-311] analyzing module ila_0_ltlib_v1_0_0_match_4
INFO: [VRFC 10-311] analyzing module ila_0_ltlib_v1_0_0_match_5
INFO: [VRFC 10-311] analyzing module ila_0_ltlib_v1_0_0_match_6
INFO: [VRFC 10-311] analyzing module ila_0_ltlib_v1_0_0_match_7
INFO: [VRFC 10-311] analyzing module ila_0_ltlib_v1_0_0_match_8
INFO: [VRFC 10-311] analyzing module ila_0_ltlib_v1_0_0_match_9
INFO: [VRFC 10-311] analyzing module ila_0_ltlib_v1_0_0_match__parameterized0
INFO: [VRFC 10-311] analyzing module ila_0_ltlib_v1_0_0_match__parameterized0_31
INFO: [VRFC 10-311] analyzing module ila_0_ltlib_v1_0_0_match__parameterized1
INFO: [VRFC 10-311] analyzing module ila_0_ltlib_v1_0_0_match__parameterized1_34
INFO: [VRFC 10-311] analyzing module ila_0_ltlib_v1_0_0_match__parameterized2
INFO: [VRFC 10-311] analyzing module ila_0_ltlib_v1_0_0_match__parameterized2_32
INFO: [VRFC 10-311] analyzing module ila_0_ltlib_v1_0_0_match__parameterized2_33
INFO: [VRFC 10-311] analyzing module ila_0_ltlib_v1_0_0_match__parameterized2_35
INFO: [VRFC 10-311] analyzing module ila_0_ltlib_v1_0_0_match__parameterized2_36
INFO: [VRFC 10-311] analyzing module ila_0_ltlib_v1_0_0_match__parameterized2_37
INFO: [VRFC 10-311] analyzing module ila_0_ltlib_v1_0_0_match_nodelay
INFO: [VRFC 10-311] analyzing module ila_0_ltlib_v1_0_0_match_nodelay_216
INFO: [VRFC 10-311] analyzing module ila_0_ltlib_v1_0_0_match_nodelay_224
INFO: [VRFC 10-311] analyzing module ila_0_ltlib_v1_0_0_rising_edge_detection
INFO: [VRFC 10-311] analyzing module ila_0_ltlib_v1_0_0_rising_edge_detection_193
INFO: [VRFC 10-311] analyzing module ila_0_xsdbs_v1_0_2_reg__parameterized29
INFO: [VRFC 10-311] analyzing module ila_0_xsdbs_v1_0_2_reg__parameterized30
INFO: [VRFC 10-311] analyzing module ila_0_xsdbs_v1_0_2_reg__parameterized31
INFO: [VRFC 10-311] analyzing module ila_0_xsdbs_v1_0_2_reg__parameterized32
INFO: [VRFC 10-311] analyzing module ila_0_xsdbs_v1_0_2_reg__parameterized44
INFO: [VRFC 10-311] analyzing module ila_0_xsdbs_v1_0_2_reg__parameterized45
INFO: [VRFC 10-311] analyzing module ila_0_xsdbs_v1_0_2_reg__parameterized46
INFO: [VRFC 10-311] analyzing module ila_0_xsdbs_v1_0_2_reg__parameterized47
INFO: [VRFC 10-311] analyzing module ila_0_xsdbs_v1_0_2_reg__parameterized48
INFO: [VRFC 10-311] analyzing module ila_0_xsdbs_v1_0_2_reg__parameterized49
INFO: [VRFC 10-311] analyzing module ila_0_xsdbs_v1_0_2_reg__parameterized50
INFO: [VRFC 10-311] analyzing module ila_0_xsdbs_v1_0_2_reg__parameterized51
INFO: [VRFC 10-311] analyzing module ila_0_xsdbs_v1_0_2_reg__parameterized52
INFO: [VRFC 10-311] analyzing module ila_0_xsdbs_v1_0_2_reg__parameterized53
INFO: [VRFC 10-311] analyzing module ila_0_xsdbs_v1_0_2_reg__parameterized54
INFO: [VRFC 10-311] analyzing module ila_0_xsdbs_v1_0_2_reg__parameterized55
INFO: [VRFC 10-311] analyzing module ila_0_xsdbs_v1_0_2_reg__parameterized57
INFO: [VRFC 10-311] analyzing module ila_0_xsdbs_v1_0_2_reg__parameterized59
INFO: [VRFC 10-311] analyzing module ila_0_xsdbs_v1_0_2_reg__parameterized60
INFO: [VRFC 10-311] analyzing module ila_0_xsdbs_v1_0_2_reg__parameterized61
INFO: [VRFC 10-311] analyzing module ila_0_xsdbs_v1_0_2_reg__parameterized62
INFO: [VRFC 10-311] analyzing module ila_0_xsdbs_v1_0_2_reg_ctl
INFO: [VRFC 10-311] analyzing module ila_0_xsdbs_v1_0_2_reg_ctl_199
INFO: [VRFC 10-311] analyzing module ila_0_xsdbs_v1_0_2_reg_ctl_200
INFO: [VRFC 10-311] analyzing module ila_0_xsdbs_v1_0_2_reg_ctl_201
INFO: [VRFC 10-311] analyzing module ila_0_xsdbs_v1_0_2_reg_ctl_202
INFO: [VRFC 10-311] analyzing module ila_0_xsdbs_v1_0_2_reg_ctl_205
INFO: [VRFC 10-311] analyzing module ila_0_xsdbs_v1_0_2_reg_ctl_206
INFO: [VRFC 10-311] analyzing module ila_0_xsdbs_v1_0_2_reg_ctl_207
INFO: [VRFC 10-311] analyzing module ila_0_xsdbs_v1_0_2_reg_ctl_208
INFO: [VRFC 10-311] analyzing module ila_0_xsdbs_v1_0_2_reg_ctl_209
INFO: [VRFC 10-311] analyzing module ila_0_xsdbs_v1_0_2_reg_ctl_210
INFO: [VRFC 10-311] analyzing module ila_0_xsdbs_v1_0_2_reg_ctl_212
INFO: [VRFC 10-311] analyzing module ila_0_xsdbs_v1_0_2_reg_ctl__parameterized0
INFO: [VRFC 10-311] analyzing module ila_0_xsdbs_v1_0_2_reg_ctl__parameterized1
INFO: [VRFC 10-311] analyzing module ila_0_xsdbs_v1_0_2_reg_ctl__parameterized2
INFO: [VRFC 10-311] analyzing module ila_0_xsdbs_v1_0_2_reg_ctl__parameterized2_203
INFO: [VRFC 10-311] analyzing module ila_0_xsdbs_v1_0_2_reg_p2s
INFO: [VRFC 10-311] analyzing module ila_0_xsdbs_v1_0_2_reg_p2s__parameterized0
INFO: [VRFC 10-311] analyzing module ila_0_xsdbs_v1_0_2_reg_p2s__parameterized1
INFO: [VRFC 10-311] analyzing module ila_0_xsdbs_v1_0_2_reg_p2s__parameterized10
INFO: [VRFC 10-311] analyzing module ila_0_xsdbs_v1_0_2_reg_p2s__parameterized11
INFO: [VRFC 10-311] analyzing module ila_0_xsdbs_v1_0_2_reg_p2s__parameterized12
INFO: [VRFC 10-311] analyzing module ila_0_xsdbs_v1_0_2_reg_p2s__parameterized13
INFO: [VRFC 10-311] analyzing module ila_0_xsdbs_v1_0_2_reg_p2s__parameterized14
INFO: [VRFC 10-311] analyzing module ila_0_xsdbs_v1_0_2_reg_p2s__parameterized15
INFO: [VRFC 10-311] analyzing module ila_0_xsdbs_v1_0_2_reg_p2s__parameterized16
INFO: [VRFC 10-311] analyzing module ila_0_xsdbs_v1_0_2_reg_p2s__parameterized17
INFO: [VRFC 10-311] analyzing module ila_0_xsdbs_v1_0_2_reg_p2s__parameterized18
INFO: [VRFC 10-311] analyzing module ila_0_xsdbs_v1_0_2_reg_p2s__parameterized19
INFO: [VRFC 10-311] analyzing module ila_0_xsdbs_v1_0_2_reg_p2s__parameterized2
INFO: [VRFC 10-311] analyzing module ila_0_xsdbs_v1_0_2_reg_p2s__parameterized20
INFO: [VRFC 10-311] analyzing module ila_0_xsdbs_v1_0_2_reg_p2s__parameterized21
INFO: [VRFC 10-311] analyzing module ila_0_xsdbs_v1_0_2_reg_p2s__parameterized22
INFO: [VRFC 10-311] analyzing module ila_0_xsdbs_v1_0_2_reg_p2s__parameterized23
INFO: [VRFC 10-311] analyzing module ila_0_xsdbs_v1_0_2_reg_p2s__parameterized24
INFO: [VRFC 10-311] analyzing module ila_0_xsdbs_v1_0_2_reg_p2s__parameterized25
INFO: [VRFC 10-311] analyzing module ila_0_xsdbs_v1_0_2_reg_p2s__parameterized26
INFO: [VRFC 10-311] analyzing module ila_0_xsdbs_v1_0_2_reg_p2s__parameterized27
INFO: [VRFC 10-311] analyzing module ila_0_xsdbs_v1_0_2_reg_p2s__parameterized28
INFO: [VRFC 10-311] analyzing module ila_0_xsdbs_v1_0_2_reg_p2s__parameterized29
INFO: [VRFC 10-311] analyzing module ila_0_xsdbs_v1_0_2_reg_p2s__parameterized3
INFO: [VRFC 10-311] analyzing module ila_0_xsdbs_v1_0_2_reg_p2s__parameterized30
INFO: [VRFC 10-311] analyzing module ila_0_xsdbs_v1_0_2_reg_p2s__parameterized31
INFO: [VRFC 10-311] analyzing module ila_0_xsdbs_v1_0_2_reg_p2s__parameterized32
INFO: [VRFC 10-311] analyzing module ila_0_xsdbs_v1_0_2_reg_p2s__parameterized33
INFO: [VRFC 10-311] analyzing module ila_0_xsdbs_v1_0_2_reg_p2s__parameterized34
INFO: [VRFC 10-311] analyzing module ila_0_xsdbs_v1_0_2_reg_p2s__parameterized35
INFO: [VRFC 10-311] analyzing module ila_0_xsdbs_v1_0_2_reg_p2s__parameterized36
INFO: [VRFC 10-311] analyzing module ila_0_xsdbs_v1_0_2_reg_p2s__parameterized37
INFO: [VRFC 10-311] analyzing module ila_0_xsdbs_v1_0_2_reg_p2s__parameterized38
INFO: [VRFC 10-311] analyzing module ila_0_xsdbs_v1_0_2_reg_p2s__parameterized39
INFO: [VRFC 10-311] analyzing module ila_0_xsdbs_v1_0_2_reg_p2s__parameterized4
INFO: [VRFC 10-311] analyzing module ila_0_xsdbs_v1_0_2_reg_p2s__parameterized40
INFO: [VRFC 10-311] analyzing module ila_0_xsdbs_v1_0_2_reg_p2s__parameterized41
INFO: [VRFC 10-311] analyzing module ila_0_xsdbs_v1_0_2_reg_p2s__parameterized42
INFO: [VRFC 10-311] analyzing module ila_0_xsdbs_v1_0_2_reg_p2s__parameterized43
INFO: [VRFC 10-311] analyzing module ila_0_xsdbs_v1_0_2_reg_p2s__parameterized44
INFO: [VRFC 10-311] analyzing module ila_0_xsdbs_v1_0_2_reg_p2s__parameterized45
INFO: [VRFC 10-311] analyzing module ila_0_xsdbs_v1_0_2_reg_p2s__parameterized5
INFO: [VRFC 10-311] analyzing module ila_0_xsdbs_v1_0_2_reg_p2s__parameterized6
INFO: [VRFC 10-311] analyzing module ila_0_xsdbs_v1_0_2_reg_p2s__parameterized7
INFO: [VRFC 10-311] analyzing module ila_0_xsdbs_v1_0_2_reg_p2s__parameterized8
INFO: [VRFC 10-311] analyzing module ila_0_xsdbs_v1_0_2_reg_p2s__parameterized9
INFO: [VRFC 10-311] analyzing module ila_0_xsdbs_v1_0_2_reg_stat
INFO: [VRFC 10-311] analyzing module ila_0_xsdbs_v1_0_2_reg_stat_194
INFO: [VRFC 10-311] analyzing module ila_0_xsdbs_v1_0_2_reg_stat_195
INFO: [VRFC 10-311] analyzing module ila_0_xsdbs_v1_0_2_reg_stat_196
INFO: [VRFC 10-311] analyzing module ila_0_xsdbs_v1_0_2_reg_stat_197
INFO: [VRFC 10-311] analyzing module ila_0_xsdbs_v1_0_2_reg_stat_198
INFO: [VRFC 10-311] analyzing module ila_0_xsdbs_v1_0_2_reg_stat_204
INFO: [VRFC 10-311] analyzing module ila_0_xsdbs_v1_0_2_reg_stat_211
INFO: [VRFC 10-311] analyzing module ila_0_xsdbs_v1_0_2_reg_stat_213
INFO: [VRFC 10-311] analyzing module ila_0_xsdbs_v1_0_2_reg_stream
INFO: [VRFC 10-311] analyzing module ila_0_xsdbs_v1_0_2_reg_stream__parameterized0
INFO: [VRFC 10-311] analyzing module ila_0_xsdbs_v1_0_2_reg_stream__parameterized1
INFO: [VRFC 10-311] analyzing module ila_0_xsdbs_v1_0_2_reg_stream__parameterized2
INFO: [VRFC 10-311] analyzing module ila_0_xsdbs_v1_0_2_xsdbs
INFO: [VRFC 10-311] analyzing module glbl
INFO: [VRFC 10-2263] Analyzing Verilog file "C:/Users/vhall/Desktop/senior_design_2/senior_design_2.srcs/sim_1/new/receiver_tb.v" into library xil_defaultlib
INFO: [VRFC 10-311] analyzing module receiver_tb
INFO: [VRFC 10-2263] Analyzing Verilog file "C:/Users/vhall/Desktop/senior_design_2/senior_design_2.srcs/sim_1/new/sccb_tb.v" into library xil_defaultlib
INFO: [VRFC 10-311] analyzing module sccb_tb
INFO: [VRFC 10-2263] Analyzing Verilog file "C:/Users/vhall/Desktop/senior_design_2/senior_design_2.srcs/sim_1/new/cam1_gray_tb.v" into library xil_defaultlib
INFO: [VRFC 10-311] analyzing module cam1_gray_tb
INFO: [VRFC 10-2263] Analyzing Verilog file "C:/Users/vhall/Desktop/senior_design_2/senior_design_2.srcs/sim_1/new/fifo_tb.v" into library xil_defaultlib
INFO: [VRFC 10-311] analyzing module fifo_tb
