INFO: [VRFC 10-2263] Analyzing Verilog file "C:/Users/vhall/Desktop/senior_design_2/senior_design_2.sim/sim_1/impl/timing/xsim/cam_sys_tb_time_impl.v" into library xil_defaultlib
INFO: [VRFC 10-311] analyzing module CFGLUT5_UNIQ_BASE_
INFO: [VRFC 10-311] analyzing module CFGLUT5_HD400
INFO: [VRFC 10-311] analyzing module CFGLUT5_HD401
INFO: [VRFC 10-311] analyzing module CFGLUT5_HD402
INFO: [VRFC 10-311] analyzing module CFGLUT5_HD403
INFO: [VRFC 10-311] analyzing module CFGLUT5_HD404
INFO: [VRFC 10-311] analyzing module CFGLUT5_HD405
INFO: [VRFC 10-311] analyzing module CFGLUT5_HD406
INFO: [VRFC 10-311] analyzing module CFGLUT5_HD407
INFO: [VRFC 10-311] analyzing module CFGLUT5_HD408
INFO: [VRFC 10-311] analyzing module CFGLUT5_HD409
INFO: [VRFC 10-311] analyzing module CFGLUT5_HD410
INFO: [VRFC 10-311] analyzing module CFGLUT5_HD411
INFO: [VRFC 10-311] analyzing module CFGLUT5_HD412
INFO: [VRFC 10-311] analyzing module CFGLUT5_HD413
INFO: [VRFC 10-311] analyzing module CFGLUT5_HD414
INFO: [VRFC 10-311] analyzing module CFGLUT5_HD415
INFO: [VRFC 10-311] analyzing module CFGLUT5_HD416
INFO: [VRFC 10-311] analyzing module CFGLUT5_HD417
INFO: [VRFC 10-311] analyzing module CFGLUT5_HD418
INFO: [VRFC 10-311] analyzing module CFGLUT5_HD419
INFO: [VRFC 10-311] analyzing module CFGLUT5_HD420
INFO: [VRFC 10-311] analyzing module CFGLUT5_HD421
INFO: [VRFC 10-311] analyzing module CFGLUT5_HD422
INFO: [VRFC 10-311] analyzing module CFGLUT5_HD423
INFO: [VRFC 10-311] analyzing module CFGLUT5_HD424
INFO: [VRFC 10-311] analyzing module CFGLUT5_HD425
INFO: [VRFC 10-311] analyzing module CFGLUT5_HD426
INFO: [VRFC 10-311] analyzing module CFGLUT5_HD427
INFO: [VRFC 10-311] analyzing module CFGLUT5_HD428
INFO: [VRFC 10-311] analyzing module CFGLUT5_HD429
INFO: [VRFC 10-311] analyzing module CFGLUT5_HD430
INFO: [VRFC 10-311] analyzing module CFGLUT5_HD431
INFO: [VRFC 10-311] analyzing module CFGLUT5_HD432
INFO: [VRFC 10-311] analyzing module CFGLUT5_HD433
INFO: [VRFC 10-311] analyzing module CFGLUT5_HD434
INFO: [VRFC 10-311] analyzing module CFGLUT5_HD435
INFO: [VRFC 10-311] analyzing module CFGLUT5_HD436
INFO: [VRFC 10-311] analyzing module CFGLUT5_HD437
INFO: [VRFC 10-311] analyzing module CFGLUT5_HD438
INFO: [VRFC 10-311] analyzing module CFGLUT5_HD439
INFO: [VRFC 10-311] analyzing module CFGLUT5_HD440
INFO: [VRFC 10-311] analyzing module CFGLUT5_HD441
INFO: [VRFC 10-311] analyzing module CFGLUT5_HD442
INFO: [VRFC 10-311] analyzing module CFGLUT5_HD443
INFO: [VRFC 10-311] analyzing module CFGLUT5_HD444
INFO: [VRFC 10-311] analyzing module CFGLUT5_HD445
INFO: [VRFC 10-311] analyzing module CFGLUT5_HD446
INFO: [VRFC 10-311] analyzing module CFGLUT5_HD447
INFO: [VRFC 10-311] analyzing module CFGLUT5_HD448
INFO: [VRFC 10-311] analyzing module CFGLUT5_HD449
INFO: [VRFC 10-311] analyzing module CFGLUT5_HD450
INFO: [VRFC 10-311] analyzing module CFGLUT5_HD451
INFO: [VRFC 10-311] analyzing module CFGLUT5_HD452
INFO: [VRFC 10-311] analyzing module CFGLUT5_HD453
INFO: [VRFC 10-311] analyzing module CFGLUT5_HD454
INFO: [VRFC 10-311] analyzing module CFGLUT5_HD455
INFO: [VRFC 10-311] analyzing module CFGLUT5_HD456
INFO: [VRFC 10-311] analyzing module CFGLUT5_HD457
INFO: [VRFC 10-311] analyzing module CFGLUT5_HD458
INFO: [VRFC 10-311] analyzing module CFGLUT5_HD459
INFO: [VRFC 10-311] analyzing module CFGLUT5_HD460
INFO: [VRFC 10-311] analyzing module CFGLUT5_HD461
INFO: [VRFC 10-311] analyzing module CFGLUT5_HD462
INFO: [VRFC 10-311] analyzing module CFGLUT5_HD463
INFO: [VRFC 10-311] analyzing module CFGLUT5_HD464
INFO: [VRFC 10-311] analyzing module CFGLUT5_HD465
INFO: [VRFC 10-311] analyzing module CFGLUT5_HD466
INFO: [VRFC 10-311] analyzing module CFGLUT5_HD467
INFO: [VRFC 10-311] analyzing module CFGLUT5_HD468
INFO: [VRFC 10-311] analyzing module CFGLUT5_HD469
INFO: [VRFC 10-311] analyzing module CFGLUT5_HD470
INFO: [VRFC 10-311] analyzing module CFGLUT5_HD471
INFO: [VRFC 10-311] analyzing module CFGLUT5_HD472
INFO: [VRFC 10-311] analyzing module CFGLUT5_HD473
INFO: [VRFC 10-311] analyzing module CFGLUT5_HD474
INFO: [VRFC 10-311] analyzing module CFGLUT5_HD475
INFO: [VRFC 10-311] analyzing module CFGLUT5_HD476
INFO: [VRFC 10-311] analyzing module CFGLUT5_HD477
INFO: [VRFC 10-311] analyzing module CFGLUT5_HD478
INFO: [VRFC 10-311] analyzing module CFGLUT5_HD479
INFO: [VRFC 10-311] analyzing module CFGLUT5_HD480
INFO: [VRFC 10-311] analyzing module CFGLUT5_HD481
INFO: [VRFC 10-311] analyzing module CFGLUT5_HD482
INFO: [VRFC 10-311] analyzing module CFGLUT5_HD483
INFO: [VRFC 10-311] analyzing module CFGLUT5_HD484
INFO: [VRFC 10-311] analyzing module CFGLUT5_HD485
INFO: [VRFC 10-311] analyzing module CFGLUT5_HD486
INFO: [VRFC 10-311] analyzing module CFGLUT5_HD487
INFO: [VRFC 10-311] analyzing module CFGLUT5_HD488
INFO: [VRFC 10-311] analyzing module CFGLUT5_HD489
INFO: [VRFC 10-311] analyzing module CFGLUT5_HD490
INFO: [VRFC 10-311] analyzing module CFGLUT5_HD491
INFO: [VRFC 10-311] analyzing module CFGLUT5_HD492
INFO: [VRFC 10-311] analyzing module CFGLUT5_HD493
INFO: [VRFC 10-311] analyzing module CFGLUT5_HD494
INFO: [VRFC 10-311] analyzing module CFGLUT5_HD495
INFO: [VRFC 10-311] analyzing module CFGLUT5_HD496
INFO: [VRFC 10-311] analyzing module CFGLUT5_HD497
INFO: [VRFC 10-311] analyzing module CFGLUT5_HD498
INFO: [VRFC 10-311] analyzing module CFGLUT5_HD499
INFO: [VRFC 10-311] analyzing module CFGLUT5_HD500
INFO: [VRFC 10-311] analyzing module CFGLUT5_HD501
INFO: [VRFC 10-311] analyzing module CFGLUT5_HD502
INFO: [VRFC 10-311] analyzing module CFGLUT5_HD503
INFO: [VRFC 10-311] analyzing module CFGLUT5_HD504
INFO: [VRFC 10-311] analyzing module CFGLUT5_HD505
INFO: [VRFC 10-311] analyzing module CFGLUT5_HD506
INFO: [VRFC 10-311] analyzing module CFGLUT5_HD507
INFO: [VRFC 10-311] analyzing module CFGLUT5_HD508
INFO: [VRFC 10-311] analyzing module CFGLUT5_HD509
INFO: [VRFC 10-311] analyzing module CFGLUT5_HD510
INFO: [VRFC 10-311] analyzing module CFGLUT5_HD511
INFO: [VRFC 10-311] analyzing module CFGLUT5_HD512
INFO: [VRFC 10-311] analyzing module CFGLUT5_HD513
INFO: [VRFC 10-311] analyzing module CFGLUT5_HD514
INFO: [VRFC 10-311] analyzing module CFGLUT5_HD515
INFO: [VRFC 10-311] analyzing module CFGLUT5_HD516
INFO: [VRFC 10-311] analyzing module CFGLUT5_HD517
INFO: [VRFC 10-311] analyzing module CFGLUT5_HD518
INFO: [VRFC 10-311] analyzing module CFGLUT5_HD519
INFO: [VRFC 10-311] analyzing module CFGLUT5_HD520
INFO: [VRFC 10-311] analyzing module CFGLUT5_HD521
INFO: [VRFC 10-311] analyzing module CFGLUT5_HD522
INFO: [VRFC 10-311] analyzing module CFGLUT5_HD523
INFO: [VRFC 10-311] analyzing module CFGLUT5_HD524
INFO: [VRFC 10-311] analyzing module CFGLUT5_HD525
INFO: [VRFC 10-311] analyzing module CFGLUT5_HD526
INFO: [VRFC 10-311] analyzing module CFGLUT5_HD527
INFO: [VRFC 10-311] analyzing module CFGLUT5_HD528
INFO: [VRFC 10-311] analyzing module CFGLUT5_HD529
INFO: [VRFC 10-311] analyzing module CFGLUT5_HD530
INFO: [VRFC 10-311] analyzing module CFGLUT5_HD531
INFO: [VRFC 10-311] analyzing module CFGLUT5_HD532
INFO: [VRFC 10-311] analyzing module CFGLUT5_HD533
INFO: [VRFC 10-311] analyzing module CFGLUT5_HD534
INFO: [VRFC 10-311] analyzing module CFGLUT5_HD535
INFO: [VRFC 10-311] analyzing module CFGLUT5_HD536
INFO: [VRFC 10-311] analyzing module CFGLUT5_HD537
INFO: [VRFC 10-311] analyzing module CFGLUT5_HD538
INFO: [VRFC 10-311] analyzing module CFGLUT5_HD539
INFO: [VRFC 10-311] analyzing module CFGLUT5_HD540
INFO: [VRFC 10-311] analyzing module CFGLUT5_HD541
INFO: [VRFC 10-311] analyzing module CFGLUT5_HD542
INFO: [VRFC 10-311] analyzing module CFGLUT5_HD543
INFO: [VRFC 10-311] analyzing module CFGLUT5_HD544
INFO: [VRFC 10-311] analyzing module CFGLUT5_HD545
INFO: [VRFC 10-311] analyzing module CFGLUT5_HD546
INFO: [VRFC 10-311] analyzing module CFGLUT5_HD547
INFO: [VRFC 10-311] analyzing module CFGLUT5_HD548
INFO: [VRFC 10-311] analyzing module CFGLUT5_HD549
INFO: [VRFC 10-311] analyzing module CFGLUT5_HD550
INFO: [VRFC 10-311] analyzing module CFGLUT5_HD551
INFO: [VRFC 10-311] analyzing module CFGLUT5_HD552
INFO: [VRFC 10-311] analyzing module CFGLUT5_HD553
INFO: [VRFC 10-311] analyzing module CFGLUT5_HD554
INFO: [VRFC 10-311] analyzing module CFGLUT5_HD555
INFO: [VRFC 10-311] analyzing module CFGLUT5_HD556
INFO: [VRFC 10-311] analyzing module CFGLUT5_HD557
INFO: [VRFC 10-311] analyzing module CFGLUT5_HD558
INFO: [VRFC 10-311] analyzing module CFGLUT5_HD559
INFO: [VRFC 10-311] analyzing module CFGLUT5_HD560
INFO: [VRFC 10-311] analyzing module CFGLUT5_HD561
INFO: [VRFC 10-311] analyzing module CFGLUT5_HD562
INFO: [VRFC 10-311] analyzing module CFGLUT5_HD563
INFO: [VRFC 10-311] analyzing module CFGLUT5_HD564
INFO: [VRFC 10-311] analyzing module CFGLUT5_HD565
INFO: [VRFC 10-311] analyzing module CFGLUT5_HD566
INFO: [VRFC 10-311] analyzing module CFGLUT5_HD567
INFO: [VRFC 10-311] analyzing module CFGLUT5_HD568
INFO: [VRFC 10-311] analyzing module CFGLUT5_HD569
INFO: [VRFC 10-311] analyzing module CFGLUT5_HD570
INFO: [VRFC 10-311] analyzing module CFGLUT5_HD571
INFO: [VRFC 10-311] analyzing module CFGLUT5_HD572
INFO: [VRFC 10-311] analyzing module CFGLUT5_HD573
INFO: [VRFC 10-311] analyzing module CFGLUT5_HD574
INFO: [VRFC 10-311] analyzing module CFGLUT5_HD575
INFO: [VRFC 10-311] analyzing module CFGLUT5_HD576
INFO: [VRFC 10-311] analyzing module CFGLUT5_HD577
INFO: [VRFC 10-311] analyzing module CFGLUT5_HD578
INFO: [VRFC 10-311] analyzing module CFGLUT5_HD579
INFO: [VRFC 10-311] analyzing module CFGLUT5_HD580
INFO: [VRFC 10-311] analyzing module CFGLUT5_HD581
INFO: [VRFC 10-311] analyzing module CFGLUT5_HD582
INFO: [VRFC 10-311] analyzing module RAM32M_UNIQ_BASE_
INFO: [VRFC 10-311] analyzing module RAM32M_HD364
INFO: [VRFC 10-311] analyzing module RAM32M_HD365
INFO: [VRFC 10-311] analyzing module RAM32M_HD366
INFO: [VRFC 10-311] analyzing module RAM32M_HD367
INFO: [VRFC 10-311] analyzing module RAM32M_HD368
INFO: [VRFC 10-311] analyzing module RAM64M_UNIQ_BASE_
INFO: [VRFC 10-311] analyzing module RAM64M_HD369
INFO: [VRFC 10-311] analyzing module RAM64M_HD370
INFO: [VRFC 10-311] analyzing module RAM64M_HD371
INFO: [VRFC 10-311] analyzing module RAM64M_HD372
INFO: [VRFC 10-311] analyzing module RAM64M_HD373
INFO: [VRFC 10-311] analyzing module RAM64M_HD374
INFO: [VRFC 10-311] analyzing module RAM64M_HD375
INFO: [VRFC 10-311] analyzing module RAM64M_HD376
INFO: [VRFC 10-311] analyzing module RAM64M_HD377
INFO: [VRFC 10-311] analyzing module RAM64M_HD378
INFO: [VRFC 10-311] analyzing module RAM64M_HD379
INFO: [VRFC 10-311] analyzing module RAM64M_HD380
INFO: [VRFC 10-311] analyzing module RAM64M_HD381
INFO: [VRFC 10-311] analyzing module RAM64M_HD382
INFO: [VRFC 10-311] analyzing module RAM64M_HD383
INFO: [VRFC 10-311] analyzing module RAM64M_HD384
INFO: [VRFC 10-311] analyzing module RAM64M_HD385
INFO: [VRFC 10-311] analyzing module RAM64M_HD386
INFO: [VRFC 10-311] analyzing module RAM64M_HD387
INFO: [VRFC 10-311] analyzing module RAM64M_HD388
INFO: [VRFC 10-311] analyzing module RAM64M_HD389
INFO: [VRFC 10-311] analyzing module RAM64M_HD390
INFO: [VRFC 10-311] analyzing module RAM64M_HD391
INFO: [VRFC 10-311] analyzing module RAM64M_HD392
INFO: [VRFC 10-311] analyzing module RAM64M_HD393
INFO: [VRFC 10-311] analyzing module RAM64M_HD394
INFO: [VRFC 10-311] analyzing module RAM64M_HD395
INFO: [VRFC 10-311] analyzing module RAM64M_HD396
INFO: [VRFC 10-311] analyzing module RAM64M_HD397
INFO: [VRFC 10-311] analyzing module RAM64M_HD398
INFO: [VRFC 10-311] analyzing module RAM64M_HD399
INFO: [VRFC 10-311] analyzing module dbg_hub_CV
INFO: [VRFC 10-311] analyzing module dbg_hub_CVclk_x_pntrs
INFO: [VRFC 10-311] analyzing module dbg_hub_CVclk_x_pntrs_7
INFO: [VRFC 10-311] analyzing module dbg_hub_CVdmem
INFO: [VRFC 10-311] analyzing module dbg_hub_CVdmem_13
INFO: [VRFC 10-311] analyzing module dbg_hub_CVfifo_generator_ramfifo
INFO: [VRFC 10-311] analyzing module dbg_hub_CVfifo_generator_ramfifo__parameterized0
INFO: [VRFC 10-311] analyzing module dbg_hub_CVfifo_generator_top
INFO: [VRFC 10-311] analyzing module dbg_hub_CVfifo_generator_top__parameterized0
INFO: [VRFC 10-311] analyzing module dbg_hub_CVfifo_generator_v13_1_4
INFO: [VRFC 10-311] analyzing module dbg_hub_CVfifo_generator_v13_1_4__parameterized0
INFO: [VRFC 10-311] analyzing module dbg_hub_CVfifo_generator_v13_1_4_synth
INFO: [VRFC 10-311] analyzing module dbg_hub_CVfifo_generator_v13_1_4_synth__parameterized0
INFO: [VRFC 10-311] analyzing module dbg_hub_CVltlib_v1_0_0_bscan
INFO: [VRFC 10-311] analyzing module dbg_hub_CVmemory
INFO: [VRFC 10-311] analyzing module dbg_hub_CVmemory__parameterized0
INFO: [VRFC 10-311] analyzing module dbg_hub_CVrd_bin_cntr
INFO: [VRFC 10-311] analyzing module dbg_hub_CVrd_bin_cntr_17
INFO: [VRFC 10-311] analyzing module dbg_hub_CVrd_fwft
INFO: [VRFC 10-311] analyzing module dbg_hub_CVrd_logic
INFO: [VRFC 10-311] analyzing module dbg_hub_CVrd_logic__parameterized0
INFO: [VRFC 10-311] analyzing module dbg_hub_CVrd_status_flags_as
INFO: [VRFC 10-311] analyzing module dbg_hub_CVrd_status_flags_as_16
INFO: [VRFC 10-311] analyzing module dbg_hub_CVreset_blk_ramfifo
INFO: [VRFC 10-311] analyzing module dbg_hub_CVreset_blk_ramfifo_8
INFO: [VRFC 10-311] analyzing module dbg_hub_CVsynchronizer_ff
INFO: [VRFC 10-311] analyzing module dbg_hub_CVsynchronizer_ff_1
INFO: [VRFC 10-311] analyzing module dbg_hub_CVsynchronizer_ff_10
INFO: [VRFC 10-311] analyzing module dbg_hub_CVsynchronizer_ff_11
INFO: [VRFC 10-311] analyzing module dbg_hub_CVsynchronizer_ff_12
INFO: [VRFC 10-311] analyzing module dbg_hub_CVsynchronizer_ff_2
INFO: [VRFC 10-311] analyzing module dbg_hub_CVsynchronizer_ff_3
INFO: [VRFC 10-311] analyzing module dbg_hub_CVsynchronizer_ff_9
INFO: [VRFC 10-311] analyzing module dbg_hub_CVsynchronizer_ff__parameterized0
INFO: [VRFC 10-311] analyzing module dbg_hub_CVsynchronizer_ff__parameterized0_18
INFO: [VRFC 10-311] analyzing module dbg_hub_CVsynchronizer_ff__parameterized0_19
INFO: [VRFC 10-311] analyzing module dbg_hub_CVsynchronizer_ff__parameterized0_20
INFO: [VRFC 10-311] analyzing module dbg_hub_CVsynchronizer_ff__parameterized0_21
INFO: [VRFC 10-311] analyzing module dbg_hub_CVsynchronizer_ff__parameterized0_4
INFO: [VRFC 10-311] analyzing module dbg_hub_CVsynchronizer_ff__parameterized0_5
INFO: [VRFC 10-311] analyzing module dbg_hub_CVsynchronizer_ff__parameterized0_6
INFO: [VRFC 10-311] analyzing module dbg_hub_CVwr_bin_cntr
INFO: [VRFC 10-311] analyzing module dbg_hub_CVwr_bin_cntr_15
INFO: [VRFC 10-311] analyzing module dbg_hub_CVwr_logic
INFO: [VRFC 10-311] analyzing module dbg_hub_CVwr_logic__parameterized0
INFO: [VRFC 10-311] analyzing module dbg_hub_CVwr_status_flags_as
INFO: [VRFC 10-311] analyzing module dbg_hub_CVwr_status_flags_as_14
INFO: [VRFC 10-311] analyzing module dbg_hub_CVxsdbm_v3_0_0_addr_ctl
INFO: [VRFC 10-311] analyzing module dbg_hub_CVxsdbm_v3_0_0_bscan_switch
INFO: [VRFC 10-311] analyzing module dbg_hub_CVxsdbm_v3_0_0_burst_wdlen_ctl
INFO: [VRFC 10-311] analyzing module dbg_hub_CVxsdbm_v3_0_0_bus_ctl
INFO: [VRFC 10-311] analyzing module dbg_hub_CVxsdbm_v3_0_0_bus_ctl_cnt
INFO: [VRFC 10-311] analyzing module dbg_hub_CVxsdbm_v3_0_0_bus_ctl_flg
INFO: [VRFC 10-311] analyzing module dbg_hub_CVxsdbm_v3_0_0_bus_ctl_flg__parameterized0
INFO: [VRFC 10-311] analyzing module dbg_hub_CVxsdbm_v3_0_0_bus_mstr2sl_if
INFO: [VRFC 10-311] analyzing module dbg_hub_CVxsdbm_v3_0_0_cmd_decode
INFO: [VRFC 10-311] analyzing module dbg_hub_CVxsdbm_v3_0_0_ctl_reg
INFO: [VRFC 10-311] analyzing module dbg_hub_CVxsdbm_v3_0_0_ctl_reg__parameterized0
INFO: [VRFC 10-311] analyzing module dbg_hub_CVxsdbm_v3_0_0_ctl_reg__parameterized1
INFO: [VRFC 10-311] analyzing module dbg_hub_CVxsdbm_v3_0_0_ctl_reg__parameterized2
INFO: [VRFC 10-311] analyzing module dbg_hub_CVxsdbm_v3_0_0_icon
INFO: [VRFC 10-311] analyzing module dbg_hub_CVxsdbm_v3_0_0_icon2xsdb
INFO: [VRFC 10-311] analyzing module dbg_hub_CVxsdbm_v3_0_0_if
INFO: [VRFC 10-311] analyzing module dbg_hub_CVxsdbm_v3_0_0_if_static_status
INFO: [VRFC 10-311] analyzing module dbg_hub_CVxsdbm_v3_0_0_rdfifo
INFO: [VRFC 10-311] analyzing module dbg_hub_CVxsdbm_v3_0_0_rdreg
INFO: [VRFC 10-311] analyzing module dbg_hub_CVxsdbm_v3_0_0_stat
INFO: [VRFC 10-311] analyzing module dbg_hub_CVxsdbm_v3_0_0_stat_reg
INFO: [VRFC 10-311] analyzing module dbg_hub_CVxsdbm_v3_0_0_stat_reg__parameterized0
INFO: [VRFC 10-311] analyzing module dbg_hub_CVxsdbm_v3_0_0_stat_reg__parameterized0_0
INFO: [VRFC 10-311] analyzing module dbg_hub_CVxsdbm_v3_0_0_sync
INFO: [VRFC 10-311] analyzing module dbg_hub_CVxsdbm_v3_0_0_wrfifo
INFO: [VRFC 10-311] analyzing module dbg_hub_CVxsdbm_v3_0_0_wrreg
INFO: [VRFC 10-311] analyzing module dbg_hub_CVxsdbm_v3_0_0_xsdbm
INFO: [VRFC 10-311] analyzing module dbg_hub_CVxsdbm_v3_0_0_xsdbm_id
INFO: [VRFC 10-311] analyzing module cam_reg_config
INFO: [VRFC 10-311] analyzing module camera_receiver
INFO: [VRFC 10-311] analyzing module camera_top
INFO: [VRFC 10-311] analyzing module clk_div
INFO: [VRFC 10-311] analyzing module ila_0
INFO: [VRFC 10-311] analyzing module rgb2gray
INFO: [VRFC 10-311] analyzing module sccb
INFO: [VRFC 10-311] analyzing module top
INFO: [VRFC 10-311] analyzing module ila_0_bindec
INFO: [VRFC 10-311] analyzing module ila_0_blk_mem_gen_generic_cstr
INFO: [VRFC 10-311] analyzing module ila_0_blk_mem_gen_mux__parameterized0
INFO: [VRFC 10-311] analyzing module ila_0_blk_mem_gen_prim_width
INFO: [VRFC 10-311] analyzing module ila_0_blk_mem_gen_prim_width__parameterized0
INFO: [VRFC 10-311] analyzing module ila_0_blk_mem_gen_prim_width__parameterized1
INFO: [VRFC 10-311] analyzing module ila_0_blk_mem_gen_prim_width__parameterized10
INFO: [VRFC 10-311] analyzing module ila_0_blk_mem_gen_prim_width__parameterized11
INFO: [VRFC 10-311] analyzing module ila_0_blk_mem_gen_prim_width__parameterized12
INFO: [VRFC 10-311] analyzing module ila_0_blk_mem_gen_prim_width__parameterized13
INFO: [VRFC 10-311] analyzing module ila_0_blk_mem_gen_prim_width__parameterized14
INFO: [VRFC 10-311] analyzing module ila_0_blk_mem_gen_prim_width__parameterized15
INFO: [VRFC 10-311] analyzing module ila_0_blk_mem_gen_prim_width__parameterized2
INFO: [VRFC 10-311] analyzing module ila_0_blk_mem_gen_prim_width__parameterized3
INFO: [VRFC 10-311] analyzing module ila_0_blk_mem_gen_prim_width__parameterized4
INFO: [VRFC 10-311] analyzing module ila_0_blk_mem_gen_prim_width__parameterized5
INFO: [VRFC 10-311] analyzing module ila_0_blk_mem_gen_prim_width__parameterized6
INFO: [VRFC 10-311] analyzing module ila_0_blk_mem_gen_prim_width__parameterized7
INFO: [VRFC 10-311] analyzing module ila_0_blk_mem_gen_prim_width__parameterized8
INFO: [VRFC 10-311] analyzing module ila_0_blk_mem_gen_prim_width__parameterized9
INFO: [VRFC 10-311] analyzing module ila_0_blk_mem_gen_prim_wrapper
INFO: [VRFC 10-311] analyzing module ila_0_blk_mem_gen_prim_wrapper__parameterized0
INFO: [VRFC 10-311] analyzing module ila_0_blk_mem_gen_prim_wrapper__parameterized1
INFO: [VRFC 10-311] analyzing module ila_0_blk_mem_gen_prim_wrapper__parameterized10
INFO: [VRFC 10-311] analyzing module ila_0_blk_mem_gen_prim_wrapper__parameterized11
INFO: [VRFC 10-311] analyzing module ila_0_blk_mem_gen_prim_wrapper__parameterized12
INFO: [VRFC 10-311] analyzing module ila_0_blk_mem_gen_prim_wrapper__parameterized13
INFO: [VRFC 10-311] analyzing module ila_0_blk_mem_gen_prim_wrapper__parameterized14
INFO: [VRFC 10-311] analyzing module ila_0_blk_mem_gen_prim_wrapper__parameterized15
INFO: [VRFC 10-311] analyzing module ila_0_blk_mem_gen_prim_wrapper__parameterized2
INFO: [VRFC 10-311] analyzing module ila_0_blk_mem_gen_prim_wrapper__parameterized3
INFO: [VRFC 10-311] analyzing module ila_0_blk_mem_gen_prim_wrapper__parameterized4
INFO: [VRFC 10-311] analyzing module ila_0_blk_mem_gen_prim_wrapper__parameterized5
INFO: [VRFC 10-311] analyzing module ila_0_blk_mem_gen_prim_wrapper__parameterized6
INFO: [VRFC 10-311] analyzing module ila_0_blk_mem_gen_prim_wrapper__parameterized7
INFO: [VRFC 10-311] analyzing module ila_0_blk_mem_gen_prim_wrapper__parameterized8
INFO: [VRFC 10-311] analyzing module ila_0_blk_mem_gen_prim_wrapper__parameterized9
INFO: [VRFC 10-311] analyzing module ila_0_blk_mem_gen_top
INFO: [VRFC 10-311] analyzing module ila_0_blk_mem_gen_v8_3_6
INFO: [VRFC 10-311] analyzing module ila_0_blk_mem_gen_v8_3_6_synth
INFO: [VRFC 10-311] analyzing module ila_0_ila_v6_2_5_generic_counter
INFO: [VRFC 10-311] analyzing module ila_0_ila_v6_2_5_generic_counter__1
INFO: [VRFC 10-311] analyzing module ila_0_ila_v6_2_5_generic_counter__2
INFO: [VRFC 10-311] analyzing module ila_0_ila_v6_2_5_generic_counter__3
INFO: [VRFC 10-311] analyzing module ila_0_ila_v6_2_5_ila
INFO: [VRFC 10-311] analyzing module ila_0_ila_v6_2_5_ila_adv_trigger_sequencer
INFO: [VRFC 10-311] analyzing module ila_0_ila_v6_2_5_ila_cap_addrgen
INFO: [VRFC 10-311] analyzing module ila_0_ila_v6_2_5_ila_cap_ctrl_legacy
INFO: [VRFC 10-311] analyzing module ila_0_ila_v6_2_5_ila_cap_sample_counter
INFO: [VRFC 10-311] analyzing module ila_0_ila_v6_2_5_ila_cap_window_counter
INFO: [VRFC 10-311] analyzing module ila_0_ila_v6_2_5_ila_core
INFO: [VRFC 10-311] analyzing module ila_0_ila_v6_2_5_ila_counter
INFO: [VRFC 10-311] analyzing module ila_0_ila_v6_2_5_ila_fsm_memory_read
INFO: [VRFC 10-311] analyzing module ila_0_ila_v6_2_5_ila_register
INFO: [VRFC 10-311] analyzing module ila_0_ila_v6_2_5_ila_reset_ctrl
INFO: [VRFC 10-311] analyzing module ila_0_ila_v6_2_5_ila_trace_memory
INFO: [VRFC 10-311] analyzing module ila_0_ila_v6_2_5_ila_trig_match
INFO: [VRFC 10-311] analyzing module ila_0_ila_v6_2_5_ila_trigger
INFO: [VRFC 10-311] analyzing module ila_0_ltlib_v1_0_0_all_typeA
INFO: [VRFC 10-311] analyzing module ila_0_ltlib_v1_0_0_all_typeA_101
INFO: [VRFC 10-311] analyzing module ila_0_ltlib_v1_0_0_all_typeA_104
INFO: [VRFC 10-311] analyzing module ila_0_ltlib_v1_0_0_all_typeA_107
INFO: [VRFC 10-311] analyzing module ila_0_ltlib_v1_0_0_all_typeA_110
INFO: [VRFC 10-311] analyzing module ila_0_ltlib_v1_0_0_all_typeA_113
INFO: [VRFC 10-311] analyzing module ila_0_ltlib_v1_0_0_all_typeA_116
INFO: [VRFC 10-311] analyzing module ila_0_ltlib_v1_0_0_all_typeA_119
INFO: [VRFC 10-311] analyzing module ila_0_ltlib_v1_0_0_all_typeA_122
INFO: [VRFC 10-311] analyzing module ila_0_ltlib_v1_0_0_all_typeA_125
INFO: [VRFC 10-311] analyzing module ila_0_ltlib_v1_0_0_all_typeA_128
INFO: [VRFC 10-311] analyzing module ila_0_ltlib_v1_0_0_all_typeA_131
INFO: [VRFC 10-311] analyzing module ila_0_ltlib_v1_0_0_all_typeA_134
INFO: [VRFC 10-311] analyzing module ila_0_ltlib_v1_0_0_all_typeA_137
INFO: [VRFC 10-311] analyzing module ila_0_ltlib_v1_0_0_all_typeA_140
INFO: [VRFC 10-311] analyzing module ila_0_ltlib_v1_0_0_all_typeA_143
INFO: [VRFC 10-311] analyzing module ila_0_ltlib_v1_0_0_all_typeA_35
INFO: [VRFC 10-311] analyzing module ila_0_ltlib_v1_0_0_all_typeA_39
INFO: [VRFC 10-311] analyzing module ila_0_ltlib_v1_0_0_all_typeA_42
INFO: [VRFC 10-311] analyzing module ila_0_ltlib_v1_0_0_all_typeA_45
INFO: [VRFC 10-311] analyzing module ila_0_ltlib_v1_0_0_all_typeA_48
INFO: [VRFC 10-311] analyzing module ila_0_ltlib_v1_0_0_all_typeA_50
INFO: [VRFC 10-311] analyzing module ila_0_ltlib_v1_0_0_all_typeA_53
INFO: [VRFC 10-311] analyzing module ila_0_ltlib_v1_0_0_all_typeA_56
INFO: [VRFC 10-311] analyzing module ila_0_ltlib_v1_0_0_all_typeA_59
INFO: [VRFC 10-311] analyzing module ila_0_ltlib_v1_0_0_all_typeA_62
INFO: [VRFC 10-311] analyzing module ila_0_ltlib_v1_0_0_all_typeA_65
INFO: [VRFC 10-311] analyzing module ila_0_ltlib_v1_0_0_all_typeA_68
INFO: [VRFC 10-311] analyzing module ila_0_ltlib_v1_0_0_all_typeA_71
INFO: [VRFC 10-311] analyzing module ila_0_ltlib_v1_0_0_all_typeA_74
INFO: [VRFC 10-311] analyzing module ila_0_ltlib_v1_0_0_all_typeA_77
INFO: [VRFC 10-311] analyzing module ila_0_ltlib_v1_0_0_all_typeA_80
INFO: [VRFC 10-311] analyzing module ila_0_ltlib_v1_0_0_all_typeA_83
INFO: [VRFC 10-311] analyzing module ila_0_ltlib_v1_0_0_all_typeA_86
INFO: [VRFC 10-311] analyzing module ila_0_ltlib_v1_0_0_all_typeA_89
INFO: [VRFC 10-311] analyzing module ila_0_ltlib_v1_0_0_all_typeA_92
INFO: [VRFC 10-311] analyzing module ila_0_ltlib_v1_0_0_all_typeA_95
INFO: [VRFC 10-311] analyzing module ila_0_ltlib_v1_0_0_all_typeA_98
INFO: [VRFC 10-311] analyzing module ila_0_ltlib_v1_0_0_all_typeA__parameterized0
INFO: [VRFC 10-311] analyzing module ila_0_ltlib_v1_0_0_all_typeA__parameterized1
INFO: [VRFC 10-311] analyzing module ila_0_ltlib_v1_0_0_all_typeA__parameterized1_173
INFO: [VRFC 10-311] analyzing module ila_0_ltlib_v1_0_0_all_typeA__parameterized1_181
INFO: [VRFC 10-311] analyzing module ila_0_ltlib_v1_0_0_all_typeA_slice
INFO: [VRFC 10-311] analyzing module ila_0_ltlib_v1_0_0_all_typeA_slice_102
INFO: [VRFC 10-311] analyzing module ila_0_ltlib_v1_0_0_all_typeA_slice_105
INFO: [VRFC 10-311] analyzing module ila_0_ltlib_v1_0_0_all_typeA_slice_108
INFO: [VRFC 10-311] analyzing module ila_0_ltlib_v1_0_0_all_typeA_slice_111
INFO: [VRFC 10-311] analyzing module ila_0_ltlib_v1_0_0_all_typeA_slice_114
INFO: [VRFC 10-311] analyzing module ila_0_ltlib_v1_0_0_all_typeA_slice_117
INFO: [VRFC 10-311] analyzing module ila_0_ltlib_v1_0_0_all_typeA_slice_120
INFO: [VRFC 10-311] analyzing module ila_0_ltlib_v1_0_0_all_typeA_slice_123
INFO: [VRFC 10-311] analyzing module ila_0_ltlib_v1_0_0_all_typeA_slice_126
INFO: [VRFC 10-311] analyzing module ila_0_ltlib_v1_0_0_all_typeA_slice_129
INFO: [VRFC 10-311] analyzing module ila_0_ltlib_v1_0_0_all_typeA_slice_132
INFO: [VRFC 10-311] analyzing module ila_0_ltlib_v1_0_0_all_typeA_slice_135
INFO: [VRFC 10-311] analyzing module ila_0_ltlib_v1_0_0_all_typeA_slice_138
INFO: [VRFC 10-311] analyzing module ila_0_ltlib_v1_0_0_all_typeA_slice_141
INFO: [VRFC 10-311] analyzing module ila_0_ltlib_v1_0_0_all_typeA_slice_144
INFO: [VRFC 10-311] analyzing module ila_0_ltlib_v1_0_0_all_typeA_slice_36
INFO: [VRFC 10-311] analyzing module ila_0_ltlib_v1_0_0_all_typeA_slice_37
INFO: [VRFC 10-311] analyzing module ila_0_ltlib_v1_0_0_all_typeA_slice_40
INFO: [VRFC 10-311] analyzing module ila_0_ltlib_v1_0_0_all_typeA_slice_43
INFO: [VRFC 10-311] analyzing module ila_0_ltlib_v1_0_0_all_typeA_slice_46
INFO: [VRFC 10-311] analyzing module ila_0_ltlib_v1_0_0_all_typeA_slice_49
INFO: [VRFC 10-311] analyzing module ila_0_ltlib_v1_0_0_all_typeA_slice_51
INFO: [VRFC 10-311] analyzing module ila_0_ltlib_v1_0_0_all_typeA_slice_54
INFO: [VRFC 10-311] analyzing module ila_0_ltlib_v1_0_0_all_typeA_slice_57
INFO: [VRFC 10-311] analyzing module ila_0_ltlib_v1_0_0_all_typeA_slice_60
INFO: [VRFC 10-311] analyzing module ila_0_ltlib_v1_0_0_all_typeA_slice_63
INFO: [VRFC 10-311] analyzing module ila_0_ltlib_v1_0_0_all_typeA_slice_66
INFO: [VRFC 10-311] analyzing module ila_0_ltlib_v1_0_0_all_typeA_slice_69
INFO: [VRFC 10-311] analyzing module ila_0_ltlib_v1_0_0_all_typeA_slice_72
INFO: [VRFC 10-311] analyzing module ila_0_ltlib_v1_0_0_all_typeA_slice_75
INFO: [VRFC 10-311] analyzing module ila_0_ltlib_v1_0_0_all_typeA_slice_78
INFO: [VRFC 10-311] analyzing module ila_0_ltlib_v1_0_0_all_typeA_slice_81
INFO: [VRFC 10-311] analyzing module ila_0_ltlib_v1_0_0_all_typeA_slice_84
INFO: [VRFC 10-311] analyzing module ila_0_ltlib_v1_0_0_all_typeA_slice_87
INFO: [VRFC 10-311] analyzing module ila_0_ltlib_v1_0_0_all_typeA_slice_90
INFO: [VRFC 10-311] analyzing module ila_0_ltlib_v1_0_0_all_typeA_slice_93
INFO: [VRFC 10-311] analyzing module ila_0_ltlib_v1_0_0_all_typeA_slice_96
INFO: [VRFC 10-311] analyzing module ila_0_ltlib_v1_0_0_all_typeA_slice_99
INFO: [VRFC 10-311] analyzing module ila_0_ltlib_v1_0_0_all_typeA_slice__parameterized0
INFO: [VRFC 10-311] analyzing module ila_0_ltlib_v1_0_0_all_typeA_slice__parameterized1
INFO: [VRFC 10-311] analyzing module ila_0_ltlib_v1_0_0_all_typeA_slice__parameterized1_174
INFO: [VRFC 10-311] analyzing module ila_0_ltlib_v1_0_0_all_typeA_slice__parameterized1_182
INFO: [VRFC 10-311] analyzing module ila_0_ltlib_v1_0_0_all_typeA_slice__parameterized2
INFO: [VRFC 10-311] analyzing module ila_0_ltlib_v1_0_0_all_typeA_slice__parameterized2_175
INFO: [VRFC 10-311] analyzing module ila_0_ltlib_v1_0_0_all_typeA_slice__parameterized2_183
INFO: [VRFC 10-311] analyzing module ila_0_ltlib_v1_0_0_allx_typeA
INFO: [VRFC 10-311] analyzing module ila_0_ltlib_v1_0_0_allx_typeA_100
INFO: [VRFC 10-311] analyzing module ila_0_ltlib_v1_0_0_allx_typeA_103
INFO: [VRFC 10-311] analyzing module ila_0_ltlib_v1_0_0_allx_typeA_106
INFO: [VRFC 10-311] analyzing module ila_0_ltlib_v1_0_0_allx_typeA_109
INFO: [VRFC 10-311] analyzing module ila_0_ltlib_v1_0_0_allx_typeA_112
INFO: [VRFC 10-311] analyzing module ila_0_ltlib_v1_0_0_allx_typeA_115
INFO: [VRFC 10-311] analyzing module ila_0_ltlib_v1_0_0_allx_typeA_118
INFO: [VRFC 10-311] analyzing module ila_0_ltlib_v1_0_0_allx_typeA_121
INFO: [VRFC 10-311] analyzing module ila_0_ltlib_v1_0_0_allx_typeA_124
INFO: [VRFC 10-311] analyzing module ila_0_ltlib_v1_0_0_allx_typeA_127
INFO: [VRFC 10-311] analyzing module ila_0_ltlib_v1_0_0_allx_typeA_130
INFO: [VRFC 10-311] analyzing module ila_0_ltlib_v1_0_0_allx_typeA_133
INFO: [VRFC 10-311] analyzing module ila_0_ltlib_v1_0_0_allx_typeA_136
INFO: [VRFC 10-311] analyzing module ila_0_ltlib_v1_0_0_allx_typeA_139
INFO: [VRFC 10-311] analyzing module ila_0_ltlib_v1_0_0_allx_typeA_142
INFO: [VRFC 10-311] analyzing module ila_0_ltlib_v1_0_0_allx_typeA_52
INFO: [VRFC 10-311] analyzing module ila_0_ltlib_v1_0_0_allx_typeA_55
INFO: [VRFC 10-311] analyzing module ila_0_ltlib_v1_0_0_allx_typeA_58
INFO: [VRFC 10-311] analyzing module ila_0_ltlib_v1_0_0_allx_typeA_61
INFO: [VRFC 10-311] analyzing module ila_0_ltlib_v1_0_0_allx_typeA_64
INFO: [VRFC 10-311] analyzing module ila_0_ltlib_v1_0_0_allx_typeA_67
INFO: [VRFC 10-311] analyzing module ila_0_ltlib_v1_0_0_allx_typeA_70
INFO: [VRFC 10-311] analyzing module ila_0_ltlib_v1_0_0_allx_typeA_73
INFO: [VRFC 10-311] analyzing module ila_0_ltlib_v1_0_0_allx_typeA_76
INFO: [VRFC 10-311] analyzing module ila_0_ltlib_v1_0_0_allx_typeA_79
INFO: [VRFC 10-311] analyzing module ila_0_ltlib_v1_0_0_allx_typeA_82
INFO: [VRFC 10-311] analyzing module ila_0_ltlib_v1_0_0_allx_typeA_85
INFO: [VRFC 10-311] analyzing module ila_0_ltlib_v1_0_0_allx_typeA_88
INFO: [VRFC 10-311] analyzing module ila_0_ltlib_v1_0_0_allx_typeA_91
INFO: [VRFC 10-311] analyzing module ila_0_ltlib_v1_0_0_allx_typeA_94
INFO: [VRFC 10-311] analyzing module ila_0_ltlib_v1_0_0_allx_typeA_97
INFO: [VRFC 10-311] analyzing module ila_0_ltlib_v1_0_0_allx_typeA__parameterized0
INFO: [VRFC 10-311] analyzing module ila_0_ltlib_v1_0_0_allx_typeA__parameterized0_41
INFO: [VRFC 10-311] analyzing module ila_0_ltlib_v1_0_0_allx_typeA__parameterized0_44
INFO: [VRFC 10-311] analyzing module ila_0_ltlib_v1_0_0_allx_typeA__parameterized0_47
INFO: [VRFC 10-311] analyzing module ila_0_ltlib_v1_0_0_allx_typeA__parameterized1
INFO: [VRFC 10-311] analyzing module ila_0_ltlib_v1_0_0_allx_typeA__parameterized1_38
INFO: [VRFC 10-311] analyzing module ila_0_ltlib_v1_0_0_allx_typeA__parameterized2
INFO: [VRFC 10-311] analyzing module ila_0_ltlib_v1_0_0_allx_typeA_nodelay
INFO: [VRFC 10-311] analyzing module ila_0_ltlib_v1_0_0_allx_typeA_nodelay_172
INFO: [VRFC 10-311] analyzing module ila_0_ltlib_v1_0_0_allx_typeA_nodelay_180
INFO: [VRFC 10-311] analyzing module ila_0_ltlib_v1_0_0_async_edge_xfer
INFO: [VRFC 10-311] analyzing module ila_0_ltlib_v1_0_0_async_edge_xfer_145
INFO: [VRFC 10-311] analyzing module ila_0_ltlib_v1_0_0_async_edge_xfer_146
INFO: [VRFC 10-311] analyzing module ila_0_ltlib_v1_0_0_async_edge_xfer_147
INFO: [VRFC 10-311] analyzing module ila_0_ltlib_v1_0_0_cfglut4
INFO: [VRFC 10-311] analyzing module ila_0_ltlib_v1_0_0_cfglut4_176
INFO: [VRFC 10-311] analyzing module ila_0_ltlib_v1_0_0_cfglut5
INFO: [VRFC 10-311] analyzing module ila_0_ltlib_v1_0_0_cfglut5_170
INFO: [VRFC 10-311] analyzing module ila_0_ltlib_v1_0_0_cfglut5_177
INFO: [VRFC 10-311] analyzing module ila_0_ltlib_v1_0_0_cfglut6
INFO: [VRFC 10-311] analyzing module ila_0_ltlib_v1_0_0_cfglut6_178
INFO: [VRFC 10-311] analyzing module ila_0_ltlib_v1_0_0_cfglut6__parameterized0
INFO: [VRFC 10-311] analyzing module ila_0_ltlib_v1_0_0_cfglut7
INFO: [VRFC 10-311] analyzing module ila_0_ltlib_v1_0_0_cfglut7_169
INFO: [VRFC 10-311] analyzing module ila_0_ltlib_v1_0_0_generic_memrd
INFO: [VRFC 10-311] analyzing module ila_0_ltlib_v1_0_0_match
INFO: [VRFC 10-311] analyzing module ila_0_ltlib_v1_0_0_match_0
INFO: [VRFC 10-311] analyzing module ila_0_ltlib_v1_0_0_match_1
INFO: [VRFC 10-311] analyzing module ila_0_ltlib_v1_0_0_match_10
INFO: [VRFC 10-311] analyzing module ila_0_ltlib_v1_0_0_match_11
INFO: [VRFC 10-311] analyzing module ila_0_ltlib_v1_0_0_match_12
INFO: [VRFC 10-311] analyzing module ila_0_ltlib_v1_0_0_match_13
INFO: [VRFC 10-311] analyzing module ila_0_ltlib_v1_0_0_match_14
INFO: [VRFC 10-311] analyzing module ila_0_ltlib_v1_0_0_match_15
INFO: [VRFC 10-311] analyzing module ila_0_ltlib_v1_0_0_match_16
INFO: [VRFC 10-311] analyzing module ila_0_ltlib_v1_0_0_match_17
INFO: [VRFC 10-311] analyzing module ila_0_ltlib_v1_0_0_match_18
INFO: [VRFC 10-311] analyzing module ila_0_ltlib_v1_0_0_match_19
INFO: [VRFC 10-311] analyzing module ila_0_ltlib_v1_0_0_match_2
INFO: [VRFC 10-311] analyzing module ila_0_ltlib_v1_0_0_match_20
INFO: [VRFC 10-311] analyzing module ila_0_ltlib_v1_0_0_match_21
INFO: [VRFC 10-311] analyzing module ila_0_ltlib_v1_0_0_match_22
INFO: [VRFC 10-311] analyzing module ila_0_ltlib_v1_0_0_match_23
INFO: [VRFC 10-311] analyzing module ila_0_ltlib_v1_0_0_match_24
INFO: [VRFC 10-311] analyzing module ila_0_ltlib_v1_0_0_match_25
INFO: [VRFC 10-311] analyzing module ila_0_ltlib_v1_0_0_match_26
INFO: [VRFC 10-311] analyzing module ila_0_ltlib_v1_0_0_match_27
INFO: [VRFC 10-311] analyzing module ila_0_ltlib_v1_0_0_match_28
INFO: [VRFC 10-311] analyzing module ila_0_ltlib_v1_0_0_match_29
INFO: [VRFC 10-311] analyzing module ila_0_ltlib_v1_0_0_match_3
INFO: [VRFC 10-311] analyzing module ila_0_ltlib_v1_0_0_match_30
INFO: [VRFC 10-311] analyzing module ila_0_ltlib_v1_0_0_match_4
INFO: [VRFC 10-311] analyzing module ila_0_ltlib_v1_0_0_match_5
INFO: [VRFC 10-311] analyzing module ila_0_ltlib_v1_0_0_match_6
INFO: [VRFC 10-311] analyzing module ila_0_ltlib_v1_0_0_match_7
INFO: [VRFC 10-311] analyzing module ila_0_ltlib_v1_0_0_match_8
INFO: [VRFC 10-311] analyzing module ila_0_ltlib_v1_0_0_match_9
INFO: [VRFC 10-311] analyzing module ila_0_ltlib_v1_0_0_match__parameterized0
INFO: [VRFC 10-311] analyzing module ila_0_ltlib_v1_0_0_match__parameterized0_31
INFO: [VRFC 10-311] analyzing module ila_0_ltlib_v1_0_0_match__parameterized0_32
INFO: [VRFC 10-311] analyzing module ila_0_ltlib_v1_0_0_match__parameterized0_33
INFO: [VRFC 10-311] analyzing module ila_0_ltlib_v1_0_0_match__parameterized1
INFO: [VRFC 10-311] analyzing module ila_0_ltlib_v1_0_0_match__parameterized1_34
INFO: [VRFC 10-311] analyzing module ila_0_ltlib_v1_0_0_match__parameterized2
INFO: [VRFC 10-311] analyzing module ila_0_ltlib_v1_0_0_match_nodelay
INFO: [VRFC 10-311] analyzing module ila_0_ltlib_v1_0_0_match_nodelay_171
INFO: [VRFC 10-311] analyzing module ila_0_ltlib_v1_0_0_match_nodelay_179
INFO: [VRFC 10-311] analyzing module ila_0_ltlib_v1_0_0_rising_edge_detection
INFO: [VRFC 10-311] analyzing module ila_0_ltlib_v1_0_0_rising_edge_detection_148
INFO: [VRFC 10-311] analyzing module ila_0_xsdbs_v1_0_2_reg__parameterized23
INFO: [VRFC 10-311] analyzing module ila_0_xsdbs_v1_0_2_reg__parameterized24
INFO: [VRFC 10-311] analyzing module ila_0_xsdbs_v1_0_2_reg__parameterized25
INFO: [VRFC 10-311] analyzing module ila_0_xsdbs_v1_0_2_reg__parameterized26
INFO: [VRFC 10-311] analyzing module ila_0_xsdbs_v1_0_2_reg__parameterized38
INFO: [VRFC 10-311] analyzing module ila_0_xsdbs_v1_0_2_reg__parameterized39
INFO: [VRFC 10-311] analyzing module ila_0_xsdbs_v1_0_2_reg__parameterized40
INFO: [VRFC 10-311] analyzing module ila_0_xsdbs_v1_0_2_reg__parameterized41
INFO: [VRFC 10-311] analyzing module ila_0_xsdbs_v1_0_2_reg__parameterized42
INFO: [VRFC 10-311] analyzing module ila_0_xsdbs_v1_0_2_reg__parameterized43
INFO: [VRFC 10-311] analyzing module ila_0_xsdbs_v1_0_2_reg__parameterized44
INFO: [VRFC 10-311] analyzing module ila_0_xsdbs_v1_0_2_reg__parameterized45
INFO: [VRFC 10-311] analyzing module ila_0_xsdbs_v1_0_2_reg__parameterized46
INFO: [VRFC 10-311] analyzing module ila_0_xsdbs_v1_0_2_reg__parameterized47
INFO: [VRFC 10-311] analyzing module ila_0_xsdbs_v1_0_2_reg__parameterized48
INFO: [VRFC 10-311] analyzing module ila_0_xsdbs_v1_0_2_reg__parameterized49
INFO: [VRFC 10-311] analyzing module ila_0_xsdbs_v1_0_2_reg__parameterized51
INFO: [VRFC 10-311] analyzing module ila_0_xsdbs_v1_0_2_reg__parameterized53
INFO: [VRFC 10-311] analyzing module ila_0_xsdbs_v1_0_2_reg__parameterized54
INFO: [VRFC 10-311] analyzing module ila_0_xsdbs_v1_0_2_reg__parameterized55
INFO: [VRFC 10-311] analyzing module ila_0_xsdbs_v1_0_2_reg__parameterized56
INFO: [VRFC 10-311] analyzing module ila_0_xsdbs_v1_0_2_reg_ctl
INFO: [VRFC 10-311] analyzing module ila_0_xsdbs_v1_0_2_reg_ctl_154
INFO: [VRFC 10-311] analyzing module ila_0_xsdbs_v1_0_2_reg_ctl_155
INFO: [VRFC 10-311] analyzing module ila_0_xsdbs_v1_0_2_reg_ctl_156
INFO: [VRFC 10-311] analyzing module ila_0_xsdbs_v1_0_2_reg_ctl_157
INFO: [VRFC 10-311] analyzing module ila_0_xsdbs_v1_0_2_reg_ctl_160
INFO: [VRFC 10-311] analyzing module ila_0_xsdbs_v1_0_2_reg_ctl_161
INFO: [VRFC 10-311] analyzing module ila_0_xsdbs_v1_0_2_reg_ctl_162
INFO: [VRFC 10-311] analyzing module ila_0_xsdbs_v1_0_2_reg_ctl_163
INFO: [VRFC 10-311] analyzing module ila_0_xsdbs_v1_0_2_reg_ctl_164
INFO: [VRFC 10-311] analyzing module ila_0_xsdbs_v1_0_2_reg_ctl_165
INFO: [VRFC 10-311] analyzing module ila_0_xsdbs_v1_0_2_reg_ctl_167
INFO: [VRFC 10-311] analyzing module ila_0_xsdbs_v1_0_2_reg_ctl__parameterized0
INFO: [VRFC 10-311] analyzing module ila_0_xsdbs_v1_0_2_reg_ctl__parameterized1
INFO: [VRFC 10-311] analyzing module ila_0_xsdbs_v1_0_2_reg_ctl__parameterized2
INFO: [VRFC 10-311] analyzing module ila_0_xsdbs_v1_0_2_reg_ctl__parameterized2_158
INFO: [VRFC 10-311] analyzing module ila_0_xsdbs_v1_0_2_reg_p2s
INFO: [VRFC 10-311] analyzing module ila_0_xsdbs_v1_0_2_reg_p2s__parameterized0
INFO: [VRFC 10-311] analyzing module ila_0_xsdbs_v1_0_2_reg_p2s__parameterized1
INFO: [VRFC 10-311] analyzing module ila_0_xsdbs_v1_0_2_reg_p2s__parameterized10
INFO: [VRFC 10-311] analyzing module ila_0_xsdbs_v1_0_2_reg_p2s__parameterized11
INFO: [VRFC 10-311] analyzing module ila_0_xsdbs_v1_0_2_reg_p2s__parameterized12
INFO: [VRFC 10-311] analyzing module ila_0_xsdbs_v1_0_2_reg_p2s__parameterized13
INFO: [VRFC 10-311] analyzing module ila_0_xsdbs_v1_0_2_reg_p2s__parameterized14
INFO: [VRFC 10-311] analyzing module ila_0_xsdbs_v1_0_2_reg_p2s__parameterized15
INFO: [VRFC 10-311] analyzing module ila_0_xsdbs_v1_0_2_reg_p2s__parameterized16
INFO: [VRFC 10-311] analyzing module ila_0_xsdbs_v1_0_2_reg_p2s__parameterized17
INFO: [VRFC 10-311] analyzing module ila_0_xsdbs_v1_0_2_reg_p2s__parameterized18
INFO: [VRFC 10-311] analyzing module ila_0_xsdbs_v1_0_2_reg_p2s__parameterized19
INFO: [VRFC 10-311] analyzing module ila_0_xsdbs_v1_0_2_reg_p2s__parameterized2
INFO: [VRFC 10-311] analyzing module ila_0_xsdbs_v1_0_2_reg_p2s__parameterized20
INFO: [VRFC 10-311] analyzing module ila_0_xsdbs_v1_0_2_reg_p2s__parameterized21
INFO: [VRFC 10-311] analyzing module ila_0_xsdbs_v1_0_2_reg_p2s__parameterized22
INFO: [VRFC 10-311] analyzing module ila_0_xsdbs_v1_0_2_reg_p2s__parameterized23
INFO: [VRFC 10-311] analyzing module ila_0_xsdbs_v1_0_2_reg_p2s__parameterized24
INFO: [VRFC 10-311] analyzing module ila_0_xsdbs_v1_0_2_reg_p2s__parameterized25
INFO: [VRFC 10-311] analyzing module ila_0_xsdbs_v1_0_2_reg_p2s__parameterized26
INFO: [VRFC 10-311] analyzing module ila_0_xsdbs_v1_0_2_reg_p2s__parameterized27
INFO: [VRFC 10-311] analyzing module ila_0_xsdbs_v1_0_2_reg_p2s__parameterized28
INFO: [VRFC 10-311] analyzing module ila_0_xsdbs_v1_0_2_reg_p2s__parameterized29
INFO: [VRFC 10-311] analyzing module ila_0_xsdbs_v1_0_2_reg_p2s__parameterized3
INFO: [VRFC 10-311] analyzing module ila_0_xsdbs_v1_0_2_reg_p2s__parameterized30
INFO: [VRFC 10-311] analyzing module ila_0_xsdbs_v1_0_2_reg_p2s__parameterized31
INFO: [VRFC 10-311] analyzing module ila_0_xsdbs_v1_0_2_reg_p2s__parameterized32
INFO: [VRFC 10-311] analyzing module ila_0_xsdbs_v1_0_2_reg_p2s__parameterized33
INFO: [VRFC 10-311] analyzing module ila_0_xsdbs_v1_0_2_reg_p2s__parameterized34
INFO: [VRFC 10-311] analyzing module ila_0_xsdbs_v1_0_2_reg_p2s__parameterized35
INFO: [VRFC 10-311] analyzing module ila_0_xsdbs_v1_0_2_reg_p2s__parameterized36
INFO: [VRFC 10-311] analyzing module ila_0_xsdbs_v1_0_2_reg_p2s__parameterized37
INFO: [VRFC 10-311] analyzing module ila_0_xsdbs_v1_0_2_reg_p2s__parameterized38
INFO: [VRFC 10-311] analyzing module ila_0_xsdbs_v1_0_2_reg_p2s__parameterized39
INFO: [VRFC 10-311] analyzing module ila_0_xsdbs_v1_0_2_reg_p2s__parameterized4
INFO: [VRFC 10-311] analyzing module ila_0_xsdbs_v1_0_2_reg_p2s__parameterized40
INFO: [VRFC 10-311] analyzing module ila_0_xsdbs_v1_0_2_reg_p2s__parameterized41
INFO: [VRFC 10-311] analyzing module ila_0_xsdbs_v1_0_2_reg_p2s__parameterized42
INFO: [VRFC 10-311] analyzing module ila_0_xsdbs_v1_0_2_reg_p2s__parameterized5
INFO: [VRFC 10-311] analyzing module ila_0_xsdbs_v1_0_2_reg_p2s__parameterized6
INFO: [VRFC 10-311] analyzing module ila_0_xsdbs_v1_0_2_reg_p2s__parameterized7
INFO: [VRFC 10-311] analyzing module ila_0_xsdbs_v1_0_2_reg_p2s__parameterized8
INFO: [VRFC 10-311] analyzing module ila_0_xsdbs_v1_0_2_reg_p2s__parameterized9
INFO: [VRFC 10-311] analyzing module ila_0_xsdbs_v1_0_2_reg_stat
INFO: [VRFC 10-311] analyzing module ila_0_xsdbs_v1_0_2_reg_stat_149
INFO: [VRFC 10-311] analyzing module ila_0_xsdbs_v1_0_2_reg_stat_150
INFO: [VRFC 10-311] analyzing module ila_0_xsdbs_v1_0_2_reg_stat_151
INFO: [VRFC 10-311] analyzing module ila_0_xsdbs_v1_0_2_reg_stat_152
INFO: [VRFC 10-311] analyzing module ila_0_xsdbs_v1_0_2_reg_stat_153
INFO: [VRFC 10-311] analyzing module ila_0_xsdbs_v1_0_2_reg_stat_159
INFO: [VRFC 10-311] analyzing module ila_0_xsdbs_v1_0_2_reg_stat_166
INFO: [VRFC 10-311] analyzing module ila_0_xsdbs_v1_0_2_reg_stat_168
INFO: [VRFC 10-311] analyzing module ila_0_xsdbs_v1_0_2_reg_stream
INFO: [VRFC 10-311] analyzing module ila_0_xsdbs_v1_0_2_reg_stream__parameterized0
INFO: [VRFC 10-311] analyzing module ila_0_xsdbs_v1_0_2_reg_stream__parameterized1
INFO: [VRFC 10-311] analyzing module ila_0_xsdbs_v1_0_2_reg_stream__parameterized2
INFO: [VRFC 10-311] analyzing module ila_0_xsdbs_v1_0_2_xsdbs
INFO: [VRFC 10-311] analyzing module glbl
INFO: [VRFC 10-2263] Analyzing Verilog file "C:/Users/vhall/Desktop/senior_design_2/senior_design_2.srcs/sim_1/new/receiver_tb.v" into library xil_defaultlib
INFO: [VRFC 10-311] analyzing module receiver_tb
INFO: [VRFC 10-2263] Analyzing Verilog file "C:/Users/vhall/Desktop/senior_design_2/senior_design_2.srcs/sim_1/new/sccb_tb.v" into library xil_defaultlib
INFO: [VRFC 10-311] analyzing module sccb_tb
INFO: [VRFC 10-2263] Analyzing Verilog file "C:/Users/vhall/Desktop/senior_design_2/senior_design_2.srcs/sim_1/new/cam1_gray_tb.v" into library xil_defaultlib
INFO: [VRFC 10-311] analyzing module cam1_gray_tb
INFO: [VRFC 10-2263] Analyzing Verilog file "C:/Users/vhall/Desktop/senior_design_2/senior_design_2.srcs/sim_1/new/fifo_tb.v" into library xil_defaultlib
INFO: [VRFC 10-311] analyzing module fifo_tb
INFO: [VRFC 10-2263] Analyzing Verilog file "C:/Users/vhall/Desktop/senior_design_2/senior_design_2.srcs/sim_1/new/rgb_to_gray_tb.v" into library xil_defaultlib
INFO: [VRFC 10-311] analyzing module rgb_to_gray_tb
INFO: [VRFC 10-2263] Analyzing Verilog file "C:/Users/vhall/Desktop/senior_design_2/senior_design_2.srcs/sim_1/new/cam_sys_tb.v" into library xil_defaultlib
INFO: [VRFC 10-311] analyzing module cam_sys_tb
