20:18:49 INFO  : Registering command handlers for SDK TCF services
20:18:49 INFO  : Launching XSCT server: xsct.bat -interactive C:\Users\vhall\Desktop\debug_prog\debug_prog.sdk\temp_xsdb_launch_script.tcl
20:18:55 INFO  : XSCT server has started successfully.
20:18:57 INFO  : Successfully done setting XSCT server connection channel  
20:18:57 INFO  : Successfully done setting SDK workspace  
20:18:57 INFO  : Processing command line option -hwspec C:/Users/vhall/Desktop/debug_prog/debug_prog.sdk/design_2_wrapper.hdf.
21:19:25 INFO  : Invoking Bootgen: bootgen -image fsbl.bif -arch zynq -o C:\Users\vhall\Desktop\debug_prog\debug_prog.sdk\fsbl\bootimage\BOOT.mcs
21:19:25 INFO  : Creating new bif file C:\Users\vhall\Desktop\debug_prog\debug_prog.sdk\fsbl\bootimage\fsbl.bif
21:19:29 INFO  : Bootgen command execution is done.
21:22:26 INFO  : Connected to target on host '127.0.0.1' and port '3121'.
16:50:05 INFO  : Launching XSCT server: xsct.bat -interactive C:\Users\vhall\Desktop\debug_prog\debug_prog.sdk\temp_xsdb_launch_script.tcl
16:50:09 INFO  : XSCT server has started successfully.
16:50:09 INFO  : Successfully done setting XSCT server connection channel  
16:50:12 INFO  : Successfully done setting SDK workspace  
16:50:26 INFO  : Registering command handlers for SDK TCF services
16:50:26 INFO  : Processing command line option -hwspec C:/Users/vhall/Desktop/debug_prog/debug_prog.sdk/design_2_wrapper.hdf.
16:50:28 INFO  : Checking for hwspec changes in the project design_2_wrapper_hw_platform_0.
16:50:28 INFO  : SDK has detected change in the last modified timestamps for source hardware specification file Source:1518136149427,  Project:1517976828077
16:50:28 INFO  : The hardware specification for project 'design_2_wrapper_hw_platform_0' is different from C:/Users/vhall/Desktop/debug_prog/debug_prog.sdk/design_2_wrapper.hdf.
16:50:29 INFO  : Copied contents of C:/Users/vhall/Desktop/debug_prog/debug_prog.sdk/design_2_wrapper.hdf into \design_2_wrapper_hw_platform_0\system.hdf.
16:50:58 INFO  : Synchronizing projects in the workspace with the hardware platform specification changes.
16:51:03 INFO  : 
16:51:03 INFO  : Updating hardware inferred compiler options for fsbl.
16:51:03 INFO  : Clearing existing target manager status.
16:51:03 WARN  : Given IPC port value is invalid. Using default port 2350
16:51:03 WARN  : Given XMD timeout value is invalid. Using default value of 50000
16:51:06 WARN  : Given XMD transaction timeout value is invalid. Using default value of 60000 milli seconds
16:51:07 INFO  : Closing and re-opening the MSS file of ther project fsbl_bsp
16:51:08 INFO  : Workspace synchronized with the new hardware specification file. Cleaning dependent projects...
16:51:14 WARN  : Linker script will not be updated automatically. Users need to update it manually.
17:05:07 INFO  : Connected to target on host '127.0.0.1' and port '3121'.
17:06:38 INFO  : Connected to target on host '127.0.0.1' and port '3121'.
17:06:51 ERROR : no targets found with "jtag_cable_name =~ "Platform Cable USB 00000000000000" && level==0". available targets:
  1  APU
     2  ARM Cortex-A9 MPCore #0 (Running)
     3  ARM Cortex-A9 MPCore #1 (Running)
  4  xc7z020
17:08:05 INFO  : Connected to target on host '127.0.0.1' and port '3121'.
17:08:17 ERROR : no targets found with "jtag_cable_name =~ "Platform Cable USB 00000000000000" && level==0". available targets:
  1  APU
     2  ARM Cortex-A9 MPCore #0 (Running)
     3  ARM Cortex-A9 MPCore #1 (Running)
  4  xc7z020
17:15:39 INFO  : Connected to target on host '127.0.0.1' and port '3121'.
17:15:40 INFO  : 'targets -set -filter {jtag_cable_name =~ "Platform Cable USB 00000000000000" && level==0} -index 1' command is executed.
17:15:41 INFO  : FPGA configured successfully with bitstream "C:/Users/vhall/Desktop/debug_prog/debug_prog.sdk/design_2_wrapper_hw_platform_0/design_2_wrapper.bit"
17:17:02 INFO  : 'targets -set -filter {jtag_cable_name =~ "Platform Cable USB 00000000000000" && level==0} -index 1' command is executed.
17:17:02 INFO  : 'fpga -state' command is executed.
17:17:02 INFO  : Connected to target on host '127.0.0.1' and port '3121'.
17:17:03 INFO  : Jtag cable 'Platform Cable USB 00000000000000' is selected.
17:17:03 INFO  : 'jtag frequency' command is executed.
17:17:03 INFO  : Sourcing of 'C:/Users/vhall/Desktop/debug_prog/debug_prog.sdk/design_2_wrapper_hw_platform_0/ps7_init.tcl' is done.
17:17:03 INFO  : Context for 'APU' is selected.
17:17:03 INFO  : Hardware design information is loaded from 'C:/Users/vhall/Desktop/debug_prog/debug_prog.sdk/design_2_wrapper_hw_platform_0/system.hdf'.
17:17:03 INFO  : 'configparams force-mem-access 1' command is executed.
17:17:03 INFO  : Context for 'APU' is selected.
17:17:03 INFO  : 'stop' command is executed.
17:17:08 ERROR : Memory read error at 0xF8F00208. Cannot halt processor core, timeout
17:17:08 INFO  : ----------------XSDB Script----------------
connect -url tcp:127.0.0.1:3121
source C:/Users/vhall/Desktop/debug_prog/debug_prog.sdk/design_2_wrapper_hw_platform_0/ps7_init.tcl
targets -set -nocase -filter {name =~"APU*" && jtag_cable_name =~ "Platform Cable USB 00000000000000"} -index 0
loadhw -hw C:/Users/vhall/Desktop/debug_prog/debug_prog.sdk/design_2_wrapper_hw_platform_0/system.hdf -mem-ranges [list {0x40000000 0xbfffffff}]
configparams force-mem-access 1
targets -set -nocase -filter {name =~"APU*" && jtag_cable_name =~ "Platform Cable USB 00000000000000"} -index 0
stop
ps7_init
----------------End of Script----------------

17:28:44 INFO  : SDK has detected change in the last modified timestamps for source hardware specification file Source:1518139594198,  Project:1518136149427
17:28:44 INFO  : Project design_2_wrapper_hw_platform_0's source hardware specification located at C:/Users/vhall/Desktop/debug_prog/debug_prog.sdk/design_2_wrapper.hdf is now different from the local copy.
		 The local copy will be replaced with the source specification and your workspace will be updated.
17:29:06 INFO  : Project design_2_wrapper_hw_platform_0's source hardware specification location will not be monitored anymore.
17:29:24 ERROR : Unexpected error while parsing XMD response ?: com.google.gson.JsonSyntaxException: com.google.gson.stream.MalformedJsonException: invalid number or unquoted string near 
17:29:43 INFO  : Launching XSCT server: xsct.bat -interactive C:\Users\vhall\Desktop\debug_prog\debug_prog.sdk\temp_xsdb_launch_script.tcl
17:29:46 INFO  : XSCT server has started successfully.
17:29:46 INFO  : Successfully done setting XSCT server connection channel  
17:29:47 INFO  : Successfully done setting SDK workspace  
17:29:56 INFO  : Registering command handlers for SDK TCF services
17:29:56 INFO  : Processing command line option -hwspec C:/Users/vhall/Desktop/debug_prog/debug_prog.sdk/design_2_wrapper.hdf.
17:30:17 INFO  : Connected to target on host '127.0.0.1' and port '3121'.
17:30:30 ERROR : no targets found with "jtag_cable_name =~ "Platform Cable USB 00000000000000" && level==0". available targets:
  1  APU
     2  ARM Cortex-A9 MPCore #0 (Cannot halt processor core, timeout)
     3  ARM Cortex-A9 MPCore #1 (Cannot halt processor core, timeout)
  4  xc7z020
17:30:51 INFO  : Connected to target on host '127.0.0.1' and port '3121'.
17:31:03 ERROR : no targets found with "jtag_cable_name =~ "Platform Cable USB 00000000000000" && level==0". available targets:
  1  APU
     2  ARM Cortex-A9 MPCore #0 (Cannot halt processor core, timeout)
     3  ARM Cortex-A9 MPCore #1 (Cannot halt processor core, timeout)
  4  xc7z020
17:31:34 INFO  : Connected to target on host '127.0.0.1' and port '3121'.
17:31:47 ERROR : no targets found with "jtag_cable_name =~ "Platform Cable USB 00000000000000" && level==0". available targets:
  1  APU
     2  ARM Cortex-A9 MPCore #0 (Cannot halt processor core, timeout)
     3  ARM Cortex-A9 MPCore #1 (Cannot halt processor core, timeout)
  4  xc7z020
17:36:57 INFO  : Connected to target on host '127.0.0.1' and port '3121'.
17:37:09 ERROR : no targets found with "jtag_cable_name =~ "Platform Cable USB 00000000000000" && level==0". available targets:
  1  APU
     2  ARM Cortex-A9 MPCore #0 (Running)
     3  ARM Cortex-A9 MPCore #1 (Running)
  4  xc7z020
17:38:12 INFO  : Connected to target on host '127.0.0.1' and port '3121'.
17:38:12 INFO  : 'targets -set -filter {jtag_cable_name =~ "Platform Cable USB 00000000000000" && level==0} -index 1' command is executed.
17:38:13 INFO  : FPGA configured successfully with bitstream "C:/Users/vhall/Desktop/debug_prog/debug_prog.sdk/design_2_wrapper_hw_platform_1/design_2_wrapper.bit"
17:39:10 INFO  : 'targets -set -filter {jtag_cable_name =~ "Platform Cable USB 00000000000000" && level==0} -index 1' command is executed.
17:39:10 INFO  : 'fpga -state' command is executed.
17:39:10 INFO  : Connected to target on host '127.0.0.1' and port '3121'.
17:39:10 INFO  : Jtag cable 'Platform Cable USB 00000000000000' is selected.
17:39:10 INFO  : 'jtag frequency' command is executed.
17:39:10 INFO  : Sourcing of 'C:/Users/vhall/Desktop/debug_prog/debug_prog.sdk/design_2_wrapper_hw_platform_0/ps7_init.tcl' is done.
17:39:10 INFO  : Context for 'APU' is selected.
17:39:10 INFO  : Hardware design information is loaded from 'C:/Users/vhall/Desktop/debug_prog/debug_prog.sdk/design_2_wrapper_hw_platform_0/system.hdf'.
17:39:10 INFO  : 'configparams force-mem-access 1' command is executed.
17:39:10 INFO  : Context for 'APU' is selected.
17:39:10 INFO  : 'stop' command is executed.
17:39:12 INFO  : 'ps7_init' command is executed.
17:39:12 INFO  : 'ps7_post_config' command is executed.
17:39:12 INFO  : 'configparams force-mem-access 0' command is executed.
17:39:12 INFO  : ----------------XSDB Script----------------
connect -url tcp:127.0.0.1:3121
source C:/Users/vhall/Desktop/debug_prog/debug_prog.sdk/design_2_wrapper_hw_platform_0/ps7_init.tcl
targets -set -nocase -filter {name =~"APU*" && jtag_cable_name =~ "Platform Cable USB 00000000000000"} -index 0
loadhw -hw C:/Users/vhall/Desktop/debug_prog/debug_prog.sdk/design_2_wrapper_hw_platform_0/system.hdf -mem-ranges [list {0x40000000 0xbfffffff}]
configparams force-mem-access 1
targets -set -nocase -filter {name =~"APU*" && jtag_cable_name =~ "Platform Cable USB 00000000000000"} -index 0
stop
ps7_init
ps7_post_config
configparams force-mem-access 0
----------------End of Script----------------

17:39:13 INFO  : Memory regions updated for context APU
17:39:13 INFO  : Launch script is exported to file 'C:\Users\vhall\Desktop\debug_prog\debug_prog.sdk\.sdk\launch_scripts\xilinx_c-c++_application_(system_debugger)\system_debugger_using_debug_blank.elf_on_local.tcl'
17:47:48 INFO  : Connected to target on host '127.0.0.1' and port '3121'.
17:48:00 ERROR : no targets found with "jtag_cable_name =~ "Platform Cable USB 00000000000000" && level==0". available targets:
  1* APU
     2  ARM Cortex-A9 MPCore #0 (Running)
     3  ARM Cortex-A9 MPCore #1 (Running)
  4  xc7z020
17:48:16 INFO  : Connected to target on host '127.0.0.1' and port '3121'.
17:50:23 INFO  : Connected to target on host '127.0.0.1' and port '3121'.
17:50:36 ERROR : no targets found with "jtag_cable_name =~ "Platform Cable USB 00000000000000" && level==0". available targets:
  1* APU
     2  ARM Cortex-A9 MPCore #0 (Running)
     3  ARM Cortex-A9 MPCore #1 (Running)
  4  xc7z020
17:50:49 INFO  : Connected to target on host '127.0.0.1' and port '3121'.
17:51:02 ERROR : no targets found with "jtag_cable_name =~ "Platform Cable USB 00000000000000" && level==0". available targets:
  1* APU
     2  ARM Cortex-A9 MPCore #0 (Running)
     3  ARM Cortex-A9 MPCore #1 (Running)
  4  xc7z020
17:53:35 INFO  : Connected to target on host '127.0.0.1' and port '3121'.
17:53:48 ERROR : no targets found with "jtag_cable_name =~ "Platform Cable USB 00000000000000" && level==0". available targets:
  1* APU
     2  ARM Cortex-A9 MPCore #0 (Running)
     3  ARM Cortex-A9 MPCore #1 (Running)
  4  xc7z020
17:53:54 INFO  : Connected to target on host '127.0.0.1' and port '3121'.
17:54:06 ERROR : no targets found with "jtag_cable_name =~ "Platform Cable USB 00000000000000" && level==0". available targets:
  1* APU
     2  ARM Cortex-A9 MPCore #0 (Running)
     3  ARM Cortex-A9 MPCore #1 (Running)
  4  xc7z020
17:58:08 INFO  : Connected to target on host '127.0.0.1' and port '3121'.
17:58:20 ERROR : no targets found with "jtag_cable_name =~ "Platform Cable USB 00000000000000" && level==0". available targets:
  1* APU
     2  ARM Cortex-A9 MPCore #0 (Running)
     3  ARM Cortex-A9 MPCore #1 (Running)
  4  xc7z020
17:58:32 INFO  : Connected to target on host '127.0.0.1' and port '3121'.
17:58:44 ERROR : no targets found with "jtag_cable_name =~ "Platform Cable USB 00000000000000" && level==0". available targets:
  1* APU
     2  ARM Cortex-A9 MPCore #0 (Running)
     3  ARM Cortex-A9 MPCore #1 (Running)
  4  xc7z020
18:04:49 INFO  : Disconnected from the channel tcfchan#1.
18:05:05 ERROR : no targets found with "jtag_cable_name =~ "Platform Cable USB 00000000000000" && level==0". available targets:
  1* APU
     2  ARM Cortex-A9 MPCore #0 (Running)
     3  ARM Cortex-A9 MPCore #1 (Running)
  4  xc7z020
18:05:46 INFO  : Connected to target on host '127.0.0.1' and port '3121'.
18:05:46 INFO  : 'targets -set -filter {jtag_cable_name =~ "Platform Cable USB 00000000000000" && level==0} -index 1' command is executed.
18:05:47 INFO  : FPGA configured successfully with bitstream "C:/Users/vhall/Desktop/debug_prog/debug_prog.sdk/design_2_wrapper_hw_platform_1/design_2_wrapper.bit"
18:06:11 INFO  : 'targets -set -filter {jtag_cable_name =~ "Platform Cable USB 00000000000000" && level==0} -index 1' command is executed.
18:06:11 INFO  : 'fpga -state' command is executed.
18:06:11 INFO  : Connected to target on host '127.0.0.1' and port '3121'.
18:06:11 INFO  : Jtag cable 'Platform Cable USB 00000000000000' is selected.
18:06:11 INFO  : 'jtag frequency' command is executed.
18:06:11 INFO  : Sourcing of 'C:/Users/vhall/Desktop/debug_prog/debug_prog.sdk/design_2_wrapper_hw_platform_0/ps7_init.tcl' is done.
18:06:11 INFO  : Context for 'APU' is selected.
18:06:11 INFO  : Hardware design information is loaded from 'C:/Users/vhall/Desktop/debug_prog/debug_prog.sdk/design_2_wrapper_hw_platform_0/system.hdf'.
18:06:11 INFO  : 'configparams force-mem-access 1' command is executed.
18:06:11 INFO  : Context for 'APU' is selected.
18:06:11 INFO  : 'stop' command is executed.
18:06:13 INFO  : 'ps7_init' command is executed.
18:06:13 INFO  : 'ps7_post_config' command is executed.
18:06:13 INFO  : 'configparams force-mem-access 0' command is executed.
18:06:13 INFO  : ----------------XSDB Script----------------
connect -url tcp:127.0.0.1:3121
source C:/Users/vhall/Desktop/debug_prog/debug_prog.sdk/design_2_wrapper_hw_platform_0/ps7_init.tcl
targets -set -nocase -filter {name =~"APU*" && jtag_cable_name =~ "Platform Cable USB 00000000000000"} -index 0
loadhw -hw C:/Users/vhall/Desktop/debug_prog/debug_prog.sdk/design_2_wrapper_hw_platform_0/system.hdf -mem-ranges [list {0x40000000 0xbfffffff}]
configparams force-mem-access 1
targets -set -nocase -filter {name =~"APU*" && jtag_cable_name =~ "Platform Cable USB 00000000000000"} -index 0
stop
ps7_init
ps7_post_config
configparams force-mem-access 0
----------------End of Script----------------

18:06:13 INFO  : Memory regions updated for context APU
18:06:13 INFO  : Launch script is exported to file 'C:\Users\vhall\Desktop\debug_prog\debug_prog.sdk\.sdk\launch_scripts\xilinx_c-c++_application_(system_debugger)\system_debugger_using_debug_blank.elf_on_local.tcl'
18:14:07 INFO  : Connected to target on host '127.0.0.1' and port '3121'.
18:14:08 INFO  : 'targets -set -filter {jtag_cable_name =~ "Platform Cable USB 00000000000000" && level==0} -index 1' command is executed.
18:14:09 INFO  : FPGA configured successfully with bitstream "C:/Users/vhall/Desktop/debug_prog/debug_prog.sdk/design_2_wrapper_hw_platform_1/design_2_wrapper.bit"
18:14:28 INFO  : Disconnected from the channel tcfchan#2.
18:14:30 INFO  : 'targets -set -filter {jtag_cable_name =~ "Platform Cable USB 00000000000000" && level==0} -index 1' command is executed.
18:14:30 INFO  : 'fpga -state' command is executed.
18:14:30 INFO  : Connected to target on host '127.0.0.1' and port '3121'.
18:14:31 INFO  : Jtag cable 'Platform Cable USB 00000000000000' is selected.
18:14:31 INFO  : 'jtag frequency' command is executed.
18:14:31 INFO  : Sourcing of 'C:/Users/vhall/Desktop/debug_prog/debug_prog.sdk/design_2_wrapper_hw_platform_0/ps7_init.tcl' is done.
18:14:31 INFO  : Context for 'APU' is selected.
18:14:31 INFO  : Hardware design information is loaded from 'C:/Users/vhall/Desktop/debug_prog/debug_prog.sdk/design_2_wrapper_hw_platform_0/system.hdf'.
18:14:31 INFO  : 'configparams force-mem-access 1' command is executed.
18:14:31 INFO  : Context for 'APU' is selected.
18:14:31 INFO  : 'stop' command is executed.
18:14:32 INFO  : 'ps7_init' command is executed.
18:14:32 INFO  : 'ps7_post_config' command is executed.
18:14:32 INFO  : 'configparams force-mem-access 0' command is executed.
18:14:32 INFO  : ----------------XSDB Script----------------
connect -url tcp:127.0.0.1:3121
source C:/Users/vhall/Desktop/debug_prog/debug_prog.sdk/design_2_wrapper_hw_platform_0/ps7_init.tcl
targets -set -nocase -filter {name =~"APU*" && jtag_cable_name =~ "Platform Cable USB 00000000000000"} -index 0
loadhw -hw C:/Users/vhall/Desktop/debug_prog/debug_prog.sdk/design_2_wrapper_hw_platform_0/system.hdf -mem-ranges [list {0x40000000 0xbfffffff}]
configparams force-mem-access 1
targets -set -nocase -filter {name =~"APU*" && jtag_cable_name =~ "Platform Cable USB 00000000000000"} -index 0
stop
ps7_init
ps7_post_config
configparams force-mem-access 0
----------------End of Script----------------

18:14:32 INFO  : Memory regions updated for context APU
18:14:32 INFO  : Launch script is exported to file 'C:\Users\vhall\Desktop\debug_prog\debug_prog.sdk\.sdk\launch_scripts\xilinx_c-c++_application_(system_debugger)\system_debugger_using_debug_blank.elf_on_local.tcl'
18:16:31 INFO  : Disconnected from the channel tcfchan#3.
18:16:34 INFO  : 'targets -set -filter {jtag_cable_name =~ "Platform Cable USB 00000000000000" && level==0} -index 1' command is executed.
18:16:34 INFO  : 'fpga -state' command is executed.
18:16:34 INFO  : Connected to target on host '127.0.0.1' and port '3121'.
18:16:34 INFO  : Jtag cable 'Platform Cable USB 00000000000000' is selected.
18:16:34 INFO  : 'jtag frequency' command is executed.
18:16:34 INFO  : Sourcing of 'C:/Users/vhall/Desktop/debug_prog/debug_prog.sdk/design_2_wrapper_hw_platform_0/ps7_init.tcl' is done.
18:16:34 INFO  : Context for 'APU' is selected.
18:16:34 INFO  : Hardware design information is loaded from 'C:/Users/vhall/Desktop/debug_prog/debug_prog.sdk/design_2_wrapper_hw_platform_0/system.hdf'.
18:16:34 INFO  : 'configparams force-mem-access 1' command is executed.
18:16:34 INFO  : Context for 'APU' is selected.
18:16:34 INFO  : 'stop' command is executed.
18:16:36 INFO  : 'ps7_init' command is executed.
18:16:36 INFO  : 'ps7_post_config' command is executed.
18:16:36 INFO  : 'configparams force-mem-access 0' command is executed.
18:16:36 INFO  : ----------------XSDB Script----------------
connect -url tcp:127.0.0.1:3121
source C:/Users/vhall/Desktop/debug_prog/debug_prog.sdk/design_2_wrapper_hw_platform_0/ps7_init.tcl
targets -set -nocase -filter {name =~"APU*" && jtag_cable_name =~ "Platform Cable USB 00000000000000"} -index 0
loadhw -hw C:/Users/vhall/Desktop/debug_prog/debug_prog.sdk/design_2_wrapper_hw_platform_0/system.hdf -mem-ranges [list {0x40000000 0xbfffffff}]
configparams force-mem-access 1
targets -set -nocase -filter {name =~"APU*" && jtag_cable_name =~ "Platform Cable USB 00000000000000"} -index 0
stop
ps7_init
ps7_post_config
configparams force-mem-access 0
----------------End of Script----------------

18:16:36 INFO  : Memory regions updated for context APU
18:16:36 INFO  : Launch script is exported to file 'C:\Users\vhall\Desktop\debug_prog\debug_prog.sdk\.sdk\launch_scripts\xilinx_c-c++_application_(system_debugger)\system_debugger_using_debug_blank.elf_on_local.tcl'
18:23:53 INFO  : Connected to target on host '127.0.0.1' and port '3121'.
18:23:53 INFO  : 'targets -set -filter {jtag_cable_name =~ "Platform Cable USB 00000000000000" && level==0} -index 1' command is executed.
18:23:55 INFO  : FPGA configured successfully with bitstream "C:/Users/vhall/Desktop/debug_prog/debug_prog.sdk/design_2_wrapper_hw_platform_1/design_2_wrapper.bit"
18:24:12 INFO  : Disconnected from the channel tcfchan#4.
18:24:14 INFO  : 'targets -set -filter {jtag_cable_name =~ "Platform Cable USB 00000000000000" && level==0} -index 1' command is executed.
18:24:14 INFO  : 'fpga -state' command is executed.
18:24:14 INFO  : Connected to target on host '127.0.0.1' and port '3121'.
18:24:15 INFO  : Jtag cable 'Platform Cable USB 00000000000000' is selected.
18:24:15 INFO  : 'jtag frequency' command is executed.
18:24:15 INFO  : Sourcing of 'C:/Users/vhall/Desktop/debug_prog/debug_prog.sdk/design_2_wrapper_hw_platform_0/ps7_init.tcl' is done.
18:24:15 INFO  : Context for 'APU' is selected.
18:24:15 INFO  : Hardware design information is loaded from 'C:/Users/vhall/Desktop/debug_prog/debug_prog.sdk/design_2_wrapper_hw_platform_0/system.hdf'.
18:24:15 INFO  : 'configparams force-mem-access 1' command is executed.
18:24:15 INFO  : Context for 'APU' is selected.
18:24:15 INFO  : 'stop' command is executed.
18:24:16 INFO  : 'ps7_init' command is executed.
18:24:16 INFO  : 'ps7_post_config' command is executed.
18:24:16 INFO  : 'configparams force-mem-access 0' command is executed.
18:24:16 INFO  : ----------------XSDB Script----------------
connect -url tcp:127.0.0.1:3121
source C:/Users/vhall/Desktop/debug_prog/debug_prog.sdk/design_2_wrapper_hw_platform_0/ps7_init.tcl
targets -set -nocase -filter {name =~"APU*" && jtag_cable_name =~ "Platform Cable USB 00000000000000"} -index 0
loadhw -hw C:/Users/vhall/Desktop/debug_prog/debug_prog.sdk/design_2_wrapper_hw_platform_0/system.hdf -mem-ranges [list {0x40000000 0xbfffffff}]
configparams force-mem-access 1
targets -set -nocase -filter {name =~"APU*" && jtag_cable_name =~ "Platform Cable USB 00000000000000"} -index 0
stop
ps7_init
ps7_post_config
configparams force-mem-access 0
----------------End of Script----------------

18:24:16 INFO  : Memory regions updated for context APU
18:24:16 INFO  : Launch script is exported to file 'C:\Users\vhall\Desktop\debug_prog\debug_prog.sdk\.sdk\launch_scripts\xilinx_c-c++_application_(system_debugger)\system_debugger_using_debug_blank.elf_on_local.tcl'
18:27:15 INFO  : Disconnected from the channel tcfchan#5.
18:27:23 INFO  : 'targets -set -filter {jtag_cable_name =~ "Platform Cable USB 00000000000000" && level==0} -index 1' command is executed.
18:27:23 INFO  : 'fpga -state' command is executed.
18:27:23 INFO  : Connected to target on host '127.0.0.1' and port '3121'.
18:27:23 INFO  : Jtag cable 'Platform Cable USB 00000000000000' is selected.
18:27:23 INFO  : 'jtag frequency' command is executed.
18:27:23 INFO  : Sourcing of 'C:/Users/vhall/Desktop/debug_prog/debug_prog.sdk/design_2_wrapper_hw_platform_0/ps7_init.tcl' is done.
18:27:23 INFO  : Context for 'APU' is selected.
18:27:23 INFO  : Hardware design information is loaded from 'C:/Users/vhall/Desktop/debug_prog/debug_prog.sdk/design_2_wrapper_hw_platform_0/system.hdf'.
18:27:23 INFO  : 'configparams force-mem-access 1' command is executed.
18:27:23 INFO  : Context for 'APU' is selected.
18:27:23 INFO  : 'stop' command is executed.
18:27:24 INFO  : 'ps7_init' command is executed.
18:27:24 INFO  : 'ps7_post_config' command is executed.
18:27:24 INFO  : 'configparams force-mem-access 0' command is executed.
18:27:24 INFO  : ----------------XSDB Script----------------
connect -url tcp:127.0.0.1:3121
source C:/Users/vhall/Desktop/debug_prog/debug_prog.sdk/design_2_wrapper_hw_platform_0/ps7_init.tcl
targets -set -nocase -filter {name =~"APU*" && jtag_cable_name =~ "Platform Cable USB 00000000000000"} -index 0
loadhw -hw C:/Users/vhall/Desktop/debug_prog/debug_prog.sdk/design_2_wrapper_hw_platform_0/system.hdf -mem-ranges [list {0x40000000 0xbfffffff}]
configparams force-mem-access 1
targets -set -nocase -filter {name =~"APU*" && jtag_cable_name =~ "Platform Cable USB 00000000000000"} -index 0
stop
ps7_init
ps7_post_config
configparams force-mem-access 0
----------------End of Script----------------

18:27:25 INFO  : Memory regions updated for context APU
18:27:25 INFO  : Launch script is exported to file 'C:\Users\vhall\Desktop\debug_prog\debug_prog.sdk\.sdk\launch_scripts\xilinx_c-c++_application_(system_debugger)\system_debugger_using_debug_b2.elf_on_local.tcl'
