Vivado Simulator 2017.4
Copyright 1986-1999, 2001-2016 Xilinx, Inc. All Rights Reserved.
Running: D:/Xilinx/Vivado/2017.4/bin/unwrapped/win64.o/xelab.exe -wto 08deeb49691b48cea773850ad0abb475 --incr --debug typical --relax --mt 2 --maxdelay -L xil_defaultlib -L simprims_ver -L secureip --snapshot cam_sys_tb_time_impl -transport_int_delays -pulse_r 0 -pulse_int_r 0 -pulse_e 0 -pulse_int_e 0 xil_defaultlib.cam_sys_tb xil_defaultlib.glbl -log elaborate.log 
Using 2 slave threads.
Starting static elaboration
Completed static elaboration
Starting simulation data flow analysis
Completed simulation data flow analysis
INFO: [XSIM 43-3451] SDF backannotation process started with SDF file "cam_sys_tb_time_impl.sdf", for root module "cam_sys_tb/cam1".
INFO: [XSIM 43-3452] SDF backannotation was successful for SDF file "cam_sys_tb_time_impl.sdf", for root module "cam_sys_tb/cam1".
Time Resolution for simulation is 1ps
Compiling module simprims_ver.LUT4
Compiling module simprims_ver.LUT5
Compiling module simprims_ver.LUT6
Compiling module simprims_ver.FDRE_default
Compiling module simprims_ver.FDCE(INIT=1'b1)
Compiling module simprims_ver.FDCE_default
Compiling module simprims_ver.x_lut1_mux2
Compiling module simprims_ver.LUT1
Compiling module simprims_ver.x_lut2_mux4
Compiling module simprims_ver.LUT2
Compiling module simprims_ver.x_lut3_mux8
Compiling module simprims_ver.LUT3
Compiling module simprims_ver.RB18_INTERNAL_VLOG(DOA_REG=1,RDA...
Compiling module simprims_ver.RAMB18E1(DOA_REG=1,INIT_00=256'b...
Compiling module simprims_ver.FDRE(INIT=1'b1)
Compiling module xil_defaultlib.cam_reg_config
Compiling module xil_defaultlib.camera_receiver
Compiling module xil_defaultlib.sccb
Compiling module xil_defaultlib.camera_top
Compiling module simprims_ver.IBUF
Compiling module simprims_ver.OBUF
Compiling module simprims_ver.FDRE(XON="FALSE")
Compiling module xil_defaultlib.dbg_hub_CVxsdbm_v3_0_0_ctl_reg
Compiling module xil_defaultlib.dbg_hub_CVxsdbm_v3_0_0_stat_reg
Compiling module xil_defaultlib.dbg_hub_CVxsdbm_v3_0_0_stat_reg_...
Compiling module xil_defaultlib.dbg_hub_CVxsdbm_v3_0_0_ctl_reg__...
Compiling module xil_defaultlib.dbg_hub_CVxsdbm_v3_0_0_ctl_reg__...
Compiling module simprims_ver.FDCE(XON="FALSE")
Compiling module xil_defaultlib.dbg_hub_CVsynchronizer_ff__param...
Compiling module xil_defaultlib.dbg_hub_CVsynchronizer_ff__param...
Compiling module xil_defaultlib.dbg_hub_CVsynchronizer_ff__param...
Compiling module xil_defaultlib.dbg_hub_CVsynchronizer_ff__param...
Compiling module xil_defaultlib.dbg_hub_CVclk_x_pntrs_7
Compiling module simprims_ver.FDPE_default
Compiling module xil_defaultlib.dbg_hub_CVrd_fwft
Compiling module xil_defaultlib.dbg_hub_CVrd_status_flags_as_16
Compiling module xil_defaultlib.dbg_hub_CVrd_bin_cntr_17
Compiling module xil_defaultlib.dbg_hub_CVrd_logic__parameterize...
Compiling module xil_defaultlib.dbg_hub_CVwr_status_flags_as_14
Compiling module xil_defaultlib.dbg_hub_CVwr_bin_cntr_15
Compiling module xil_defaultlib.dbg_hub_CVwr_logic__parameterize...
Compiling module simprims_ver.RAMD32
Compiling module simprims_ver.RAMS32
Compiling module xil_defaultlib.RAM32M_UNIQ_BASE_
Compiling module xil_defaultlib.RAM32M_HD364
Compiling module xil_defaultlib.RAM32M_HD365
Compiling module xil_defaultlib.dbg_hub_CVdmem_13
Compiling module xil_defaultlib.dbg_hub_CVmemory__parameterized0
Compiling module xil_defaultlib.dbg_hub_CVsynchronizer_ff_9
Compiling module xil_defaultlib.dbg_hub_CVsynchronizer_ff_10
Compiling module xil_defaultlib.dbg_hub_CVsynchronizer_ff_11
Compiling module xil_defaultlib.dbg_hub_CVsynchronizer_ff_12
Compiling module simprims_ver.FDPE(XON="FALSE",INIT=1'b0)
Compiling module xil_defaultlib.dbg_hub_CVreset_blk_ramfifo_8
Compiling module xil_defaultlib.dbg_hub_CVfifo_generator_ramfifo...
Compiling module xil_defaultlib.dbg_hub_CVfifo_generator_top__pa...
Compiling module xil_defaultlib.dbg_hub_CVfifo_generator_v13_1_4...
Compiling module xil_defaultlib.dbg_hub_CVfifo_generator_v13_1_4...
Compiling module xil_defaultlib.dbg_hub_CVxsdbm_v3_0_0_rdfifo
Compiling module xil_defaultlib.dbg_hub_CVxsdbm_v3_0_0_rdreg
Compiling module xil_defaultlib.dbg_hub_CVsynchronizer_ff__param...
Compiling module xil_defaultlib.dbg_hub_CVsynchronizer_ff__param...
Compiling module xil_defaultlib.dbg_hub_CVsynchronizer_ff__param...
Compiling module xil_defaultlib.dbg_hub_CVsynchronizer_ff__param...
Compiling module xil_defaultlib.dbg_hub_CVclk_x_pntrs
Compiling module xil_defaultlib.dbg_hub_CVrd_status_flags_as
Compiling module xil_defaultlib.dbg_hub_CVrd_bin_cntr
Compiling module xil_defaultlib.dbg_hub_CVrd_logic
Compiling module xil_defaultlib.dbg_hub_CVwr_status_flags_as
Compiling module xil_defaultlib.dbg_hub_CVwr_bin_cntr
Compiling module xil_defaultlib.dbg_hub_CVwr_logic
Compiling module xil_defaultlib.RAM32M_HD366
Compiling module xil_defaultlib.RAM32M_HD367
Compiling module xil_defaultlib.RAM32M_HD368
Compiling module xil_defaultlib.dbg_hub_CVdmem
Compiling module xil_defaultlib.dbg_hub_CVmemory
Compiling module xil_defaultlib.dbg_hub_CVsynchronizer_ff
Compiling module xil_defaultlib.dbg_hub_CVsynchronizer_ff_1
Compiling module xil_defaultlib.dbg_hub_CVsynchronizer_ff_2
Compiling module xil_defaultlib.dbg_hub_CVsynchronizer_ff_3
Compiling module xil_defaultlib.dbg_hub_CVreset_blk_ramfifo
Compiling module xil_defaultlib.dbg_hub_CVfifo_generator_ramfifo
Compiling module xil_defaultlib.dbg_hub_CVfifo_generator_top
Compiling module xil_defaultlib.dbg_hub_CVfifo_generator_v13_1_4...
Compiling module xil_defaultlib.dbg_hub_CVfifo_generator_v13_1_4
Compiling module xil_defaultlib.dbg_hub_CVxsdbm_v3_0_0_wrfifo
Compiling module xil_defaultlib.dbg_hub_CVxsdbm_v3_0_0_wrreg
Compiling module xil_defaultlib.dbg_hub_CVxsdbm_v3_0_0_ctl_reg__...
Compiling module xil_defaultlib.dbg_hub_CVxsdbm_v3_0_0_stat_reg_...
Compiling module simprims_ver.MUXF7
Compiling module xil_defaultlib.dbg_hub_CVxsdbm_v3_0_0_if_static...
Compiling module xil_defaultlib.dbg_hub_CVxsdbm_v3_0_0_if
Compiling module simprims_ver.CARRY4
Compiling module xil_defaultlib.dbg_hub_CVxsdbm_v3_0_0_addr_ctl
Compiling module xil_defaultlib.dbg_hub_CVxsdbm_v3_0_0_burst_wdl...
Compiling module xil_defaultlib.dbg_hub_CVxsdbm_v3_0_0_bus_ctl_f...
Compiling module xil_defaultlib.dbg_hub_CVxsdbm_v3_0_0_bus_ctl_f...
Compiling module xil_defaultlib.dbg_hub_CVxsdbm_v3_0_0_bus_ctl_c...
Compiling module xil_defaultlib.dbg_hub_CVxsdbm_v3_0_0_bus_ctl
Compiling module xil_defaultlib.dbg_hub_CVxsdbm_v3_0_0_bus_mstr2...
Compiling module xil_defaultlib.dbg_hub_CVxsdbm_v3_0_0_icon2xsdb
Compiling module xil_defaultlib.dbg_hub_CVxsdbm_v3_0_0_cmd_decod...
Compiling module xil_defaultlib.dbg_hub_CVxsdbm_v3_0_0_stat
Compiling module xil_defaultlib.dbg_hub_CVxsdbm_v3_0_0_sync
Compiling module xil_defaultlib.dbg_hub_CVxsdbm_v3_0_0_icon
Compiling module simprims_ver.GND
Compiling module simprims_ver.BSCANE2
Compiling module xil_defaultlib.dbg_hub_CVltlib_v1_0_0_bscan
Compiling module simprims_ver.FDSE_default
Compiling module xil_defaultlib.dbg_hub_CVxsdbm_v3_0_0_bscan_swi...
Compiling module simprims_ver.BUFG
Compiling module xil_defaultlib.dbg_hub_CVxsdbm_v3_0_0_xsdbm_id
Compiling module xil_defaultlib.dbg_hub_CVxsdbm_v3_0_0_xsdbm
Compiling module xil_defaultlib.dbg_hub_CV
Compiling module simprims_ver.RAMD64E(RAM_ADDRESS_MASK=2'b11,R...
Compiling module xil_defaultlib.RAM64M_UNIQ_BASE_
Compiling module xil_defaultlib.RAM64M_HD369
Compiling module xil_defaultlib.RAM64M_HD370
Compiling module xil_defaultlib.RAM64M_HD371
Compiling module xil_defaultlib.RAM64M_HD372
Compiling module xil_defaultlib.RAM64M_HD373
Compiling module xil_defaultlib.RAM64M_HD374
Compiling module xil_defaultlib.RAM64M_HD375
Compiling module xil_defaultlib.RAM64M_HD376
Compiling module xil_defaultlib.RAM64M_HD377
Compiling module xil_defaultlib.RAM64M_HD378
Compiling module xil_defaultlib.RAM64M_HD379
Compiling module xil_defaultlib.RAM64M_HD380
Compiling module xil_defaultlib.RAM64M_HD381
Compiling module xil_defaultlib.RAM64M_HD382
Compiling module xil_defaultlib.RAM64M_HD383
Compiling module xil_defaultlib.RAM64M_HD384
Compiling module xil_defaultlib.RAM64M_HD385
Compiling module xil_defaultlib.RAM64M_HD386
Compiling module xil_defaultlib.RAM64M_HD387
Compiling module xil_defaultlib.RAM64M_HD388
Compiling module xil_defaultlib.RAM64M_HD389
Compiling module xil_defaultlib.RAM64M_HD390
Compiling module xil_defaultlib.RAM64M_HD391
Compiling module xil_defaultlib.RAM64M_HD392
Compiling module xil_defaultlib.RAM64M_HD393
Compiling module xil_defaultlib.RAM64M_HD394
Compiling module xil_defaultlib.RAM64M_HD395
Compiling module xil_defaultlib.RAM64M_HD396
Compiling module xil_defaultlib.RAM64M_HD397
Compiling module xil_defaultlib.RAM64M_HD398
Compiling module xil_defaultlib.RAM64M_HD399
Compiling module xil_defaultlib.ila_0_ila_v6_2_5_ila_adv_trigger...
Compiling module xil_defaultlib.ila_0_ila_v6_2_5_ila_fsm_memory_...
Compiling module simprims_ver.SRL16E_default
Compiling module xil_defaultlib.ila_0_ila_v6_2_5_generic_counter...
Compiling module xil_defaultlib.ila_0_ila_v6_2_5_generic_counter...
Compiling module xil_defaultlib.ila_0_ila_v6_2_5_generic_counter...
Compiling module xil_defaultlib.ila_0_ila_v6_2_5_generic_counter
Compiling module xil_defaultlib.ila_0_ila_v6_2_5_ila_counter
Compiling module xil_defaultlib.ila_0_bindec
Compiling module xil_defaultlib.ila_0_blk_mem_gen_mux__parameter...
Compiling module simprims_ver.RB18_INTERNAL_VLOG(DOA_REG=1,DOB...
Compiling module simprims_ver.RAMB18E1(DOA_REG=1,DOB_REG=1,REA...
Compiling module xil_defaultlib.ila_0_blk_mem_gen_prim_wrapper
Compiling module xil_defaultlib.ila_0_blk_mem_gen_prim_width
Compiling module simprims_ver.RB36_INTERNAL_VLOG(DOA_REG=1,DOB...
Compiling module simprims_ver.RAMB36E1(DOA_REG=1,DOB_REG=1,REA...
Compiling module xil_defaultlib.ila_0_blk_mem_gen_prim_wrapper__...
Compiling module xil_defaultlib.ila_0_blk_mem_gen_prim_width__pa...
Compiling module xil_defaultlib.ila_0_blk_mem_gen_prim_wrapper__...
Compiling module xil_defaultlib.ila_0_blk_mem_gen_prim_width__pa...
Compiling module xil_defaultlib.ila_0_blk_mem_gen_prim_wrapper__...
Compiling module xil_defaultlib.ila_0_blk_mem_gen_prim_width__pa...
Compiling module xil_defaultlib.ila_0_blk_mem_gen_prim_wrapper__...
Compiling module xil_defaultlib.ila_0_blk_mem_gen_prim_width__pa...
Compiling module xil_defaultlib.ila_0_blk_mem_gen_prim_wrapper__...
Compiling module xil_defaultlib.ila_0_blk_mem_gen_prim_width__pa...
Compiling module xil_defaultlib.ila_0_blk_mem_gen_prim_wrapper__...
Compiling module xil_defaultlib.ila_0_blk_mem_gen_prim_width__pa...
Compiling module xil_defaultlib.ila_0_blk_mem_gen_prim_wrapper__...
Compiling module xil_defaultlib.ila_0_blk_mem_gen_prim_width__pa...
Compiling module xil_defaultlib.ila_0_blk_mem_gen_prim_wrapper__...
Compiling module xil_defaultlib.ila_0_blk_mem_gen_prim_width__pa...
Compiling module xil_defaultlib.ila_0_blk_mem_gen_prim_wrapper__...
Compiling module xil_defaultlib.ila_0_blk_mem_gen_prim_width__pa...
Compiling module xil_defaultlib.ila_0_blk_mem_gen_prim_wrapper__...
Compiling module xil_defaultlib.ila_0_blk_mem_gen_prim_width__pa...
Compiling module xil_defaultlib.ila_0_blk_mem_gen_prim_wrapper__...
Compiling module xil_defaultlib.ila_0_blk_mem_gen_prim_width__pa...
Compiling module xil_defaultlib.ila_0_blk_mem_gen_prim_wrapper__...
Compiling module xil_defaultlib.ila_0_blk_mem_gen_prim_width__pa...
Compiling module xil_defaultlib.ila_0_blk_mem_gen_prim_wrapper__...
Compiling module xil_defaultlib.ila_0_blk_mem_gen_prim_width__pa...
Compiling module xil_defaultlib.ila_0_blk_mem_gen_prim_wrapper__...
Compiling module xil_defaultlib.ila_0_blk_mem_gen_prim_width__pa...
Compiling module xil_defaultlib.ila_0_blk_mem_gen_prim_wrapper__...
Compiling module xil_defaultlib.ila_0_blk_mem_gen_prim_width__pa...
Compiling module xil_defaultlib.ila_0_blk_mem_gen_prim_wrapper__...
Compiling module xil_defaultlib.ila_0_blk_mem_gen_prim_width__pa...
Compiling module xil_defaultlib.ila_0_blk_mem_gen_generic_cstr
Compiling module xil_defaultlib.ila_0_blk_mem_gen_top
Compiling module xil_defaultlib.ila_0_blk_mem_gen_v8_3_6_synth
Compiling module xil_defaultlib.ila_0_blk_mem_gen_v8_3_6
Compiling module xil_defaultlib.ila_0_ila_v6_2_5_ila_trace_memor...
Compiling module simprims_ver.SRLC32E_default
Compiling module xil_defaultlib.ila_0_ltlib_v1_0_0_cfglut6__para...
Compiling module xil_defaultlib.ila_0_ltlib_v1_0_0_cfglut7
Compiling module xil_defaultlib.ila_0_ltlib_v1_0_0_cfglut7_169
Compiling module xil_defaultlib.ila_0_ltlib_v1_0_0_cfglut6
Compiling module simprims_ver.SRLC16E_default
Compiling module xil_defaultlib.ila_0_ltlib_v1_0_0_cfglut4_176
Compiling module xil_defaultlib.ila_0_ltlib_v1_0_0_cfglut5_177
Compiling module xil_defaultlib.ila_0_ltlib_v1_0_0_cfglut6_178
Compiling module xil_defaultlib.CFGLUT5_UNIQ_BASE_
Compiling module xil_defaultlib.CFGLUT5_HD400
Compiling module xil_defaultlib.CFGLUT5_HD401
Compiling module xil_defaultlib.CFGLUT5_HD402
Compiling module xil_defaultlib.ila_0_ltlib_v1_0_0_all_typeA_sli...
Compiling module xil_defaultlib.CFGLUT5_HD403
Compiling module xil_defaultlib.CFGLUT5_HD404
Compiling module xil_defaultlib.CFGLUT5_HD405
Compiling module xil_defaultlib.CFGLUT5_HD406
Compiling module xil_defaultlib.ila_0_ltlib_v1_0_0_all_typeA_sli...
Compiling module xil_defaultlib.ila_0_ltlib_v1_0_0_all_typeA__pa...
Compiling module xil_defaultlib.ila_0_ltlib_v1_0_0_allx_typeA_no...
Compiling module xil_defaultlib.ila_0_ltlib_v1_0_0_match_nodelay...
Compiling module xil_defaultlib.ila_0_ila_v6_2_5_ila_cap_sample_...
Compiling module xil_defaultlib.ila_0_ltlib_v1_0_0_cfglut4
Compiling module xil_defaultlib.ila_0_ltlib_v1_0_0_cfglut5
Compiling module xil_defaultlib.ila_0_ltlib_v1_0_0_cfglut5_170
Compiling module xil_defaultlib.CFGLUT5_HD407
Compiling module xil_defaultlib.CFGLUT5_HD408
Compiling module xil_defaultlib.CFGLUT5_HD409
Compiling module xil_defaultlib.CFGLUT5_HD410
Compiling module xil_defaultlib.ila_0_ltlib_v1_0_0_all_typeA_sli...
Compiling module xil_defaultlib.CFGLUT5_HD411
Compiling module xil_defaultlib.CFGLUT5_HD412
Compiling module xil_defaultlib.CFGLUT5_HD413
Compiling module xil_defaultlib.CFGLUT5_HD414
Compiling module xil_defaultlib.ila_0_ltlib_v1_0_0_all_typeA_sli...
Compiling module xil_defaultlib.ila_0_ltlib_v1_0_0_all_typeA__pa...
Compiling module xil_defaultlib.ila_0_ltlib_v1_0_0_allx_typeA_no...
Compiling module xil_defaultlib.ila_0_ltlib_v1_0_0_match_nodelay
Compiling module xil_defaultlib.CFGLUT5_HD415
Compiling module xil_defaultlib.CFGLUT5_HD416
Compiling module xil_defaultlib.CFGLUT5_HD417
Compiling module xil_defaultlib.CFGLUT5_HD418
Compiling module xil_defaultlib.ila_0_ltlib_v1_0_0_all_typeA_sli...
Compiling module xil_defaultlib.CFGLUT5_HD419
Compiling module xil_defaultlib.CFGLUT5_HD420
Compiling module xil_defaultlib.CFGLUT5_HD421
Compiling module xil_defaultlib.CFGLUT5_HD422
Compiling module xil_defaultlib.ila_0_ltlib_v1_0_0_all_typeA_sli...
Compiling module xil_defaultlib.ila_0_ltlib_v1_0_0_all_typeA__pa...
Compiling module xil_defaultlib.ila_0_ltlib_v1_0_0_allx_typeA_no...
Compiling module xil_defaultlib.ila_0_ltlib_v1_0_0_match_nodelay...
Compiling module xil_defaultlib.ila_0_ila_v6_2_5_ila_cap_window_...
Compiling module xil_defaultlib.ila_0_ila_v6_2_5_ila_cap_addrgen
Compiling module xil_defaultlib.ila_0_ila_v6_2_5_ila_cap_ctrl_le...
Compiling module xil_defaultlib.ila_0_xsdbs_v1_0_2_reg_ctl_167
Compiling module xil_defaultlib.ila_0_xsdbs_v1_0_2_reg_stream__p...
Compiling module xil_defaultlib.ila_0_xsdbs_v1_0_2_reg_stat_166
Compiling module xil_defaultlib.ila_0_xsdbs_v1_0_2_reg_stream
Compiling module xil_defaultlib.ila_0_xsdbs_v1_0_2_reg_p2s__para...
Compiling module xil_defaultlib.ila_0_xsdbs_v1_0_2_reg_p2s__para...
Compiling module xil_defaultlib.ila_0_xsdbs_v1_0_2_reg_p2s__para...
Compiling module xil_defaultlib.ila_0_xsdbs_v1_0_2_reg_p2s__para...
Compiling module xil_defaultlib.ila_0_xsdbs_v1_0_2_reg_p2s
Compiling module xil_defaultlib.ila_0_xsdbs_v1_0_2_reg_p2s__para...
Compiling module xil_defaultlib.ila_0_xsdbs_v1_0_2_reg_p2s__para...
Compiling module xil_defaultlib.ila_0_xsdbs_v1_0_2_reg_p2s__para...
Compiling module xil_defaultlib.ila_0_xsdbs_v1_0_2_reg_p2s__para...
Compiling module xil_defaultlib.ila_0_xsdbs_v1_0_2_reg_p2s__para...
Compiling module xil_defaultlib.ila_0_xsdbs_v1_0_2_reg_p2s__para...
Compiling module xil_defaultlib.ila_0_xsdbs_v1_0_2_reg_p2s__para...
Compiling module xil_defaultlib.ila_0_xsdbs_v1_0_2_reg_p2s__para...
Compiling module xil_defaultlib.ila_0_xsdbs_v1_0_2_reg_p2s__para...
Compiling module xil_defaultlib.ila_0_xsdbs_v1_0_2_reg_p2s__para...
Compiling module xil_defaultlib.ila_0_xsdbs_v1_0_2_reg_p2s__para...
Compiling module xil_defaultlib.ila_0_xsdbs_v1_0_2_reg_p2s__para...
Compiling module xil_defaultlib.ila_0_xsdbs_v1_0_2_reg_p2s__para...
Compiling module xil_defaultlib.ila_0_xsdbs_v1_0_2_reg_p2s__para...
Compiling module xil_defaultlib.ila_0_xsdbs_v1_0_2_reg_p2s__para...
Compiling module xil_defaultlib.ila_0_xsdbs_v1_0_2_reg_p2s__para...
Compiling module xil_defaultlib.ila_0_xsdbs_v1_0_2_reg_p2s__para...
Compiling module xil_defaultlib.ila_0_xsdbs_v1_0_2_reg_p2s__para...
Compiling module xil_defaultlib.ila_0_xsdbs_v1_0_2_reg_p2s__para...
Compiling module xil_defaultlib.ila_0_xsdbs_v1_0_2_reg_p2s__para...
Compiling module xil_defaultlib.ila_0_xsdbs_v1_0_2_reg_p2s__para...
Compiling module xil_defaultlib.ila_0_xsdbs_v1_0_2_reg_p2s__para...
Compiling module xil_defaultlib.ila_0_xsdbs_v1_0_2_reg_p2s__para...
Compiling module xil_defaultlib.ila_0_xsdbs_v1_0_2_reg_p2s__para...
Compiling module xil_defaultlib.ila_0_xsdbs_v1_0_2_reg_p2s__para...
Compiling module xil_defaultlib.ila_0_xsdbs_v1_0_2_reg_p2s__para...
Compiling module xil_defaultlib.ila_0_xsdbs_v1_0_2_reg_p2s__para...
Compiling module xil_defaultlib.ila_0_xsdbs_v1_0_2_reg_p2s__para...
Compiling module xil_defaultlib.ila_0_xsdbs_v1_0_2_reg_p2s__para...
Compiling module xil_defaultlib.ila_0_xsdbs_v1_0_2_reg_p2s__para...
Compiling module xil_defaultlib.ila_0_xsdbs_v1_0_2_reg_p2s__para...
Compiling module xil_defaultlib.ila_0_xsdbs_v1_0_2_reg_p2s__para...
Compiling module xil_defaultlib.ila_0_xsdbs_v1_0_2_reg_p2s__para...
Compiling module xil_defaultlib.ila_0_xsdbs_v1_0_2_reg_p2s__para...
Compiling module xil_defaultlib.ila_0_xsdbs_v1_0_2_reg_p2s__para...
Compiling module xil_defaultlib.ila_0_xsdbs_v1_0_2_reg_p2s__para...
Compiling module xil_defaultlib.ila_0_xsdbs_v1_0_2_reg_p2s__para...
Compiling module xil_defaultlib.ila_0_xsdbs_v1_0_2_reg_p2s__para...
Compiling module xil_defaultlib.ila_0_xsdbs_v1_0_2_xsdbs
Compiling module xil_defaultlib.ila_0_xsdbs_v1_0_2_reg_ctl_165
Compiling module xil_defaultlib.ila_0_xsdbs_v1_0_2_reg__paramete...
Compiling module xil_defaultlib.ila_0_xsdbs_v1_0_2_reg_ctl_164
Compiling module xil_defaultlib.ila_0_xsdbs_v1_0_2_reg__paramete...
Compiling module xil_defaultlib.ila_0_xsdbs_v1_0_2_reg_ctl_163
Compiling module xil_defaultlib.ila_0_xsdbs_v1_0_2_reg__paramete...
Compiling module xil_defaultlib.ila_0_xsdbs_v1_0_2_reg_ctl_162
Compiling module xil_defaultlib.ila_0_xsdbs_v1_0_2_reg__paramete...
Compiling module xil_defaultlib.ila_0_xsdbs_v1_0_2_reg_ctl_161
Compiling module xil_defaultlib.ila_0_xsdbs_v1_0_2_reg__paramete...
Compiling module xil_defaultlib.ila_0_xsdbs_v1_0_2_reg_ctl__para...
Compiling module xil_defaultlib.ila_0_xsdbs_v1_0_2_reg__paramete...
Compiling module xil_defaultlib.ila_0_xsdbs_v1_0_2_reg_ctl_160
Compiling module xil_defaultlib.ila_0_xsdbs_v1_0_2_reg__paramete...
Compiling module xil_defaultlib.ila_0_xsdbs_v1_0_2_reg_ctl__para...
Compiling module xil_defaultlib.ila_0_xsdbs_v1_0_2_reg__paramete...
Compiling module xil_defaultlib.ila_0_xsdbs_v1_0_2_reg_stat_159
Compiling module xil_defaultlib.ila_0_xsdbs_v1_0_2_reg__paramete...
Compiling module xil_defaultlib.ila_0_xsdbs_v1_0_2_reg_ctl__para...
Compiling module xil_defaultlib.ila_0_xsdbs_v1_0_2_reg__paramete...
Compiling module xil_defaultlib.ila_0_xsdbs_v1_0_2_reg_ctl_157
Compiling module xil_defaultlib.ila_0_xsdbs_v1_0_2_reg__paramete...
Compiling module xil_defaultlib.ila_0_xsdbs_v1_0_2_reg_ctl__para...
Compiling module xil_defaultlib.ila_0_xsdbs_v1_0_2_reg__paramete...
Compiling module xil_defaultlib.ila_0_xsdbs_v1_0_2_reg_ctl_156
Compiling module xil_defaultlib.ila_0_xsdbs_v1_0_2_reg__paramete...
Compiling module xil_defaultlib.ila_0_xsdbs_v1_0_2_reg_ctl_155
Compiling module xil_defaultlib.ila_0_xsdbs_v1_0_2_reg__paramete...
Compiling module xil_defaultlib.ila_0_xsdbs_v1_0_2_reg_ctl_154
Compiling module xil_defaultlib.ila_0_xsdbs_v1_0_2_reg__paramete...
Compiling module xil_defaultlib.ila_0_xsdbs_v1_0_2_reg_stat_153
Compiling module xil_defaultlib.ila_0_xsdbs_v1_0_2_reg__paramete...
Compiling module xil_defaultlib.ila_0_xsdbs_v1_0_2_reg_stat_152
Compiling module xil_defaultlib.ila_0_xsdbs_v1_0_2_reg__paramete...
Compiling module xil_defaultlib.ila_0_xsdbs_v1_0_2_reg_stat_151
Compiling module xil_defaultlib.ila_0_xsdbs_v1_0_2_reg__paramete...
Compiling module xil_defaultlib.ila_0_xsdbs_v1_0_2_reg_stat_168
Compiling module xil_defaultlib.ila_0_xsdbs_v1_0_2_reg__paramete...
Compiling module xil_defaultlib.ila_0_xsdbs_v1_0_2_reg_stat_150
Compiling module xil_defaultlib.ila_0_xsdbs_v1_0_2_reg__paramete...
Compiling module xil_defaultlib.ila_0_xsdbs_v1_0_2_reg_stat_149
Compiling module xil_defaultlib.ila_0_xsdbs_v1_0_2_reg__paramete...
Compiling module xil_defaultlib.ila_0_xsdbs_v1_0_2_reg_p2s__para...
Compiling module xil_defaultlib.ila_0_xsdbs_v1_0_2_reg_ctl
Compiling module xil_defaultlib.ila_0_xsdbs_v1_0_2_reg_stream__p...
Compiling module xil_defaultlib.ila_0_xsdbs_v1_0_2_reg_stat
Compiling module xil_defaultlib.ila_0_xsdbs_v1_0_2_reg_stream__p...
Compiling module xil_defaultlib.ila_0_ila_v6_2_5_ila_register
Compiling module xil_defaultlib.ila_0_ltlib_v1_0_0_rising_edge_d...
Compiling module xil_defaultlib.ila_0_ltlib_v1_0_0_async_edge_xf...
Compiling module xil_defaultlib.ila_0_ltlib_v1_0_0_async_edge_xf...
Compiling module xil_defaultlib.ila_0_ltlib_v1_0_0_async_edge_xf...
Compiling module xil_defaultlib.ila_0_ltlib_v1_0_0_async_edge_xf...
Compiling module xil_defaultlib.ila_0_ltlib_v1_0_0_rising_edge_d...
Compiling module xil_defaultlib.ila_0_ila_v6_2_5_ila_reset_ctrl
Compiling module xil_defaultlib.CFGLUT5_HD423
Compiling module xil_defaultlib.CFGLUT5_HD424
Compiling module xil_defaultlib.CFGLUT5_HD425
Compiling module xil_defaultlib.CFGLUT5_HD426
Compiling module xil_defaultlib.ila_0_ltlib_v1_0_0_all_typeA_sli...
Compiling module xil_defaultlib.ila_0_ltlib_v1_0_0_all_typeA_143
Compiling module xil_defaultlib.ila_0_ltlib_v1_0_0_allx_typeA_14...
Compiling module xil_defaultlib.ila_0_ltlib_v1_0_0_match
Compiling module xil_defaultlib.CFGLUT5_HD427
Compiling module xil_defaultlib.CFGLUT5_HD428
Compiling module xil_defaultlib.CFGLUT5_HD429
Compiling module xil_defaultlib.CFGLUT5_HD430
Compiling module xil_defaultlib.ila_0_ltlib_v1_0_0_all_typeA_sli...
Compiling module xil_defaultlib.ila_0_ltlib_v1_0_0_all_typeA_140
Compiling module xil_defaultlib.ila_0_ltlib_v1_0_0_allx_typeA_13...
Compiling module xil_defaultlib.ila_0_ltlib_v1_0_0_match_0
Compiling module xil_defaultlib.CFGLUT5_HD431
Compiling module xil_defaultlib.CFGLUT5_HD432
Compiling module xil_defaultlib.CFGLUT5_HD433
Compiling module xil_defaultlib.CFGLUT5_HD434
Compiling module xil_defaultlib.ila_0_ltlib_v1_0_0_all_typeA_sli...
Compiling module xil_defaultlib.ila_0_ltlib_v1_0_0_all_typeA_137
Compiling module xil_defaultlib.ila_0_ltlib_v1_0_0_allx_typeA_13...
Compiling module xil_defaultlib.ila_0_ltlib_v1_0_0_match_1
Compiling module xil_defaultlib.CFGLUT5_HD435
Compiling module xil_defaultlib.CFGLUT5_HD436
Compiling module xil_defaultlib.CFGLUT5_HD437
Compiling module xil_defaultlib.CFGLUT5_HD438
Compiling module xil_defaultlib.ila_0_ltlib_v1_0_0_all_typeA_sli...
Compiling module xil_defaultlib.ila_0_ltlib_v1_0_0_all_typeA_134
Compiling module xil_defaultlib.ila_0_ltlib_v1_0_0_allx_typeA_13...
Compiling module xil_defaultlib.ila_0_ltlib_v1_0_0_match_2
Compiling module xil_defaultlib.CFGLUT5_HD439
Compiling module xil_defaultlib.CFGLUT5_HD440
Compiling module xil_defaultlib.CFGLUT5_HD441
Compiling module xil_defaultlib.CFGLUT5_HD442
Compiling module xil_defaultlib.ila_0_ltlib_v1_0_0_all_typeA_sli...
Compiling module xil_defaultlib.ila_0_ltlib_v1_0_0_all_typeA_131
Compiling module xil_defaultlib.ila_0_ltlib_v1_0_0_allx_typeA_13...
Compiling module xil_defaultlib.ila_0_ltlib_v1_0_0_match_3
Compiling module xil_defaultlib.CFGLUT5_HD443
Compiling module xil_defaultlib.CFGLUT5_HD444
Compiling module xil_defaultlib.CFGLUT5_HD445
Compiling module xil_defaultlib.CFGLUT5_HD446
Compiling module xil_defaultlib.ila_0_ltlib_v1_0_0_all_typeA_sli...
Compiling module xil_defaultlib.ila_0_ltlib_v1_0_0_all_typeA_128
Compiling module xil_defaultlib.ila_0_ltlib_v1_0_0_allx_typeA_12...
Compiling module xil_defaultlib.ila_0_ltlib_v1_0_0_match_4
Compiling module xil_defaultlib.CFGLUT5_HD447
Compiling module xil_defaultlib.CFGLUT5_HD448
Compiling module xil_defaultlib.CFGLUT5_HD449
Compiling module xil_defaultlib.CFGLUT5_HD450
Compiling module xil_defaultlib.ila_0_ltlib_v1_0_0_all_typeA_sli...
Compiling module xil_defaultlib.ila_0_ltlib_v1_0_0_all_typeA_125
Compiling module xil_defaultlib.ila_0_ltlib_v1_0_0_allx_typeA_12...
Compiling module xil_defaultlib.ila_0_ltlib_v1_0_0_match_5
Compiling module xil_defaultlib.CFGLUT5_HD451
Compiling module xil_defaultlib.CFGLUT5_HD452
Compiling module xil_defaultlib.CFGLUT5_HD453
Compiling module xil_defaultlib.CFGLUT5_HD454
Compiling module xil_defaultlib.ila_0_ltlib_v1_0_0_all_typeA_sli...
Compiling module xil_defaultlib.ila_0_ltlib_v1_0_0_all_typeA_122
Compiling module xil_defaultlib.ila_0_ltlib_v1_0_0_allx_typeA_12...
Compiling module xil_defaultlib.ila_0_ltlib_v1_0_0_match_6
Compiling module xil_defaultlib.CFGLUT5_HD455
Compiling module xil_defaultlib.CFGLUT5_HD456
Compiling module xil_defaultlib.CFGLUT5_HD457
Compiling module xil_defaultlib.CFGLUT5_HD458
Compiling module xil_defaultlib.ila_0_ltlib_v1_0_0_all_typeA_sli...
Compiling module xil_defaultlib.ila_0_ltlib_v1_0_0_all_typeA_119
Compiling module xil_defaultlib.ila_0_ltlib_v1_0_0_allx_typeA_11...
Compiling module xil_defaultlib.ila_0_ltlib_v1_0_0_match_7
Compiling module xil_defaultlib.CFGLUT5_HD459
Compiling module xil_defaultlib.CFGLUT5_HD460
Compiling module xil_defaultlib.CFGLUT5_HD461
Compiling module xil_defaultlib.CFGLUT5_HD462
Compiling module xil_defaultlib.ila_0_ltlib_v1_0_0_all_typeA_sli...
Compiling module xil_defaultlib.ila_0_ltlib_v1_0_0_all_typeA_116
Compiling module xil_defaultlib.ila_0_ltlib_v1_0_0_allx_typeA_11...
Compiling module xil_defaultlib.ila_0_ltlib_v1_0_0_match_8
Compiling module xil_defaultlib.CFGLUT5_HD463
Compiling module xil_defaultlib.CFGLUT5_HD464
Compiling module xil_defaultlib.CFGLUT5_HD465
Compiling module xil_defaultlib.CFGLUT5_HD466
Compiling module xil_defaultlib.ila_0_ltlib_v1_0_0_all_typeA_sli...
Compiling module xil_defaultlib.ila_0_ltlib_v1_0_0_all_typeA_113
Compiling module xil_defaultlib.ila_0_ltlib_v1_0_0_allx_typeA_11...
Compiling module xil_defaultlib.ila_0_ltlib_v1_0_0_match_9
Compiling module xil_defaultlib.CFGLUT5_HD467
Compiling module xil_defaultlib.CFGLUT5_HD468
Compiling module xil_defaultlib.CFGLUT5_HD469
Compiling module xil_defaultlib.CFGLUT5_HD470
Compiling module xil_defaultlib.ila_0_ltlib_v1_0_0_all_typeA_sli...
Compiling module xil_defaultlib.ila_0_ltlib_v1_0_0_all_typeA_110
Compiling module xil_defaultlib.ila_0_ltlib_v1_0_0_allx_typeA_10...
Compiling module xil_defaultlib.ila_0_ltlib_v1_0_0_match_10
Compiling module xil_defaultlib.CFGLUT5_HD471
Compiling module xil_defaultlib.CFGLUT5_HD472
Compiling module xil_defaultlib.CFGLUT5_HD473
Compiling module xil_defaultlib.CFGLUT5_HD474
Compiling module xil_defaultlib.ila_0_ltlib_v1_0_0_all_typeA_sli...
Compiling module xil_defaultlib.ila_0_ltlib_v1_0_0_all_typeA_107
Compiling module xil_defaultlib.ila_0_ltlib_v1_0_0_allx_typeA_10...
Compiling module xil_defaultlib.ila_0_ltlib_v1_0_0_match_11
Compiling module xil_defaultlib.CFGLUT5_HD475
Compiling module xil_defaultlib.CFGLUT5_HD476
Compiling module xil_defaultlib.CFGLUT5_HD477
Compiling module xil_defaultlib.CFGLUT5_HD478
Compiling module xil_defaultlib.ila_0_ltlib_v1_0_0_all_typeA_sli...
Compiling module xil_defaultlib.ila_0_ltlib_v1_0_0_all_typeA_104
Compiling module xil_defaultlib.ila_0_ltlib_v1_0_0_allx_typeA_10...
Compiling module xil_defaultlib.ila_0_ltlib_v1_0_0_match_12
Compiling module xil_defaultlib.CFGLUT5_HD479
Compiling module xil_defaultlib.CFGLUT5_HD480
Compiling module xil_defaultlib.CFGLUT5_HD481
Compiling module xil_defaultlib.CFGLUT5_HD482
Compiling module xil_defaultlib.ila_0_ltlib_v1_0_0_all_typeA_sli...
Compiling module xil_defaultlib.ila_0_ltlib_v1_0_0_all_typeA_101
Compiling module xil_defaultlib.ila_0_ltlib_v1_0_0_allx_typeA_10...
Compiling module xil_defaultlib.ila_0_ltlib_v1_0_0_match_13
Compiling module xil_defaultlib.CFGLUT5_HD483
Compiling module xil_defaultlib.CFGLUT5_HD484
Compiling module xil_defaultlib.CFGLUT5_HD485
Compiling module xil_defaultlib.CFGLUT5_HD486
Compiling module xil_defaultlib.ila_0_ltlib_v1_0_0_all_typeA_sli...
Compiling module xil_defaultlib.ila_0_ltlib_v1_0_0_all_typeA_98
Compiling module xil_defaultlib.ila_0_ltlib_v1_0_0_allx_typeA_97
Compiling module xil_defaultlib.ila_0_ltlib_v1_0_0_match_14
Compiling module xil_defaultlib.CFGLUT5_HD487
Compiling module xil_defaultlib.CFGLUT5_HD488
Compiling module xil_defaultlib.CFGLUT5_HD489
Compiling module xil_defaultlib.CFGLUT5_HD490
Compiling module xil_defaultlib.ila_0_ltlib_v1_0_0_all_typeA_sli...
Compiling module xil_defaultlib.ila_0_ltlib_v1_0_0_all_typeA_95
Compiling module xil_defaultlib.ila_0_ltlib_v1_0_0_allx_typeA_94
Compiling module xil_defaultlib.ila_0_ltlib_v1_0_0_match_15
Compiling module xil_defaultlib.CFGLUT5_HD491
Compiling module xil_defaultlib.CFGLUT5_HD492
Compiling module xil_defaultlib.CFGLUT5_HD493
Compiling module xil_defaultlib.CFGLUT5_HD494
Compiling module xil_defaultlib.ila_0_ltlib_v1_0_0_all_typeA_sli...
Compiling module xil_defaultlib.ila_0_ltlib_v1_0_0_all_typeA_92
Compiling module xil_defaultlib.ila_0_ltlib_v1_0_0_allx_typeA_91
Compiling module xil_defaultlib.ila_0_ltlib_v1_0_0_match_16
Compiling module xil_defaultlib.CFGLUT5_HD495
Compiling module xil_defaultlib.CFGLUT5_HD496
Compiling module xil_defaultlib.CFGLUT5_HD497
Compiling module xil_defaultlib.CFGLUT5_HD498
Compiling module xil_defaultlib.ila_0_ltlib_v1_0_0_all_typeA_sli...
Compiling module xil_defaultlib.ila_0_ltlib_v1_0_0_all_typeA_89
Compiling module xil_defaultlib.ila_0_ltlib_v1_0_0_allx_typeA_88
Compiling module xil_defaultlib.ila_0_ltlib_v1_0_0_match_17
Compiling module xil_defaultlib.CFGLUT5_HD499
Compiling module xil_defaultlib.CFGLUT5_HD500
Compiling module xil_defaultlib.CFGLUT5_HD501
Compiling module xil_defaultlib.CFGLUT5_HD502
Compiling module xil_defaultlib.ila_0_ltlib_v1_0_0_all_typeA_sli...
Compiling module xil_defaultlib.ila_0_ltlib_v1_0_0_all_typeA_86
Compiling module xil_defaultlib.ila_0_ltlib_v1_0_0_allx_typeA_85
Compiling module xil_defaultlib.ila_0_ltlib_v1_0_0_match_18
Compiling module xil_defaultlib.CFGLUT5_HD503
Compiling module xil_defaultlib.CFGLUT5_HD504
Compiling module xil_defaultlib.CFGLUT5_HD505
Compiling module xil_defaultlib.CFGLUT5_HD506
Compiling module xil_defaultlib.ila_0_ltlib_v1_0_0_all_typeA_sli...
Compiling module xil_defaultlib.ila_0_ltlib_v1_0_0_all_typeA_83
Compiling module xil_defaultlib.ila_0_ltlib_v1_0_0_allx_typeA_82
Compiling module xil_defaultlib.ila_0_ltlib_v1_0_0_match_19
Compiling module xil_defaultlib.CFGLUT5_HD507
Compiling module xil_defaultlib.CFGLUT5_HD508
Compiling module xil_defaultlib.CFGLUT5_HD509
Compiling module xil_defaultlib.CFGLUT5_HD510
Compiling module xil_defaultlib.ila_0_ltlib_v1_0_0_all_typeA_sli...
Compiling module xil_defaultlib.ila_0_ltlib_v1_0_0_all_typeA_80
Compiling module xil_defaultlib.ila_0_ltlib_v1_0_0_allx_typeA_79
Compiling module xil_defaultlib.ila_0_ltlib_v1_0_0_match_20
Compiling module xil_defaultlib.CFGLUT5_HD511
Compiling module xil_defaultlib.CFGLUT5_HD512
Compiling module xil_defaultlib.CFGLUT5_HD513
Compiling module xil_defaultlib.CFGLUT5_HD514
Compiling module xil_defaultlib.ila_0_ltlib_v1_0_0_all_typeA_sli...
Compiling module xil_defaultlib.ila_0_ltlib_v1_0_0_all_typeA_77
Compiling module xil_defaultlib.ila_0_ltlib_v1_0_0_allx_typeA_76
Compiling module xil_defaultlib.ila_0_ltlib_v1_0_0_match_21
Compiling module xil_defaultlib.CFGLUT5_HD515
Compiling module xil_defaultlib.CFGLUT5_HD516
Compiling module xil_defaultlib.CFGLUT5_HD517
Compiling module xil_defaultlib.CFGLUT5_HD518
Compiling module xil_defaultlib.ila_0_ltlib_v1_0_0_all_typeA_sli...
Compiling module xil_defaultlib.ila_0_ltlib_v1_0_0_all_typeA_74
Compiling module xil_defaultlib.ila_0_ltlib_v1_0_0_allx_typeA_73
Compiling module xil_defaultlib.ila_0_ltlib_v1_0_0_match_22
Compiling module xil_defaultlib.CFGLUT5_HD519
Compiling module xil_defaultlib.CFGLUT5_HD520
Compiling module xil_defaultlib.CFGLUT5_HD521
Compiling module xil_defaultlib.CFGLUT5_HD522
Compiling module xil_defaultlib.ila_0_ltlib_v1_0_0_all_typeA_sli...
Compiling module xil_defaultlib.ila_0_ltlib_v1_0_0_all_typeA_71
Compiling module xil_defaultlib.ila_0_ltlib_v1_0_0_allx_typeA_70
Compiling module xil_defaultlib.ila_0_ltlib_v1_0_0_match_23
Compiling module xil_defaultlib.CFGLUT5_HD523
Compiling module xil_defaultlib.CFGLUT5_HD524
Compiling module xil_defaultlib.CFGLUT5_HD525
Compiling module xil_defaultlib.CFGLUT5_HD526
Compiling module xil_defaultlib.ila_0_ltlib_v1_0_0_all_typeA_sli...
Compiling module xil_defaultlib.ila_0_ltlib_v1_0_0_all_typeA_68
Compiling module xil_defaultlib.ila_0_ltlib_v1_0_0_allx_typeA_67
Compiling module xil_defaultlib.ila_0_ltlib_v1_0_0_match_24
Compiling module xil_defaultlib.CFGLUT5_HD527
Compiling module xil_defaultlib.CFGLUT5_HD528
Compiling module xil_defaultlib.CFGLUT5_HD529
Compiling module xil_defaultlib.CFGLUT5_HD530
Compiling module xil_defaultlib.ila_0_ltlib_v1_0_0_all_typeA_sli...
Compiling module xil_defaultlib.ila_0_ltlib_v1_0_0_all_typeA_65
Compiling module xil_defaultlib.ila_0_ltlib_v1_0_0_allx_typeA_64
Compiling module xil_defaultlib.ila_0_ltlib_v1_0_0_match_25
Compiling module xil_defaultlib.CFGLUT5_HD531
Compiling module xil_defaultlib.CFGLUT5_HD532
Compiling module xil_defaultlib.CFGLUT5_HD533
Compiling module xil_defaultlib.CFGLUT5_HD534
Compiling module xil_defaultlib.ila_0_ltlib_v1_0_0_all_typeA_sli...
Compiling module xil_defaultlib.ila_0_ltlib_v1_0_0_all_typeA_62
Compiling module xil_defaultlib.ila_0_ltlib_v1_0_0_allx_typeA_61
Compiling module xil_defaultlib.ila_0_ltlib_v1_0_0_match_26
Compiling module xil_defaultlib.CFGLUT5_HD535
Compiling module xil_defaultlib.CFGLUT5_HD536
Compiling module xil_defaultlib.CFGLUT5_HD537
Compiling module xil_defaultlib.CFGLUT5_HD538
Compiling module xil_defaultlib.ila_0_ltlib_v1_0_0_all_typeA_sli...
Compiling module xil_defaultlib.ila_0_ltlib_v1_0_0_all_typeA_59
Compiling module xil_defaultlib.ila_0_ltlib_v1_0_0_allx_typeA_58
Compiling module xil_defaultlib.ila_0_ltlib_v1_0_0_match_27
Compiling module xil_defaultlib.CFGLUT5_HD539
Compiling module xil_defaultlib.CFGLUT5_HD540
Compiling module xil_defaultlib.CFGLUT5_HD541
Compiling module xil_defaultlib.CFGLUT5_HD542
Compiling module xil_defaultlib.ila_0_ltlib_v1_0_0_all_typeA_sli...
Compiling module xil_defaultlib.ila_0_ltlib_v1_0_0_all_typeA_56
Compiling module xil_defaultlib.ila_0_ltlib_v1_0_0_allx_typeA_55
Compiling module xil_defaultlib.ila_0_ltlib_v1_0_0_match_28
Compiling module xil_defaultlib.CFGLUT5_HD543
Compiling module xil_defaultlib.CFGLUT5_HD544
Compiling module xil_defaultlib.CFGLUT5_HD545
Compiling module xil_defaultlib.CFGLUT5_HD546
Compiling module xil_defaultlib.ila_0_ltlib_v1_0_0_all_typeA_sli...
Compiling module xil_defaultlib.ila_0_ltlib_v1_0_0_all_typeA_53
Compiling module xil_defaultlib.ila_0_ltlib_v1_0_0_allx_typeA_52
Compiling module xil_defaultlib.ila_0_ltlib_v1_0_0_match_29
Compiling module xil_defaultlib.CFGLUT5_HD547
Compiling module xil_defaultlib.CFGLUT5_HD548
Compiling module xil_defaultlib.CFGLUT5_HD549
Compiling module xil_defaultlib.CFGLUT5_HD550
Compiling module xil_defaultlib.ila_0_ltlib_v1_0_0_all_typeA_sli...
Compiling module xil_defaultlib.ila_0_ltlib_v1_0_0_all_typeA_50
Compiling module xil_defaultlib.ila_0_ltlib_v1_0_0_allx_typeA
Compiling module xil_defaultlib.ila_0_ltlib_v1_0_0_match_30
Compiling module xil_defaultlib.CFGLUT5_HD551
Compiling module xil_defaultlib.CFGLUT5_HD552
Compiling module xil_defaultlib.CFGLUT5_HD553
Compiling module xil_defaultlib.CFGLUT5_HD554
Compiling module xil_defaultlib.ila_0_ltlib_v1_0_0_all_typeA_sli...
Compiling module xil_defaultlib.ila_0_ltlib_v1_0_0_all_typeA_48
Compiling module xil_defaultlib.ila_0_ltlib_v1_0_0_allx_typeA__p...
Compiling module xil_defaultlib.ila_0_ltlib_v1_0_0_match__parame...
Compiling module xil_defaultlib.CFGLUT5_HD555
Compiling module xil_defaultlib.CFGLUT5_HD556
Compiling module xil_defaultlib.CFGLUT5_HD557
Compiling module xil_defaultlib.CFGLUT5_HD558
Compiling module xil_defaultlib.ila_0_ltlib_v1_0_0_all_typeA_sli...
Compiling module xil_defaultlib.ila_0_ltlib_v1_0_0_all_typeA_45
Compiling module xil_defaultlib.ila_0_ltlib_v1_0_0_allx_typeA__p...
Compiling module xil_defaultlib.ila_0_ltlib_v1_0_0_match__parame...
Compiling module xil_defaultlib.CFGLUT5_HD559
Compiling module xil_defaultlib.CFGLUT5_HD560
Compiling module xil_defaultlib.CFGLUT5_HD561
Compiling module xil_defaultlib.CFGLUT5_HD562
Compiling module xil_defaultlib.ila_0_ltlib_v1_0_0_all_typeA_sli...
Compiling module xil_defaultlib.ila_0_ltlib_v1_0_0_all_typeA_42
Compiling module xil_defaultlib.ila_0_ltlib_v1_0_0_allx_typeA__p...
Compiling module xil_defaultlib.ila_0_ltlib_v1_0_0_match__parame...
Compiling module xil_defaultlib.CFGLUT5_HD563
Compiling module xil_defaultlib.CFGLUT5_HD564
Compiling module xil_defaultlib.CFGLUT5_HD565
Compiling module xil_defaultlib.CFGLUT5_HD566
Compiling module xil_defaultlib.ila_0_ltlib_v1_0_0_all_typeA_sli...
Compiling module xil_defaultlib.ila_0_ltlib_v1_0_0_all_typeA_39
Compiling module xil_defaultlib.ila_0_ltlib_v1_0_0_allx_typeA__p...
Compiling module xil_defaultlib.ila_0_ltlib_v1_0_0_match__parame...
Compiling module xil_defaultlib.CFGLUT5_HD567
Compiling module xil_defaultlib.CFGLUT5_HD568
Compiling module xil_defaultlib.CFGLUT5_HD569
Compiling module xil_defaultlib.CFGLUT5_HD570
Compiling module xil_defaultlib.ila_0_ltlib_v1_0_0_all_typeA_sli...
Compiling module xil_defaultlib.CFGLUT5_HD571
Compiling module xil_defaultlib.CFGLUT5_HD572
Compiling module xil_defaultlib.CFGLUT5_HD573
Compiling module xil_defaultlib.CFGLUT5_HD574
Compiling module xil_defaultlib.ila_0_ltlib_v1_0_0_all_typeA_sli...
Compiling module xil_defaultlib.ila_0_ltlib_v1_0_0_all_typeA__pa...
Compiling module xil_defaultlib.ila_0_ltlib_v1_0_0_allx_typeA__p...
Compiling module xil_defaultlib.ila_0_ltlib_v1_0_0_match__parame...
Compiling module xil_defaultlib.CFGLUT5_HD575
Compiling module xil_defaultlib.CFGLUT5_HD576
Compiling module xil_defaultlib.CFGLUT5_HD577
Compiling module xil_defaultlib.CFGLUT5_HD578
Compiling module xil_defaultlib.ila_0_ltlib_v1_0_0_all_typeA_sli...
Compiling module xil_defaultlib.ila_0_ltlib_v1_0_0_all_typeA_35
Compiling module xil_defaultlib.ila_0_ltlib_v1_0_0_allx_typeA__p...
Compiling module xil_defaultlib.ila_0_ltlib_v1_0_0_match__parame...
Compiling module xil_defaultlib.CFGLUT5_HD579
Compiling module xil_defaultlib.CFGLUT5_HD580
Compiling module xil_defaultlib.CFGLUT5_HD581
Compiling module xil_defaultlib.CFGLUT5_HD582
Compiling module xil_defaultlib.ila_0_ltlib_v1_0_0_all_typeA_sli...
Compiling module xil_defaultlib.ila_0_ltlib_v1_0_0_all_typeA
Compiling module xil_defaultlib.ila_0_ltlib_v1_0_0_allx_typeA__p...
Compiling module xil_defaultlib.ila_0_ltlib_v1_0_0_match__parame...
Compiling module xil_defaultlib.ila_0_ila_v6_2_5_ila_trig_match
Compiling module simprims_ver.MUXF8
Compiling module xil_defaultlib.ila_0_ila_v6_2_5_ila_trigger
Compiling module xil_defaultlib.ila_0_ltlib_v1_0_0_generic_memrd
Compiling module xil_defaultlib.ila_0_ila_v6_2_5_ila_core
Compiling module xil_defaultlib.ila_0_ila_v6_2_5_ila
Compiling module xil_defaultlib.ila_0
Compiling module xil_defaultlib.clk_div
Compiling module xil_defaultlib.rgb2gray
Compiling module xil_defaultlib.top
Compiling module xil_defaultlib.cam_sys_tb
Compiling module xil_defaultlib.glbl
Built simulation snapshot cam_sys_tb_time_impl
