Vivado Simulator 2017.4
Copyright 1986-1999, 2001-2016 Xilinx, Inc. All Rights Reserved.
Running: D:/Xilinx/Vivado/2017.4/bin/unwrapped/win64.o/xelab.exe -wto 1c32db43249146068bcd5191a23ad8c0 --incr --debug typical --relax --mt 2 --maxdelay -L xil_defaultlib -L xilinx_vip -L simprims_ver -L secureip --snapshot design_2_wrapper_time_impl -transport_int_delays -pulse_r 0 -pulse_int_r 0 -pulse_e 0 -pulse_int_e 0 xil_defaultlib.design_2_wrapper xil_defaultlib.glbl -log elaborate.log 
Using 2 slave threads.
Starting static elaboration
Completed static elaboration
Starting simulation data flow analysis
Completed simulation data flow analysis
INFO: [XSIM 43-3451] SDF backannotation process started with SDF file "design_2_wrapper_time_impl.sdf", for root module "design_2_wrapper".
INFO: [XSIM 43-3452] SDF backannotation was successful for SDF file "design_2_wrapper_time_impl.sdf", for root module "design_2_wrapper".
Time Resolution for simulation is 1ps
Compiling module simprims_ver.x_lut2_mux4
Compiling module simprims_ver.LUT2
Compiling module simprims_ver.FDRE_default
Compiling module simprims_ver.x_lut3_mux8
Compiling module simprims_ver.LUT3
Compiling module simprims_ver.x_lut1_mux2
Compiling module simprims_ver.LUT1
Compiling module simprims_ver.LUT4
Compiling module simprims_ver.LUT5
Compiling module simprims_ver.LUT6
Compiling module simprims_ver.FDRE(INIT=1'b1)
Compiling module xil_defaultlib.design_2_cam_reg_config_0_0_cam_...
Compiling module xil_defaultlib.design_2_cam_reg_config_0_0
Compiling module simprims_ver.RB18_INTERNAL_VLOG(RDADDR_COLLIS...
Compiling module simprims_ver.RAMB18E1(INIT_00=256'b0101010011...
Compiling module xil_defaultlib.design_2_camera_reg_0_0_camera_r...
Compiling module xil_defaultlib.design_2_camera_reg_0_0
Compiling module simprims_ver.BIBUF
Compiling module simprims_ver.PS7
Compiling module simprims_ver.BUFG
Compiling module xil_defaultlib.design_2_processing_system7_0_2_...
Compiling module xil_defaultlib.design_2_processing_system7_0_2
Compiling module xil_defaultlib.design_2_sccb_interface_0_0_sccb...
Compiling module xil_defaultlib.design_2_sccb_interface_0_0
Compiling module xil_defaultlib.design_2
Compiling module simprims_ver.OBUF
Compiling module xil_defaultlib.design_2_wrapper
Compiling module xil_defaultlib.glbl
Built simulation snapshot design_2_wrapper_time_impl
